{"/Users/amachhab/Documents/code/inquire-v2/src/app.js":{"path":"/Users/amachhab/Documents/code/inquire-v2/src/app.js","statementMap":{"0":{"start":{"line":1,"column":13},"end":{"line":1,"column":28}},"1":{"start":{"line":2,"column":16},"end":{"line":2,"column":40}},"2":{"start":{"line":3,"column":17},"end":{"line":3,"column":39}},"3":{"start":{"line":4,"column":13},"end":{"line":4,"column":28}},"4":{"start":{"line":5,"column":15},"end":{"line":5,"column":32}},"5":{"start":{"line":6,"column":15},"end":{"line":6,"column":33}},"6":{"start":{"line":8,"column":17},"end":{"line":8,"column":48}},"7":{"start":{"line":9,"column":22},"end":{"line":9,"column":58}},"8":{"start":{"line":10,"column":16},"end":{"line":10,"column":46}},"9":{"start":{"line":11,"column":17},"end":{"line":11,"column":48}},"10":{"start":{"line":13,"column":19},"end":{"line":13,"column":42}},"11":{"start":{"line":14,"column":17},"end":{"line":14,"column":38}},"12":{"start":{"line":15,"column":17},"end":{"line":15,"column":39}},"13":{"start":{"line":16,"column":17},"end":{"line":16,"column":38}},"14":{"start":{"line":18,"column":17},"end":{"line":18,"column":38}},"15":{"start":{"line":20,"column":23},"end":{"line":20,"column":50}},"16":{"start":{"line":22,"column":12},"end":{"line":22,"column":31}},"17":{"start":{"line":25,"column":0},"end":{"line":25,"column":31}},"18":{"start":{"line":27,"column":0},"end":{"line":27,"column":16}},"19":{"start":{"line":28,"column":0},"end":{"line":28,"column":18}},"20":{"start":{"line":29,"column":0},"end":{"line":29,"column":20}},"21":{"start":{"line":30,"column":0},"end":{"line":30,"column":24}},"22":{"start":{"line":31,"column":0},"end":{"line":31,"column":48}},"23":{"start":{"line":32,"column":0},"end":{"line":32,"column":62}},"24":{"start":{"line":34,"column":0},"end":{"line":34,"column":48}},"25":{"start":{"line":46,"column":0},"end":{"line":46,"column":30}},"26":{"start":{"line":47,"column":0},"end":{"line":47,"column":26}},"27":{"start":{"line":49,"column":0},"end":{"line":49,"column":24}},"28":{"start":{"line":52,"column":0},"end":{"line":52,"column":26}},"29":{"start":{"line":53,"column":0},"end":{"line":53,"column":30}},"30":{"start":{"line":55,"column":0},"end":{"line":55,"column":24}},"31":{"start":{"line":57,"column":0},"end":{"line":57,"column":24}},"32":{"start":{"line":60,"column":0},"end":{"line":60,"column":28}},"33":{"start":{"line":61,"column":0},"end":{"line":61,"column":42}},"34":{"start":{"line":63,"column":0},"end":{"line":63,"column":20}},"35":{"start":{"line":65,"column":0},"end":{"line":65,"column":21}}},"fnMap":{},"branchMap":{},"s":{"0":1,"1":1,"2":1,"3":1,"4":1,"5":1,"6":1,"7":1,"8":1,"9":1,"10":1,"11":1,"12":1,"13":1,"14":1,"15":1,"16":1,"17":1,"18":1,"19":1,"20":1,"21":1,"22":1,"23":1,"24":1,"25":1,"26":1,"27":1,"28":1,"29":1,"30":1,"31":1,"32":1,"33":1,"34":1,"35":1},"f":{},"b":{},"_coverageSchema":"332fd63041d2c1bcb487cc26dd0d5f7d97098a6c","hash":"994e2c7900907d6eb0304a6397c22f132e326b87","contentHash":"8c382a0fd1cd53e4a9d62d0ff4a644dd_11.6.0"},"/Users/amachhab/Documents/code/inquire-v2/src/middleware/index.js":{"path":"/Users/amachhab/Documents/code/inquire-v2/src/middleware/index.js","statementMap":{"0":{"start":{"line":2,"column":0},"end":{"line":4,"column":2}}},"fnMap":{"0":{"name":"(anonymous_0)","decl":{"start":{"line":2,"column":17},"end":{"line":2,"column":18}},"loc":{"start":{"line":2,"column":32},"end":{"line":4,"column":1}},"line":2}},"branchMap":{},"s":{"0":1},"f":{"0":1},"b":{},"_coverageSchema":"332fd63041d2c1bcb487cc26dd0d5f7d97098a6c","hash":"6b5cc4874583b888bf0ef273558a999baaf0306f","contentHash":"ed9e2607b04867e7b3079e72ff910b86_11.6.0"},"/Users/amachhab/Documents/code/inquire-v2/src/services/index.js":{"path":"/Users/amachhab/Documents/code/inquire-v2/src/services/index.js","statementMap":{"0":{"start":{"line":3,"column":18},"end":{"line":3,"column":61}},"1":{"start":{"line":5,"column":15},"end":{"line":5,"column":52}},"2":{"start":{"line":7,"column":14},"end":{"line":7,"column":49}},"3":{"start":{"line":9,"column":14},"end":{"line":9,"column":49}},"4":{"start":{"line":11,"column":15},"end":{"line":11,"column":52}},"5":{"start":{"line":13,"column":17},"end":{"line":13,"column":58}},"6":{"start":{"line":15,"column":17},"end":{"line":15,"column":58}},"7":{"start":{"line":17,"column":0},"end":{"line":25,"column":2}},"8":{"start":{"line":18,"column":2},"end":{"line":18,"column":27}},"9":{"start":{"line":19,"column":2},"end":{"line":19,"column":24}},"10":{"start":{"line":20,"column":2},"end":{"line":20,"column":23}},"11":{"start":{"line":21,"column":2},"end":{"line":21,"column":23}},"12":{"start":{"line":22,"column":2},"end":{"line":22,"column":24}},"13":{"start":{"line":23,"column":2},"end":{"line":23,"column":26}},"14":{"start":{"line":24,"column":2},"end":{"line":24,"column":26}}},"fnMap":{"0":{"name":"(anonymous_0)","decl":{"start":{"line":17,"column":17},"end":{"line":17,"column":18}},"loc":{"start":{"line":17,"column":31},"end":{"line":25,"column":1}},"line":17}},"branchMap":{},"s":{"0":1,"1":1,"2":1,"3":1,"4":1,"5":1,"6":1,"7":1,"8":1,"9":1,"10":1,"11":1,"12":1,"13":1,"14":1},"f":{"0":1},"b":{},"_coverageSchema":"332fd63041d2c1bcb487cc26dd0d5f7d97098a6c","hash":"7f81fca71bd3b14415567f40b9fef439336e7117","contentHash":"16151e19cc7d2d2ffa7a9f1ac9bd6ea5_11.6.0"},"/Users/amachhab/Documents/code/inquire-v2/src/services/questions/questions.service.js":{"path":"/Users/amachhab/Documents/code/inquire-v2/src/services/questions/questions.service.js","statementMap":{"0":{"start":{"line":2,"column":22},"end":{"line":2,"column":50}},"1":{"start":{"line":3,"column":16},"end":{"line":3,"column":37}},"2":{"start":{"line":4,"column":20},"end":{"line":4,"column":59}},"3":{"start":{"line":5,"column":14},"end":{"line":5,"column":42}},"4":{"start":{"line":6,"column":31},"end":{"line":6,"column":71}},"5":{"start":{"line":8,"column":0},"end":{"line":136,"column":2}},"6":{"start":{"line":9,"column":16},"end":{"line":9,"column":32}},"7":{"start":{"line":10,"column":19},"end":{"line":10,"column":38}},"8":{"start":{"line":12,"column":18},"end":{"line":16,"column":3}},"9":{"start":{"line":19,"column":2},"end":{"line":19,"column":48}},"10":{"start":{"line":22,"column":18},"end":{"line":22,"column":42}},"11":{"start":{"line":24,"column":2},"end":{"line":24,"column":23}},"12":{"start":{"line":26,"column":2},"end":{"line":98,"column":5}},"13":{"start":{"line":27,"column":18},"end":{"line":27,"column":41}},"14":{"start":{"line":29,"column":4},"end":{"line":49,"column":5}},"15":{"start":{"line":30,"column":6},"end":{"line":48,"column":7}},"16":{"start":{"line":31,"column":24},"end":{"line":31,"column":50}},"17":{"start":{"line":32,"column":23},"end":{"line":38,"column":10}},"18":{"start":{"line":39,"column":24},"end":{"line":41,"column":9}},"19":{"start":{"line":42,"column":8},"end":{"line":44,"column":37}},"20":{"start":{"line":45,"column":8},"end":{"line":45,"column":71}},"21":{"start":{"line":47,"column":8},"end":{"line":47,"column":55}},"22":{"start":{"line":50,"column":4},"end":{"line":97,"column":5}},"23":{"start":{"line":51,"column":21},"end":{"line":51,"column":78}},"24":{"start":{"line":53,"column":8},"end":{"line":53,"column":72}},"25":{"start":{"line":54,"column":25},"end":{"line":54,"column":38}},"26":{"start":{"line":55,"column":23},"end":{"line":55,"column":73}},"27":{"start":{"line":56,"column":23},"end":{"line":63,"column":8}},"28":{"start":{"line":64,"column":29},"end":{"line":66,"column":60}},"29":{"start":{"line":67,"column":6},"end":{"line":71,"column":7}},"30":{"start":{"line":68,"column":8},"end":{"line":68,"column":85}},"31":{"start":{"line":70,"column":8},"end":{"line":70,"column":61}},"32":{"start":{"line":72,"column":6},"end":{"line":83,"column":7}},"33":{"start":{"line":73,"column":8},"end":{"line":76,"column":77}},"34":{"start":{"line":77,"column":8},"end":{"line":80,"column":72}},"35":{"start":{"line":82,"column":8},"end":{"line":82,"column":55}},"36":{"start":{"line":84,"column":11},"end":{"line":97,"column":5}},"37":{"start":{"line":85,"column":21},"end":{"line":87,"column":70}},"38":{"start":{"line":88,"column":6},"end":{"line":96,"column":7}},"39":{"start":{"line":89,"column":8},"end":{"line":92,"column":64}},"40":{"start":{"line":94,"column":8},"end":{"line":94,"column":29}},"41":{"start":{"line":95,"column":8},"end":{"line":95,"column":55}},"42":{"start":{"line":99,"column":2},"end":{"line":116,"column":5}},"43":{"start":{"line":100,"column":4},"end":{"line":100,"column":43}},"44":{"start":{"line":101,"column":4},"end":{"line":115,"column":5}},"45":{"start":{"line":102,"column":20},"end":{"line":102,"column":43}},"46":{"start":{"line":103,"column":23},"end":{"line":105,"column":72}},"47":{"start":{"line":106,"column":6},"end":{"line":114,"column":7}},"48":{"start":{"line":107,"column":8},"end":{"line":110,"column":64}},"49":{"start":{"line":112,"column":8},"end":{"line":112,"column":29}},"50":{"start":{"line":113,"column":8},"end":{"line":113,"column":55}},"51":{"start":{"line":117,"column":2},"end":{"line":135,"column":5}},"52":{"start":{"line":118,"column":4},"end":{"line":118,"column":43}},"53":{"start":{"line":119,"column":4},"end":{"line":134,"column":5}},"54":{"start":{"line":120,"column":20},"end":{"line":120,"column":43}},"55":{"start":{"line":121,"column":23},"end":{"line":124,"column":7}},"56":{"start":{"line":125,"column":6},"end":{"line":133,"column":7}},"57":{"start":{"line":126,"column":8},"end":{"line":129,"column":64}},"58":{"start":{"line":131,"column":8},"end":{"line":131,"column":29}},"59":{"start":{"line":132,"column":8},"end":{"line":132,"column":55}},"60":{"start":{"line":139,"column":2},"end":{"line":154,"column":3}},"61":{"start":{"line":140,"column":20},"end":{"line":140,"column":34}},"62":{"start":{"line":141,"column":19},"end":{"line":146,"column":6}},"63":{"start":{"line":147,"column":20},"end":{"line":149,"column":5}},"64":{"start":{"line":150,"column":4},"end":{"line":150,"column":66}},"65":{"start":{"line":151,"column":4},"end":{"line":151,"column":69}},"66":{"start":{"line":153,"column":4},"end":{"line":153,"column":51}}},"fnMap":{"0":{"name":"(anonymous_0)","decl":{"start":{"line":8,"column":17},"end":{"line":8,"column":18}},"loc":{"start":{"line":8,"column":31},"end":{"line":136,"column":1}},"line":8},"1":{"name":"(anonymous_1)","decl":{"start":{"line":26,"column":24},"end":{"line":26,"column":25}},"loc":{"start":{"line":26,"column":53},"end":{"line":98,"column":3}},"line":26},"2":{"name":"(anonymous_2)","decl":{"start":{"line":99,"column":24},"end":{"line":99,"column":25}},"loc":{"start":{"line":99,"column":53},"end":{"line":116,"column":3}},"line":99},"3":{"name":"(anonymous_3)","decl":{"start":{"line":117,"column":24},"end":{"line":117,"column":25}},"loc":{"start":{"line":117,"column":53},"end":{"line":135,"column":3}},"line":117},"4":{"name":"updateQuestionCount","decl":{"start":{"line":138,"column":15},"end":{"line":138,"column":34}},"loc":{"start":{"line":138,"column":54},"end":{"line":155,"column":1}},"line":138}},"branchMap":{"0":{"loc":{"start":{"line":29,"column":4},"end":{"line":49,"column":5}},"type":"if","locations":[{"start":{"line":29,"column":4},"end":{"line":49,"column":5}},{"start":{"line":29,"column":4},"end":{"line":49,"column":5}}],"line":29},"1":{"loc":{"start":{"line":29,"column":8},"end":{"line":29,"column":44}},"type":"binary-expr","locations":[{"start":{"line":29,"column":8},"end":{"line":29,"column":22}},{"start":{"line":29,"column":26},"end":{"line":29,"column":44}}],"line":29},"2":{"loc":{"start":{"line":50,"column":4},"end":{"line":97,"column":5}},"type":"if","locations":[{"start":{"line":50,"column":4},"end":{"line":97,"column":5}},{"start":{"line":50,"column":4},"end":{"line":97,"column":5}}],"line":50},"3":{"loc":{"start":{"line":50,"column":8},"end":{"line":50,"column":67}},"type":"binary-expr","locations":[{"start":{"line":50,"column":8},"end":{"line":50,"column":22}},{"start":{"line":50,"column":26},"end":{"line":50,"column":45}},{"start":{"line":50,"column":49},"end":{"line":50,"column":67}}],"line":50},"4":{"loc":{"start":{"line":67,"column":6},"end":{"line":71,"column":7}},"type":"if","locations":[{"start":{"line":67,"column":6},"end":{"line":71,"column":7}},{"start":{"line":67,"column":6},"end":{"line":71,"column":7}}],"line":67},"5":{"loc":{"start":{"line":84,"column":11},"end":{"line":97,"column":5}},"type":"if","locations":[{"start":{"line":84,"column":11},"end":{"line":97,"column":5}},{"start":{"line":84,"column":11},"end":{"line":97,"column":5}}],"line":84},"6":{"loc":{"start":{"line":101,"column":4},"end":{"line":115,"column":5}},"type":"if","locations":[{"start":{"line":101,"column":4},"end":{"line":115,"column":5}},{"start":{"line":101,"column":4},"end":{"line":115,"column":5}}],"line":101},"7":{"loc":{"start":{"line":101,"column":8},"end":{"line":101,"column":45}},"type":"binary-expr","locations":[{"start":{"line":101,"column":8},"end":{"line":101,"column":22}},{"start":{"line":101,"column":26},"end":{"line":101,"column":45}}],"line":101},"8":{"loc":{"start":{"line":119,"column":4},"end":{"line":134,"column":5}},"type":"if","locations":[{"start":{"line":119,"column":4},"end":{"line":134,"column":5}},{"start":{"line":119,"column":4},"end":{"line":134,"column":5}}],"line":119},"9":{"loc":{"start":{"line":119,"column":8},"end":{"line":119,"column":45}},"type":"binary-expr","locations":[{"start":{"line":119,"column":8},"end":{"line":119,"column":22}},{"start":{"line":119,"column":26},"end":{"line":119,"column":45}}],"line":119}},"s":{"0":1,"1":1,"2":1,"3":1,"4":1,"5":1,"6":1,"7":1,"8":1,"9":1,"10":1,"11":1,"12":1,"13":3,"14":3,"15":3,"16":3,"17":3,"18":3,"19":3,"20":3,"21":0,"22":3,"23":0,"24":0,"25":0,"26":0,"27":0,"28":0,"29":0,"30":0,"31":0,"32":0,"33":0,"34":0,"35":0,"36":3,"37":0,"38":0,"39":0,"40":0,"41":0,"42":1,"43":7,"44":7,"45":0,"46":0,"47":0,"48":0,"49":0,"50":0,"51":1,"52":21,"53":21,"54":0,"55":0,"56":0,"57":0,"58":0,"59":0,"60":28,"61":28,"62":28,"63":28,"64":28,"65":7,"66":18},"f":{"0":1,"1":3,"2":7,"3":21,"4":28},"b":{"0":[3,0],"1":[3,3],"2":[0,3],"3":[3,3,0],"4":[0,0],"5":[0,3],"6":[0,7],"7":[7,7],"8":[0,21],"9":[21,21]},"_coverageSchema":"332fd63041d2c1bcb487cc26dd0d5f7d97098a6c","hash":"9eb0ac56e8e4d61a7d5d46d99f52466367c5ac60","contentHash":"d2f4db42f3b1853bbd8692fb999be60c_11.6.0"},"/Users/amachhab/Documents/code/inquire-v2/src/models/questions.model.js":{"path":"/Users/amachhab/Documents/code/inquire-v2/src/models/questions.model.js","statementMap":{"0":{"start":{"line":5,"column":0},"end":{"line":79,"column":2}},"1":{"start":{"line":6,"column":25},"end":{"line":6,"column":50}},"2":{"start":{"line":7,"column":21},"end":{"line":7,"column":35}},"3":{"start":{"line":9,"column":23},"end":{"line":26,"column":4}},"4":{"start":{"line":28,"column":25},"end":{"line":69,"column":4}},"5":{"start":{"line":71,"column":2},"end":{"line":76,"column":5}},"6":{"start":{"line":78,"column":2},"end":{"line":78,"column":59}}},"fnMap":{"0":{"name":"(anonymous_0)","decl":{"start":{"line":5,"column":17},"end":{"line":5,"column":18}},"loc":{"start":{"line":5,"column":31},"end":{"line":79,"column":1}},"line":5}},"branchMap":{},"s":{"0":1,"1":1,"2":1,"3":1,"4":1,"5":1,"6":1},"f":{"0":1},"b":{},"_coverageSchema":"332fd63041d2c1bcb487cc26dd0d5f7d97098a6c","hash":"db5092e5e1369d4767581c19a2e770df70fffa6b","contentHash":"56eef1fe5bc287641dcb1413b366677c_11.6.0"},"/Users/amachhab/Documents/code/inquire-v2/src/services/questions/questions.hooks.js":{"path":"/Users/amachhab/Documents/code/inquire-v2/src/services/questions/questions.hooks.js","statementMap":{"0":{"start":{"line":1,"column":25},"end":{"line":1,"column":68}},"1":{"start":{"line":6,"column":4},"end":{"line":6,"column":32}},"2":{"start":{"line":7,"column":0},"end":{"line":37,"column":2}}},"fnMap":{},"branchMap":{},"s":{"0":1,"1":1,"2":1},"f":{},"b":{},"_coverageSchema":"332fd63041d2c1bcb487cc26dd0d5f7d97098a6c","hash":"8cb2532766abd7ae7e591d5152320a71962c79a1","contentHash":"46ddbbdbece7c0411eae82509ab845e7_11.6.0"},"/Users/amachhab/Documents/code/inquire-v2/src/services/questions/laravelApi.hook.js":{"path":"/Users/amachhab/Documents/code/inquire-v2/src/services/questions/laravelApi.hook.js","statementMap":{"0":{"start":{"line":1,"column":15},"end":{"line":1,"column":44}},"1":{"start":{"line":2,"column":17},"end":{"line":2,"column":44}},"2":{"start":{"line":4,"column":0},"end":{"line":9,"column":2}},"3":{"start":{"line":12,"column":2},"end":{"line":32,"column":4}},"4":{"start":{"line":13,"column":25},"end":{"line":13,"column":39}},"5":{"start":{"line":14,"column":4},"end":{"line":17,"column":5}},"6":{"start":{"line":15,"column":6},"end":{"line":15,"column":60}},"7":{"start":{"line":16,"column":6},"end":{"line":16,"column":24}},"8":{"start":{"line":18,"column":4},"end":{"line":24,"column":5}},"9":{"start":{"line":19,"column":6},"end":{"line":19,"column":44}},"10":{"start":{"line":21,"column":6},"end":{"line":23,"column":8}},"11":{"start":{"line":25,"column":4},"end":{"line":30,"column":5}},"12":{"start":{"line":26,"column":6},"end":{"line":28,"column":8}},"13":{"start":{"line":29,"column":6},"end":{"line":29,"column":27}},"14":{"start":{"line":31,"column":4},"end":{"line":31,"column":19}},"15":{"start":{"line":36,"column":2},"end":{"line":73,"column":4}},"16":{"start":{"line":37,"column":41},"end":{"line":37,"column":55}},"17":{"start":{"line":38,"column":23},"end":{"line":38,"column":51}},"18":{"start":{"line":39,"column":20},"end":{"line":39,"column":44}},"19":{"start":{"line":40,"column":15},"end":{"line":40,"column":23}},"20":{"start":{"line":42,"column":6},"end":{"line":42,"column":73}},"21":{"start":{"line":43,"column":19},"end":{"line":43,"column":24}},"22":{"start":{"line":44,"column":4},"end":{"line":71,"column":5}},"23":{"start":{"line":45,"column":18},"end":{"line":45,"column":47}},"24":{"start":{"line":46,"column":20},"end":{"line":46,"column":40}},"25":{"start":{"line":47,"column":28},"end":{"line":49,"column":8}},"26":{"start":{"line":50,"column":28},"end":{"line":52,"column":8}},"27":{"start":{"line":54,"column":8},"end":{"line":54,"column":63}},"28":{"start":{"line":56,"column":8},"end":{"line":56,"column":63}},"29":{"start":{"line":57,"column":23},"end":{"line":69,"column":7}},"30":{"start":{"line":70,"column":6},"end":{"line":70,"column":34}},"31":{"start":{"line":72,"column":4},"end":{"line":72,"column":19}},"32":{"start":{"line":77,"column":2},"end":{"line":83,"column":9}},"33":{"start":{"line":79,"column":4},"end":{"line":79,"column":36}},"34":{"start":{"line":80,"column":4},"end":{"line":80,"column":34}},"35":{"start":{"line":81,"column":4},"end":{"line":81,"column":39}},"36":{"start":{"line":82,"column":4},"end":{"line":82,"column":52}},"37":{"start":{"line":87,"column":18},"end":{"line":87,"column":68}},"38":{"start":{"line":89,"column":14},"end":{"line":89,"column":40}},"39":{"start":{"line":90,"column":2},"end":{"line":96,"column":3}},"40":{"start":{"line":91,"column":4},"end":{"line":91,"column":30}},"41":{"start":{"line":92,"column":9},"end":{"line":96,"column":3}},"42":{"start":{"line":93,"column":4},"end":{"line":93,"column":29}},"43":{"start":{"line":95,"column":4},"end":{"line":95,"column":29}},"44":{"start":{"line":97,"column":2},"end":{"line":97,"column":14}},"45":{"start":{"line":101,"column":2},"end":{"line":120,"column":4}},"46":{"start":{"line":102,"column":4},"end":{"line":118,"column":5}},"47":{"start":{"line":103,"column":22},"end":{"line":103,"column":48}},"48":{"start":{"line":104,"column":21},"end":{"line":110,"column":8}},"49":{"start":{"line":111,"column":22},"end":{"line":113,"column":7}},"50":{"start":{"line":114,"column":6},"end":{"line":114,"column":68}},"51":{"start":{"line":115,"column":6},"end":{"line":115,"column":69}},"52":{"start":{"line":117,"column":6},"end":{"line":117,"column":53}},"53":{"start":{"line":119,"column":4},"end":{"line":119,"column":19}},"54":{"start":{"line":123,"column":24},"end":{"line":131,"column":1}},"55":{"start":{"line":134,"column":2},"end":{"line":155,"column":4}},"56":{"start":{"line":135,"column":4},"end":{"line":142,"column":5}},"57":{"start":{"line":136,"column":6},"end":{"line":141,"column":7}},"58":{"start":{"line":137,"column":19},"end":{"line":137,"column":36}},"59":{"start":{"line":138,"column":8},"end":{"line":138,"column":60}},"60":{"start":{"line":140,"column":8},"end":{"line":140,"column":48}},"61":{"start":{"line":143,"column":4},"end":{"line":153,"column":5}},"62":{"start":{"line":147,"column":6},"end":{"line":152,"column":7}},"63":{"start":{"line":148,"column":19},"end":{"line":148,"column":50}},"64":{"start":{"line":149,"column":8},"end":{"line":149,"column":74}},"65":{"start":{"line":151,"column":8},"end":{"line":151,"column":48}},"66":{"start":{"line":154,"column":4},"end":{"line":154,"column":19}}},"fnMap":{"0":{"name":"parseQuery","decl":{"start":{"line":11,"column":9},"end":{"line":11,"column":19}},"loc":{"start":{"line":11,"column":22},"end":{"line":33,"column":1}},"line":11},"1":{"name":"(anonymous_1)","decl":{"start":{"line":12,"column":9},"end":{"line":12,"column":10}},"loc":{"start":{"line":12,"column":33},"end":{"line":32,"column":3}},"line":12},"2":{"name":"formatPagination","decl":{"start":{"line":35,"column":9},"end":{"line":35,"column":25}},"loc":{"start":{"line":35,"column":28},"end":{"line":74,"column":1}},"line":35},"3":{"name":"(anonymous_3)","decl":{"start":{"line":36,"column":9},"end":{"line":36,"column":10}},"loc":{"start":{"line":36,"column":33},"end":{"line":73,"column":3}},"line":36},"4":{"name":"objectToQuerystring","decl":{"start":{"line":76,"column":9},"end":{"line":76,"column":28}},"loc":{"start":{"line":76,"column":34},"end":{"line":84,"column":1}},"line":76},"5":{"name":"(anonymous_5)","decl":{"start":{"line":77,"column":33},"end":{"line":77,"column":34}},"loc":{"start":{"line":77,"column":55},"end":{"line":83,"column":3}},"line":77},"6":{"name":"formatSort","decl":{"start":{"line":86,"column":9},"end":{"line":86,"column":19}},"loc":{"start":{"line":86,"column":32},"end":{"line":98,"column":1}},"line":86},"7":{"name":"addAnswerCount","decl":{"start":{"line":100,"column":9},"end":{"line":100,"column":23}},"loc":{"start":{"line":100,"column":26},"end":{"line":121,"column":1}},"line":100},"8":{"name":"(anonymous_8)","decl":{"start":{"line":101,"column":9},"end":{"line":101,"column":10}},"loc":{"start":{"line":101,"column":33},"end":{"line":120,"column":3}},"line":101},"9":{"name":"addAnchorTag","decl":{"start":{"line":133,"column":9},"end":{"line":133,"column":21}},"loc":{"start":{"line":133,"column":24},"end":{"line":156,"column":1}},"line":133},"10":{"name":"(anonymous_10)","decl":{"start":{"line":134,"column":9},"end":{"line":134,"column":10}},"loc":{"start":{"line":134,"column":33},"end":{"line":155,"column":3}},"line":134}},"branchMap":{"0":{"loc":{"start":{"line":13,"column":10},"end":{"line":13,"column":20}},"type":"default-arg","locations":[{"start":{"line":13,"column":18},"end":{"line":13,"column":20}}],"line":13},"1":{"loc":{"start":{"line":14,"column":4},"end":{"line":17,"column":5}},"type":"if","locations":[{"start":{"line":14,"column":4},"end":{"line":17,"column":5}},{"start":{"line":14,"column":4},"end":{"line":17,"column":5}}],"line":14},"2":{"loc":{"start":{"line":15,"column":40},"end":{"line":15,"column":58}},"type":"binary-expr","locations":[{"start":{"line":15,"column":40},"end":{"line":15,"column":52}},{"start":{"line":15,"column":56},"end":{"line":15,"column":58}}],"line":15},"3":{"loc":{"start":{"line":18,"column":4},"end":{"line":24,"column":5}},"type":"if","locations":[{"start":{"line":18,"column":4},"end":{"line":24,"column":5}},{"start":{"line":18,"column":4},"end":{"line":24,"column":5}}],"line":18},"4":{"loc":{"start":{"line":18,"column":8},"end":{"line":18,"column":54}},"type":"binary-expr","locations":[{"start":{"line":18,"column":8},"end":{"line":18,"column":19}},{"start":{"line":18,"column":23},"end":{"line":18,"column":54}}],"line":18},"5":{"loc":{"start":{"line":25,"column":4},"end":{"line":30,"column":5}},"type":"if","locations":[{"start":{"line":25,"column":4},"end":{"line":30,"column":5}},{"start":{"line":25,"column":4},"end":{"line":30,"column":5}}],"line":25},"6":{"loc":{"start":{"line":42,"column":6},"end":{"line":42,"column":73}},"type":"cond-expr","locations":[{"start":{"line":42,"column":36},"end":{"line":42,"column":48}},{"start":{"line":42,"column":51},"end":{"line":42,"column":73}}],"line":42},"7":{"loc":{"start":{"line":44,"column":4},"end":{"line":71,"column":5}},"type":"if","locations":[{"start":{"line":44,"column":4},"end":{"line":71,"column":5}},{"start":{"line":44,"column":4},"end":{"line":71,"column":5}}],"line":44},"8":{"loc":{"start":{"line":44,"column":8},"end":{"line":44,"column":72}},"type":"binary-expr","locations":[{"start":{"line":44,"column":8},"end":{"line":44,"column":22}},{"start":{"line":44,"column":26},"end":{"line":44,"column":48}},{"start":{"line":44,"column":52},"end":{"line":44,"column":72}}],"line":44},"9":{"loc":{"start":{"line":79,"column":16},"end":{"line":79,"column":35}},"type":"cond-expr","locations":[{"start":{"line":79,"column":26},"end":{"line":79,"column":29}},{"start":{"line":79,"column":32},"end":{"line":79,"column":35}}],"line":79},"10":{"loc":{"start":{"line":90,"column":2},"end":{"line":96,"column":3}},"type":"if","locations":[{"start":{"line":90,"column":2},"end":{"line":96,"column":3}},{"start":{"line":90,"column":2},"end":{"line":96,"column":3}}],"line":90},"11":{"loc":{"start":{"line":90,"column":6},"end":{"line":90,"column":33}},"type":"binary-expr","locations":[{"start":{"line":90,"column":6},"end":{"line":90,"column":11}},{"start":{"line":90,"column":15},"end":{"line":90,"column":33}}],"line":90},"12":{"loc":{"start":{"line":92,"column":9},"end":{"line":96,"column":3}},"type":"if","locations":[{"start":{"line":92,"column":9},"end":{"line":96,"column":3}},{"start":{"line":92,"column":9},"end":{"line":96,"column":3}}],"line":92},"13":{"loc":{"start":{"line":92,"column":13},"end":{"line":92,"column":40}},"type":"binary-expr","locations":[{"start":{"line":92,"column":13},"end":{"line":92,"column":18}},{"start":{"line":92,"column":22},"end":{"line":92,"column":40}}],"line":92},"14":{"loc":{"start":{"line":135,"column":4},"end":{"line":142,"column":5}},"type":"if","locations":[{"start":{"line":135,"column":4},"end":{"line":142,"column":5}},{"start":{"line":135,"column":4},"end":{"line":142,"column":5}}],"line":135},"15":{"loc":{"start":{"line":143,"column":4},"end":{"line":153,"column":5}},"type":"if","locations":[{"start":{"line":143,"column":4},"end":{"line":153,"column":5}},{"start":{"line":143,"column":4},"end":{"line":153,"column":5}}],"line":143},"16":{"loc":{"start":{"line":144,"column":6},"end":{"line":145,"column":37}},"type":"binary-expr","locations":[{"start":{"line":144,"column":6},"end":{"line":144,"column":42}},{"start":{"line":145,"column":6},"end":{"line":145,"column":37}}],"line":144}},"s":{"0":1,"1":1,"2":1,"3":1,"4":50,"5":50,"6":0,"7":0,"8":50,"9":3,"10":47,"11":50,"12":0,"13":0,"14":50,"15":1,"16":34,"17":34,"18":34,"19":34,"20":34,"21":34,"22":34,"23":0,"24":0,"25":0,"26":0,"27":0,"28":0,"29":0,"30":0,"31":34,"32":0,"33":0,"34":0,"35":0,"36":0,"37":3,"38":3,"39":3,"40":0,"41":3,"42":0,"43":3,"44":3,"45":0,"46":0,"47":0,"48":0,"49":0,"50":0,"51":0,"52":0,"53":0,"54":1,"55":2,"56":10,"57":7,"58":7,"59":7,"60":0,"61":10,"62":3,"63":3,"64":3,"65":0,"66":10},"f":{"0":1,"1":50,"2":1,"3":34,"4":0,"5":0,"6":3,"7":0,"8":0,"9":2,"10":10},"b":{"0":[13],"1":[0,50],"2":[0,0],"3":[3,47],"4":[50,3],"5":[0,50],"6":[10,24],"7":[0,34],"8":[34,34,0],"9":[0,0],"10":[0,3],"11":[3,0],"12":[0,3],"13":[3,0],"14":[7,3],"15":[3,7],"16":[10,3]},"_coverageSchema":"332fd63041d2c1bcb487cc26dd0d5f7d97098a6c","hash":"302b6f5cc7097931f2c6ef6f45f29241429ea299","contentHash":"383c15f0e19fe897f5c008b60478a779_11.6.0"},"/Users/amachhab/Documents/code/inquire-v2/src/services/botkit/templates/responses.js":{"path":"/Users/amachhab/Documents/code/inquire-v2/src/services/botkit/templates/responses.js","statementMap":{"0":{"start":{"line":1,"column":0},"end":{"line":6,"column":2}},"1":{"start":{"line":15,"column":18},"end":{"line":17,"column":3}},"2":{"start":{"line":18,"column":2},"end":{"line":18,"column":17}},"3":{"start":{"line":28,"column":20},"end":{"line":32,"column":16}},"4":{"start":{"line":33,"column":2},"end":{"line":33,"column":19}},"5":{"start":{"line":50,"column":24},"end":{"line":55,"column":3}},"6":{"start":{"line":56,"column":2},"end":{"line":56,"column":23}},"7":{"start":{"line":66,"column":18},"end":{"line":70,"column":3}},"8":{"start":{"line":71,"column":2},"end":{"line":71,"column":17}}},"fnMap":{"0":{"name":"formatGroupAnswer","decl":{"start":{"line":14,"column":9},"end":{"line":14,"column":26}},"loc":{"start":{"line":14,"column":37},"end":{"line":19,"column":1}},"line":14},"1":{"name":"formatGroupQuestion","decl":{"start":{"line":27,"column":9},"end":{"line":27,"column":28}},"loc":{"start":{"line":27,"column":61},"end":{"line":34,"column":1}},"line":27},"2":{"name":"formatPersonAnswer","decl":{"start":{"line":42,"column":9},"end":{"line":42,"column":27}},"loc":{"start":{"line":49,"column":3},"end":{"line":57,"column":1}},"line":49},"3":{"name":"formatPersonQuestion","decl":{"start":{"line":65,"column":9},"end":{"line":65,"column":29}},"loc":{"start":{"line":65,"column":71},"end":{"line":72,"column":1}},"line":65}},"branchMap":{"0":{"loc":{"start":{"line":47,"column":2},"end":{"line":47,"column":15}},"type":"default-arg","locations":[{"start":{"line":47,"column":13},"end":{"line":47,"column":15}}],"line":47},"1":{"loc":{"start":{"line":48,"column":2},"end":{"line":48,"column":12}},"type":"default-arg","locations":[{"start":{"line":48,"column":10},"end":{"line":48,"column":12}}],"line":48},"2":{"loc":{"start":{"line":65,"column":42},"end":{"line":65,"column":55}},"type":"default-arg","locations":[{"start":{"line":65,"column":53},"end":{"line":65,"column":55}}],"line":65},"3":{"loc":{"start":{"line":65,"column":57},"end":{"line":65,"column":67}},"type":"default-arg","locations":[{"start":{"line":65,"column":65},"end":{"line":65,"column":67}}],"line":65}},"s":{"0":1,"1":0,"2":0,"3":0,"4":0,"5":0,"6":0,"7":0,"8":0},"f":{"0":0,"1":0,"2":0,"3":0},"b":{"0":[0],"1":[0],"2":[0],"3":[0]},"_coverageSchema":"332fd63041d2c1bcb487cc26dd0d5f7d97098a6c","hash":"c1e56123165bbdba96fa3a02fc2e2e48f9250cbd","contentHash":"8b5041fb80e5f4c2ea9bce669684b2fb_11.6.0"},"/Users/amachhab/Documents/code/inquire-v2/src/services/spaces/spaces.service.js":{"path":"/Users/amachhab/Documents/code/inquire-v2/src/services/spaces/spaces.service.js","statementMap":{"0":{"start":{"line":2,"column":22},"end":{"line":2,"column":50}},"1":{"start":{"line":3,"column":20},"end":{"line":3,"column":56}},"2":{"start":{"line":4,"column":14},"end":{"line":4,"column":39}},"3":{"start":{"line":6,"column":0},"end":{"line":23,"column":2}},"4":{"start":{"line":7,"column":16},"end":{"line":7,"column":32}},"5":{"start":{"line":8,"column":19},"end":{"line":8,"column":38}},"6":{"start":{"line":10,"column":18},"end":{"line":14,"column":3}},"7":{"start":{"line":17,"column":2},"end":{"line":17,"column":45}},"8":{"start":{"line":20,"column":18},"end":{"line":20,"column":39}},"9":{"start":{"line":22,"column":2},"end":{"line":22,"column":23}}},"fnMap":{"0":{"name":"(anonymous_0)","decl":{"start":{"line":6,"column":17},"end":{"line":6,"column":18}},"loc":{"start":{"line":6,"column":32},"end":{"line":23,"column":1}},"line":6}},"branchMap":{},"s":{"0":1,"1":1,"2":1,"3":1,"4":1,"5":1,"6":1,"7":1,"8":1,"9":1},"f":{"0":1},"b":{},"_coverageSchema":"332fd63041d2c1bcb487cc26dd0d5f7d97098a6c","hash":"fa24fe110e618bcedf15b963bdb797a0be4bd552","contentHash":"1b3d64fddb9664443da23c3e13081fc2_11.6.0"},"/Users/amachhab/Documents/code/inquire-v2/src/models/spaces.model.js":{"path":"/Users/amachhab/Documents/code/inquire-v2/src/models/spaces.model.js","statementMap":{"0":{"start":{"line":5,"column":0},"end":{"line":72,"column":2}},"1":{"start":{"line":6,"column":25},"end":{"line":6,"column":50}},"2":{"start":{"line":7,"column":21},"end":{"line":7,"column":35}},"3":{"start":{"line":9,"column":24},"end":{"line":49,"column":4}},"4":{"start":{"line":51,"column":2},"end":{"line":55,"column":5}},"5":{"start":{"line":57,"column":2},"end":{"line":59,"column":5}},"6":{"start":{"line":58,"column":4},"end":{"line":58,"column":20}},"7":{"start":{"line":61,"column":2},"end":{"line":64,"column":5}},"8":{"start":{"line":66,"column":2},"end":{"line":69,"column":5}},"9":{"start":{"line":71,"column":2},"end":{"line":71,"column":55}}},"fnMap":{"0":{"name":"(anonymous_0)","decl":{"start":{"line":5,"column":17},"end":{"line":5,"column":18}},"loc":{"start":{"line":5,"column":31},"end":{"line":72,"column":1}},"line":5},"1":{"name":"(anonymous_1)","decl":{"start":{"line":57,"column":38},"end":{"line":57,"column":39}},"loc":{"start":{"line":57,"column":49},"end":{"line":59,"column":3}},"line":57}},"branchMap":{},"s":{"0":1,"1":1,"2":1,"3":1,"4":1,"5":1,"6":0,"7":1,"8":1,"9":1},"f":{"0":1,"1":0},"b":{},"_coverageSchema":"332fd63041d2c1bcb487cc26dd0d5f7d97098a6c","hash":"a4173a421c521d12f47d563b96df6567bf5d88eb","contentHash":"fc7612b9eb2caf07dd04961353a1f500_11.6.0"},"/Users/amachhab/Documents/code/inquire-v2/src/services/spaces/spaces.hooks.js":{"path":"/Users/amachhab/Documents/code/inquire-v2/src/services/spaces/spaces.hooks.js","statementMap":{"0":{"start":{"line":1,"column":25},"end":{"line":1,"column":68}},"1":{"start":{"line":2,"column":24},"end":{"line":2,"column":57}},"2":{"start":{"line":4,"column":0},"end":{"line":34,"column":2}}},"fnMap":{},"branchMap":{},"s":{"0":1,"1":1,"2":1},"f":{},"b":{},"_coverageSchema":"332fd63041d2c1bcb487cc26dd0d5f7d97098a6c","hash":"7ab92ca96fa1cf7eec9b74e8f0285bff6c77da2c","contentHash":"6a54a4cbab013a7ec90e23a92ea6a4e3_11.6.0"},"/Users/amachhab/Documents/code/inquire-v2/src/services/spaces/spaceMembership.hook.js":{"path":"/Users/amachhab/Documents/code/inquire-v2/src/services/spaces/spaceMembership.hook.js","statementMap":{"0":{"start":{"line":1,"column":0},"end":{"line":27,"column":2}},"1":{"start":{"line":2,"column":2},"end":{"line":24,"column":3}},"2":{"start":{"line":3,"column":18},"end":{"line":22,"column":5}},"3":{"start":{"line":23,"column":4},"end":{"line":23,"column":74}},"4":{"start":{"line":26,"column":2},"end":{"line":26,"column":17}}},"fnMap":{"0":{"name":"spaceMemberships","decl":{"start":{"line":1,"column":26},"end":{"line":1,"column":42}},"loc":{"start":{"line":1,"column":52},"end":{"line":27,"column":1}},"line":1}},"branchMap":{"0":{"loc":{"start":{"line":2,"column":2},"end":{"line":24,"column":3}},"type":"if","locations":[{"start":{"line":2,"column":2},"end":{"line":24,"column":3}},{"start":{"line":2,"column":2},"end":{"line":24,"column":3}}],"line":2},"1":{"loc":{"start":{"line":2,"column":6},"end":{"line":2,"column":43}},"type":"binary-expr","locations":[{"start":{"line":2,"column":6},"end":{"line":2,"column":20}},{"start":{"line":2,"column":24},"end":{"line":2,"column":43}}],"line":2}},"s":{"0":1,"1":73,"2":0,"3":0,"4":73},"f":{"0":73},"b":{"0":[0,73],"1":[73,73]},"_coverageSchema":"332fd63041d2c1bcb487cc26dd0d5f7d97098a6c","hash":"d530a3a9a5bfb7b72cddea640873278dfcee5908","contentHash":"f2b76663da6ef058c4926900035aff26_11.6.0"},"/Users/amachhab/Documents/code/inquire-v2/src/services/users/users.service.js":{"path":"/Users/amachhab/Documents/code/inquire-v2/src/services/users/users.service.js","statementMap":{"0":{"start":{"line":2,"column":22},"end":{"line":2,"column":50}},"1":{"start":{"line":3,"column":20},"end":{"line":3,"column":55}},"2":{"start":{"line":4,"column":14},"end":{"line":4,"column":38}},"3":{"start":{"line":6,"column":0},"end":{"line":23,"column":2}},"4":{"start":{"line":7,"column":16},"end":{"line":7,"column":32}},"5":{"start":{"line":8,"column":19},"end":{"line":8,"column":38}},"6":{"start":{"line":10,"column":18},"end":{"line":14,"column":3}},"7":{"start":{"line":17,"column":2},"end":{"line":17,"column":44}},"8":{"start":{"line":20,"column":18},"end":{"line":20,"column":38}},"9":{"start":{"line":22,"column":2},"end":{"line":22,"column":23}}},"fnMap":{"0":{"name":"(anonymous_0)","decl":{"start":{"line":6,"column":17},"end":{"line":6,"column":18}},"loc":{"start":{"line":6,"column":32},"end":{"line":23,"column":1}},"line":6}},"branchMap":{},"s":{"0":1,"1":1,"2":1,"3":1,"4":1,"5":1,"6":1,"7":1,"8":1,"9":1},"f":{"0":1},"b":{},"_coverageSchema":"332fd63041d2c1bcb487cc26dd0d5f7d97098a6c","hash":"8e1b828be21bd9d47b09284e65802f8dfcaac569","contentHash":"74f89cd519bc5520408d6ffce5df9556_11.6.0"},"/Users/amachhab/Documents/code/inquire-v2/src/models/users.model.js":{"path":"/Users/amachhab/Documents/code/inquire-v2/src/models/users.model.js","statementMap":{"0":{"start":{"line":5,"column":0},"end":{"line":46,"column":2}},"1":{"start":{"line":6,"column":25},"end":{"line":6,"column":50}},"2":{"start":{"line":7,"column":21},"end":{"line":7,"column":35}},"3":{"start":{"line":8,"column":21},"end":{"line":27,"column":4}},"4":{"start":{"line":29,"column":2},"end":{"line":33,"column":5}},"5":{"start":{"line":35,"column":2},"end":{"line":38,"column":5}},"6":{"start":{"line":40,"column":2},"end":{"line":43,"column":5}},"7":{"start":{"line":45,"column":2},"end":{"line":45,"column":51}}},"fnMap":{"0":{"name":"(anonymous_0)","decl":{"start":{"line":5,"column":17},"end":{"line":5,"column":18}},"loc":{"start":{"line":5,"column":31},"end":{"line":46,"column":1}},"line":5}},"branchMap":{},"s":{"0":1,"1":1,"2":1,"3":1,"4":1,"5":1,"6":1,"7":1},"f":{"0":1},"b":{},"_coverageSchema":"332fd63041d2c1bcb487cc26dd0d5f7d97098a6c","hash":"d4553b3c9d11c32a5c34105c005b26e8f15c4e92","contentHash":"64c02f91cd84e6b34cea88e5ae3ffd9f_11.6.0"},"/Users/amachhab/Documents/code/inquire-v2/src/services/users/users.hooks.js":{"path":"/Users/amachhab/Documents/code/inquire-v2/src/services/users/users.hooks.js","statementMap":{"0":{"start":{"line":1,"column":25},"end":{"line":1,"column":68}},"1":{"start":{"line":2,"column":14},"end":{"line":2,"column":54}},"2":{"start":{"line":5,"column":2},"end":{"line":5,"column":37}},"3":{"start":{"line":7,"column":2},"end":{"line":9,"column":3}},"4":{"start":{"line":8,"column":4},"end":{"line":8,"column":71}},"5":{"start":{"line":11,"column":2},"end":{"line":22,"column":3}},"6":{"start":{"line":17,"column":8},"end":{"line":17,"column":39}},"7":{"start":{"line":18,"column":4},"end":{"line":18,"column":26}},"8":{"start":{"line":19,"column":4},"end":{"line":19,"column":33}},"9":{"start":{"line":20,"column":4},"end":{"line":20,"column":43}},"10":{"start":{"line":21,"column":4},"end":{"line":21,"column":35}},"11":{"start":{"line":26,"column":2},"end":{"line":28,"column":3}},"12":{"start":{"line":30,"column":2},"end":{"line":32,"column":3}},"13":{"start":{"line":34,"column":2},"end":{"line":34,"column":34}},"14":{"start":{"line":37,"column":0},"end":{"line":84,"column":2}}},"fnMap":{"0":{"name":"customizeProfile","decl":{"start":{"line":4,"column":9},"end":{"line":4,"column":25}},"loc":{"start":{"line":4,"column":35},"end":{"line":35,"column":1}},"line":4}},"branchMap":{"0":{"loc":{"start":{"line":7,"column":2},"end":{"line":9,"column":3}},"type":"if","locations":[{"start":{"line":7,"column":2},"end":{"line":9,"column":3}},{"start":{"line":7,"column":2},"end":{"line":9,"column":3}}],"line":7},"1":{"loc":{"start":{"line":11,"column":2},"end":{"line":22,"column":3}},"type":"if","locations":[{"start":{"line":11,"column":2},"end":{"line":22,"column":3}},{"start":{"line":11,"column":2},"end":{"line":22,"column":3}}],"line":11},"2":{"loc":{"start":{"line":13,"column":6},"end":{"line":13,"column":21}},"type":"default-arg","locations":[{"start":{"line":13,"column":15},"end":{"line":13,"column":21}}],"line":13},"3":{"loc":{"start":{"line":14,"column":6},"end":{"line":14,"column":26}},"type":"default-arg","locations":[{"start":{"line":14,"column":20},"end":{"line":14,"column":26}}],"line":14},"4":{"loc":{"start":{"line":26,"column":2},"end":{"line":28,"column":3}},"type":"if","locations":[{"start":{"line":26,"column":2},"end":{"line":28,"column":3}},{"start":{"line":26,"column":2},"end":{"line":28,"column":3}}],"line":26},"5":{"loc":{"start":{"line":30,"column":2},"end":{"line":32,"column":3}},"type":"if","locations":[{"start":{"line":30,"column":2},"end":{"line":32,"column":3}},{"start":{"line":30,"column":2},"end":{"line":32,"column":3}}],"line":30}},"s":{"0":1,"1":1,"2":0,"3":0,"4":0,"5":0,"6":0,"7":0,"8":0,"9":0,"10":0,"11":0,"12":0,"13":0,"14":1},"f":{"0":0},"b":{"0":[0,0],"1":[0,0],"2":[0],"3":[0],"4":[0,0],"5":[0,0]},"_coverageSchema":"332fd63041d2c1bcb487cc26dd0d5f7d97098a6c","hash":"285219ff0c5d0f5c8694f5ae5409fcfc747d6dc7","contentHash":"caf01f5062fcf295401f9c1a55a7d5fe_11.6.0"},"/Users/amachhab/Documents/code/inquire-v2/src/services/motds/motds.service.js":{"path":"/Users/amachhab/Documents/code/inquire-v2/src/services/motds/motds.service.js","statementMap":{"0":{"start":{"line":2,"column":22},"end":{"line":2,"column":50}},"1":{"start":{"line":3,"column":20},"end":{"line":3,"column":55}},"2":{"start":{"line":4,"column":14},"end":{"line":4,"column":38}},"3":{"start":{"line":6,"column":0},"end":{"line":23,"column":2}},"4":{"start":{"line":7,"column":16},"end":{"line":7,"column":32}},"5":{"start":{"line":8,"column":19},"end":{"line":8,"column":38}},"6":{"start":{"line":10,"column":18},"end":{"line":14,"column":3}},"7":{"start":{"line":17,"column":2},"end":{"line":17,"column":44}},"8":{"start":{"line":20,"column":18},"end":{"line":20,"column":38}},"9":{"start":{"line":22,"column":2},"end":{"line":22,"column":23}}},"fnMap":{"0":{"name":"(anonymous_0)","decl":{"start":{"line":6,"column":17},"end":{"line":6,"column":18}},"loc":{"start":{"line":6,"column":32},"end":{"line":23,"column":1}},"line":6}},"branchMap":{},"s":{"0":1,"1":1,"2":1,"3":1,"4":1,"5":1,"6":1,"7":1,"8":1,"9":1},"f":{"0":1},"b":{},"_coverageSchema":"332fd63041d2c1bcb487cc26dd0d5f7d97098a6c","hash":"5e1ee4ccf018d65acddfdd0beef2e4ad2950666a","contentHash":"f237cf30cfcc999895d8728a48fb4e09_11.6.0"},"/Users/amachhab/Documents/code/inquire-v2/src/models/motds.model.js":{"path":"/Users/amachhab/Documents/code/inquire-v2/src/models/motds.model.js","statementMap":{"0":{"start":{"line":5,"column":0},"end":{"line":17,"column":2}},"1":{"start":{"line":6,"column":25},"end":{"line":6,"column":50}},"2":{"start":{"line":7,"column":21},"end":{"line":7,"column":35}},"3":{"start":{"line":8,"column":21},"end":{"line":14,"column":4}},"4":{"start":{"line":16,"column":2},"end":{"line":16,"column":51}}},"fnMap":{"0":{"name":"(anonymous_0)","decl":{"start":{"line":5,"column":17},"end":{"line":5,"column":18}},"loc":{"start":{"line":5,"column":31},"end":{"line":17,"column":1}},"line":5}},"branchMap":{},"s":{"0":1,"1":1,"2":1,"3":1,"4":1},"f":{"0":1},"b":{},"_coverageSchema":"332fd63041d2c1bcb487cc26dd0d5f7d97098a6c","hash":"29c6b09ba494b7b3bf41d15dc680fc903742de98","contentHash":"436e0051d7360a2c57fda0fc3e3a2d0f_11.6.0"},"/Users/amachhab/Documents/code/inquire-v2/src/services/motds/motds.hooks.js":{"path":"/Users/amachhab/Documents/code/inquire-v2/src/services/motds/motds.hooks.js","statementMap":{"0":{"start":{"line":1,"column":25},"end":{"line":1,"column":68}},"1":{"start":{"line":3,"column":0},"end":{"line":33,"column":2}}},"fnMap":{},"branchMap":{},"s":{"0":1,"1":1},"f":{},"b":{},"_coverageSchema":"332fd63041d2c1bcb487cc26dd0d5f7d97098a6c","hash":"9e19c8acfb3c1afdbccf910b412934dea0a4a7cb","contentHash":"ab31e93f89c832a30821a27c4ed7771f_11.6.0"},"/Users/amachhab/Documents/code/inquire-v2/src/services/botkit/botkit.service.js":{"path":"/Users/amachhab/Documents/code/inquire-v2/src/services/botkit/botkit.service.js","statementMap":{"0":{"start":{"line":2,"column":22},"end":{"line":2,"column":50}},"1":{"start":{"line":4,"column":0},"end":{"line":9,"column":2}},"2":{"start":{"line":7,"column":2},"end":{"line":7,"column":53}}},"fnMap":{"0":{"name":"(anonymous_0)","decl":{"start":{"line":4,"column":17},"end":{"line":4,"column":18}},"loc":{"start":{"line":4,"column":32},"end":{"line":9,"column":1}},"line":4}},"branchMap":{},"s":{"0":1,"1":1,"2":1},"f":{"0":1},"b":{},"_coverageSchema":"332fd63041d2c1bcb487cc26dd0d5f7d97098a6c","hash":"3be6b7622f53e27e9dab93a0b65d4d80068ea877","contentHash":"44eb955a188ce98a89ef57cafb157e1e_11.6.0"},"/Users/amachhab/Documents/code/inquire-v2/src/services/botkit/botkit.class.js":{"path":"/Users/amachhab/Documents/code/inquire-v2/src/services/botkit/botkit.class.js","statementMap":{"0":{"start":{"line":2,"column":16},"end":{"line":2,"column":46}},"1":{"start":{"line":3,"column":15},"end":{"line":3,"column":32}},"2":{"start":{"line":4,"column":16},"end":{"line":4,"column":35}},"3":{"start":{"line":6,"column":0},"end":{"line":43,"column":2}},"4":{"start":{"line":7,"column":16},"end":{"line":7,"column":32}},"5":{"start":{"line":8,"column":17},"end":{"line":8,"column":33}},"6":{"start":{"line":10,"column":21},"end":{"line":18,"column":4}},"7":{"start":{"line":20,"column":2},"end":{"line":20,"column":27}},"8":{"start":{"line":21,"column":2},"end":{"line":21,"column":56}},"9":{"start":{"line":22,"column":2},"end":{"line":22,"column":44}},"10":{"start":{"line":24,"column":25},"end":{"line":24,"column":66}},"11":{"start":{"line":25,"column":2},"end":{"line":29,"column":7}},"12":{"start":{"line":28,"column":6},"end":{"line":28,"column":46}},"13":{"start":{"line":31,"column":14},"end":{"line":31,"column":34}},"14":{"start":{"line":33,"column":2},"end":{"line":36,"column":5}},"15":{"start":{"line":34,"column":4},"end":{"line":34,"column":24}},"16":{"start":{"line":35,"column":4},"end":{"line":35,"column":51}},"17":{"start":{"line":38,"column":2},"end":{"line":40,"column":5}},"18":{"start":{"line":42,"column":2},"end":{"line":42,"column":16}}},"fnMap":{"0":{"name":"(anonymous_0)","decl":{"start":{"line":6,"column":17},"end":{"line":6,"column":18}},"loc":{"start":{"line":6,"column":31},"end":{"line":43,"column":1}},"line":6},"1":{"name":"(anonymous_1)","decl":{"start":{"line":27,"column":13},"end":{"line":27,"column":14}},"loc":{"start":{"line":27,"column":28},"end":{"line":29,"column":5}},"line":27},"2":{"name":"(anonymous_2)","decl":{"start":{"line":33,"column":19},"end":{"line":33,"column":20}},"loc":{"start":{"line":33,"column":33},"end":{"line":36,"column":3}},"line":33},"3":{"name":"(anonymous_3)","decl":{"start":{"line":38,"column":49},"end":{"line":38,"column":50}},"loc":{"start":{"line":38,"column":60},"end":{"line":40,"column":3}},"line":38}},"branchMap":{},"s":{"0":1,"1":1,"2":1,"3":1,"4":1,"5":1,"6":1,"7":1,"8":1,"9":1,"10":1,"11":1,"12":5,"13":1,"14":1,"15":1,"16":1,"17":1,"18":1},"f":{"0":1,"1":5,"2":1,"3":1},"b":{},"_coverageSchema":"332fd63041d2c1bcb487cc26dd0d5f7d97098a6c","hash":"538e2a600d3aec079066646145a224cb48325079","contentHash":"00787ffb2f76bc348476b1bdb94c5322_11.6.0"},"/Users/amachhab/Documents/code/inquire-v2/src/services/utils/index.js":{"path":"/Users/amachhab/Documents/code/inquire-v2/src/services/utils/index.js","statementMap":{"0":{"start":{"line":1,"column":16},"end":{"line":1,"column":36}},"1":{"start":{"line":2,"column":0},"end":{"line":2,"column":25}}},"fnMap":{},"branchMap":{},"s":{"0":1,"1":1},"f":{},"b":{},"_coverageSchema":"332fd63041d2c1bcb487cc26dd0d5f7d97098a6c","hash":"c9c3e6dad9194ed6b2dd9f2d740f9a59768b3974","contentHash":"5475cd26126fc40044018b67443bff94_11.6.0"},"/Users/amachhab/Documents/code/inquire-v2/src/services/utils/helpers.js":{"path":"/Users/amachhab/Documents/code/inquire-v2/src/services/utils/helpers.js","statementMap":{"0":{"start":{"line":1,"column":16},"end":{"line":1,"column":37}},"1":{"start":{"line":2,"column":18},"end":{"line":2,"column":46}},"2":{"start":{"line":3,"column":14},"end":{"line":3,"column":30}},"3":{"start":{"line":5,"column":20},"end":{"line":5,"column":71}},"4":{"start":{"line":7,"column":14},"end":{"line":7,"column":35}},"5":{"start":{"line":16,"column":4},"end":{"line":16,"column":19}},"6":{"start":{"line":27,"column":14},"end":{"line":27,"column":55}},"7":{"start":{"line":28,"column":4},"end":{"line":28,"column":49}},"8":{"start":{"line":29,"column":4},"end":{"line":29,"column":19}},"9":{"start":{"line":33,"column":4},"end":{"line":44,"column":5}},"10":{"start":{"line":34,"column":23},"end":{"line":36,"column":71}},"11":{"start":{"line":37,"column":19},"end":{"line":37,"column":32}},"12":{"start":{"line":38,"column":18},"end":{"line":38,"column":20}},"13":{"start":{"line":39,"column":6},"end":{"line":39,"column":37}},"14":{"start":{"line":40,"column":6},"end":{"line":40,"column":50}},"15":{"start":{"line":40,"column":23},"end":{"line":40,"column":50}},"16":{"start":{"line":41,"column":6},"end":{"line":41,"column":61}},"17":{"start":{"line":43,"column":6},"end":{"line":43,"column":65}},"18":{"start":{"line":54,"column":16},"end":{"line":56,"column":69}},"19":{"start":{"line":57,"column":4},"end":{"line":57,"column":20}},"20":{"start":{"line":68,"column":4},"end":{"line":74,"column":5}},"21":{"start":{"line":69,"column":21},"end":{"line":69,"column":49}},"22":{"start":{"line":70,"column":22},"end":{"line":70,"column":76}},"23":{"start":{"line":71,"column":6},"end":{"line":71,"column":21}},"24":{"start":{"line":73,"column":6},"end":{"line":73,"column":47}},"25":{"start":{"line":97,"column":18},"end":{"line":97,"column":60}},"26":{"start":{"line":98,"column":4},"end":{"line":117,"column":9}},"27":{"start":{"line":104,"column":28},"end":{"line":104,"column":63}},"28":{"start":{"line":107,"column":8},"end":{"line":116,"column":36}},"29":{"start":{"line":108,"column":10},"end":{"line":108,"column":51}},"30":{"start":{"line":109,"column":10},"end":{"line":115,"column":11}},"31":{"start":{"line":110,"column":12},"end":{"line":114,"column":14}},"32":{"start":{"line":116,"column":15},"end":{"line":116,"column":36}},"33":{"start":{"line":128,"column":4},"end":{"line":140,"column":5}},"34":{"start":{"line":129,"column":24},"end":{"line":129,"column":77}},"35":{"start":{"line":130,"column":23},"end":{"line":133,"column":12}},"36":{"start":{"line":131,"column":8},"end":{"line":131,"column":65}},"37":{"start":{"line":131,"column":32},"end":{"line":131,"column":65}},"38":{"start":{"line":132,"column":8},"end":{"line":132,"column":26}},"39":{"start":{"line":134,"column":6},"end":{"line":134,"column":63}},"40":{"start":{"line":134,"column":46},"end":{"line":134,"column":61}},"41":{"start":{"line":135,"column":20},"end":{"line":135,"column":47}},"42":{"start":{"line":136,"column":20},"end":{"line":136,"column":73}},"43":{"start":{"line":137,"column":6},"end":{"line":137,"column":19}},"44":{"start":{"line":139,"column":6},"end":{"line":139,"column":27}},"45":{"start":{"line":151,"column":17},"end":{"line":151,"column":43}},"46":{"start":{"line":152,"column":4},"end":{"line":157,"column":5}},"47":{"start":{"line":153,"column":6},"end":{"line":153,"column":54}},"48":{"start":{"line":155,"column":6},"end":{"line":155,"column":47}},"49":{"start":{"line":156,"column":6},"end":{"line":156,"column":18}},"50":{"start":{"line":168,"column":4},"end":{"line":177,"column":5}},"51":{"start":{"line":169,"column":21},"end":{"line":169,"column":64}},"52":{"start":{"line":170,"column":6},"end":{"line":170,"column":53}},"53":{"start":{"line":171,"column":6},"end":{"line":171,"column":38}},"54":{"start":{"line":172,"column":6},"end":{"line":172,"column":40}},"55":{"start":{"line":173,"column":6},"end":{"line":173,"column":21}},"56":{"start":{"line":175,"column":6},"end":{"line":175,"column":55}},"57":{"start":{"line":176,"column":6},"end":{"line":176,"column":21}},"58":{"start":{"line":188,"column":4},"end":{"line":199,"column":5}},"59":{"start":{"line":189,"column":23},"end":{"line":191,"column":71}},"60":{"start":{"line":192,"column":19},"end":{"line":192,"column":32}},"61":{"start":{"line":193,"column":6},"end":{"line":193,"column":37}},"62":{"start":{"line":194,"column":6},"end":{"line":194,"column":56}},"63":{"start":{"line":194,"column":23},"end":{"line":194,"column":56}},"64":{"start":{"line":195,"column":6},"end":{"line":195,"column":21}},"65":{"start":{"line":197,"column":6},"end":{"line":197,"column":50}},"66":{"start":{"line":198,"column":6},"end":{"line":198,"column":21}},"67":{"start":{"line":211,"column":4},"end":{"line":211,"column":39}},"68":{"start":{"line":212,"column":4},"end":{"line":212,"column":23}},"69":{"start":{"line":213,"column":4},"end":{"line":213,"column":35}},"70":{"start":{"line":214,"column":21},"end":{"line":222,"column":5}},"71":{"start":{"line":223,"column":4},"end":{"line":225,"column":5}},"72":{"start":{"line":224,"column":6},"end":{"line":224,"column":35}},"73":{"start":{"line":226,"column":4},"end":{"line":228,"column":5}},"74":{"start":{"line":227,"column":6},"end":{"line":227,"column":42}},"75":{"start":{"line":229,"column":18},"end":{"line":229,"column":72}},"76":{"start":{"line":230,"column":19},"end":{"line":230,"column":71}},"77":{"start":{"line":231,"column":4},"end":{"line":231,"column":39}},"78":{"start":{"line":242,"column":4},"end":{"line":242,"column":59}},"79":{"start":{"line":253,"column":18},"end":{"line":258,"column":5}},"80":{"start":{"line":259,"column":4},"end":{"line":261,"column":5}},"81":{"start":{"line":260,"column":6},"end":{"line":260,"column":42}},"82":{"start":{"line":262,"column":4},"end":{"line":262,"column":54}},"83":{"start":{"line":273,"column":16},"end":{"line":273,"column":46}},"84":{"start":{"line":274,"column":19},"end":{"line":274,"column":35}},"85":{"start":{"line":277,"column":4},"end":{"line":280,"column":5}},"86":{"start":{"line":278,"column":6},"end":{"line":278,"column":49}},"87":{"start":{"line":279,"column":6},"end":{"line":279,"column":33}},"88":{"start":{"line":281,"column":17},"end":{"line":287,"column":5}},"89":{"start":{"line":288,"column":4},"end":{"line":290,"column":5}},"90":{"start":{"line":289,"column":6},"end":{"line":289,"column":32}},"91":{"start":{"line":291,"column":4},"end":{"line":293,"column":5}},"92":{"start":{"line":292,"column":6},"end":{"line":292,"column":40}},"93":{"start":{"line":294,"column":16},"end":{"line":297,"column":5}},"94":{"start":{"line":298,"column":17},"end":{"line":303,"column":5}},"95":{"start":{"line":304,"column":22},"end":{"line":306,"column":37}},"96":{"start":{"line":307,"column":4},"end":{"line":307,"column":24}},"97":{"start":{"line":318,"column":16},"end":{"line":318,"column":46}},"98":{"start":{"line":319,"column":19},"end":{"line":319,"column":35}},"99":{"start":{"line":320,"column":16},"end":{"line":323,"column":5}},"100":{"start":{"line":324,"column":22},"end":{"line":324,"column":73}},"101":{"start":{"line":325,"column":4},"end":{"line":325,"column":24}},"102":{"start":{"line":336,"column":4},"end":{"line":336,"column":54}},"103":{"start":{"line":338,"column":4},"end":{"line":348,"column":5}},"104":{"start":{"line":339,"column":19},"end":{"line":339,"column":48}},"105":{"start":{"line":340,"column":6},"end":{"line":340,"column":44}},"106":{"start":{"line":341,"column":6},"end":{"line":341,"column":58}},"107":{"start":{"line":342,"column":6},"end":{"line":342,"column":52}},"108":{"start":{"line":344,"column":6},"end":{"line":344,"column":58}},"109":{"start":{"line":345,"column":19},"end":{"line":345,"column":56}},"110":{"start":{"line":346,"column":6},"end":{"line":346,"column":49}},"111":{"start":{"line":347,"column":6},"end":{"line":347,"column":49}},"112":{"start":{"line":359,"column":4},"end":{"line":375,"column":5}},"113":{"start":{"line":360,"column":6},"end":{"line":372,"column":7}},"114":{"start":{"line":361,"column":21},"end":{"line":361,"column":48}},"115":{"start":{"line":362,"column":8},"end":{"line":366,"column":9}},"116":{"start":{"line":363,"column":10},"end":{"line":363,"column":58}},"117":{"start":{"line":364,"column":25},"end":{"line":364,"column":41}},"118":{"start":{"line":365,"column":10},"end":{"line":365,"column":79}},"119":{"start":{"line":368,"column":8},"end":{"line":368,"column":57}},"120":{"start":{"line":369,"column":29},"end":{"line":369,"column":61}},"121":{"start":{"line":370,"column":8},"end":{"line":370,"column":44}},"122":{"start":{"line":371,"column":8},"end":{"line":371,"column":70}},"123":{"start":{"line":374,"column":6},"end":{"line":374,"column":38}},"124":{"start":{"line":386,"column":19},"end":{"line":386,"column":36}},"125":{"start":{"line":387,"column":4},"end":{"line":391,"column":5}},"126":{"start":{"line":388,"column":6},"end":{"line":388,"column":75}},"127":{"start":{"line":390,"column":6},"end":{"line":390,"column":38}},"128":{"start":{"line":402,"column":4},"end":{"line":409,"column":5}},"129":{"start":{"line":403,"column":20},"end":{"line":403,"column":66}},"130":{"start":{"line":404,"column":29},"end":{"line":404,"column":63}},"131":{"start":{"line":405,"column":23},"end":{"line":405,"column":59}},"132":{"start":{"line":406,"column":6},"end":{"line":406,"column":33}},"133":{"start":{"line":408,"column":6},"end":{"line":408,"column":27}},"134":{"start":{"line":432,"column":4},"end":{"line":442,"column":5}},"135":{"start":{"line":433,"column":6},"end":{"line":433,"column":77}},"136":{"start":{"line":435,"column":20},"end":{"line":440,"column":7}},"137":{"start":{"line":441,"column":6},"end":{"line":441,"column":59}},"138":{"start":{"line":466,"column":4},"end":{"line":474,"column":5}},"139":{"start":{"line":467,"column":6},"end":{"line":469,"column":8}},"140":{"start":{"line":470,"column":11},"end":{"line":474,"column":5}},"141":{"start":{"line":471,"column":6},"end":{"line":473,"column":8}},"142":{"start":{"line":475,"column":16},"end":{"line":480,"column":5}},"143":{"start":{"line":481,"column":4},"end":{"line":483,"column":5}},"144":{"start":{"line":482,"column":6},"end":{"line":482,"column":32}},"145":{"start":{"line":484,"column":4},"end":{"line":488,"column":5}},"146":{"start":{"line":485,"column":6},"end":{"line":487,"column":8}},"147":{"start":{"line":490,"column":4},"end":{"line":490,"column":57}},"148":{"start":{"line":494,"column":19},"end":{"line":494,"column":33}},"149":{"start":{"line":495,"column":4},"end":{"line":500,"column":5}},"150":{"start":{"line":496,"column":22},"end":{"line":496,"column":77}},"151":{"start":{"line":497,"column":6},"end":{"line":497,"column":21}},"152":{"start":{"line":499,"column":6},"end":{"line":499,"column":18}},"153":{"start":{"line":504,"column":4},"end":{"line":518,"column":5}},"154":{"start":{"line":505,"column":20},"end":{"line":505,"column":73}},"155":{"start":{"line":506,"column":6},"end":{"line":514,"column":7}},"156":{"start":{"line":507,"column":8},"end":{"line":511,"column":9}},"157":{"start":{"line":508,"column":10},"end":{"line":508,"column":22}},"158":{"start":{"line":510,"column":10},"end":{"line":510,"column":23}},"159":{"start":{"line":513,"column":8},"end":{"line":513,"column":20}},"160":{"start":{"line":516,"column":6},"end":{"line":516,"column":58}},"161":{"start":{"line":517,"column":6},"end":{"line":517,"column":18}},"162":{"start":{"line":522,"column":4},"end":{"line":533,"column":5}},"163":{"start":{"line":523,"column":19},"end":{"line":525,"column":7}},"164":{"start":{"line":526,"column":6},"end":{"line":526,"column":71}},"165":{"start":{"line":528,"column":6},"end":{"line":531,"column":8}},"166":{"start":{"line":532,"column":6},"end":{"line":532,"column":42}},"167":{"start":{"line":537,"column":0},"end":{"line":537,"column":25}}},"fnMap":{"0":{"name":"(anonymous_0)","decl":{"start":{"line":15,"column":2},"end":{"line":15,"column":3}},"loc":{"start":{"line":15,"column":19},"end":{"line":17,"column":3}},"line":15},"1":{"name":"(anonymous_1)","decl":{"start":{"line":26,"column":2},"end":{"line":26,"column":3}},"loc":{"start":{"line":26,"column":22},"end":{"line":30,"column":3}},"line":26},"2":{"name":"(anonymous_2)","decl":{"start":{"line":32,"column":2},"end":{"line":32,"column":3}},"loc":{"start":{"line":32,"column":27},"end":{"line":45,"column":3}},"line":32},"3":{"name":"(anonymous_3)","decl":{"start":{"line":53,"column":2},"end":{"line":53,"column":3}},"loc":{"start":{"line":53,"column":28},"end":{"line":58,"column":3}},"line":53},"4":{"name":"(anonymous_4)","decl":{"start":{"line":67,"column":2},"end":{"line":67,"column":3}},"loc":{"start":{"line":67,"column":35},"end":{"line":75,"column":3}},"line":67},"5":{"name":"(anonymous_5)","decl":{"start":{"line":86,"column":2},"end":{"line":86,"column":3}},"loc":{"start":{"line":90,"column":4},"end":{"line":118,"column":3}},"line":90},"6":{"name":"(anonymous_6)","decl":{"start":{"line":102,"column":12},"end":{"line":102,"column":13}},"loc":{"start":{"line":102,"column":24},"end":{"line":117,"column":7}},"line":102},"7":{"name":"(anonymous_7)","decl":{"start":{"line":127,"column":2},"end":{"line":127,"column":3}},"loc":{"start":{"line":127,"column":38},"end":{"line":141,"column":3}},"line":127},"8":{"name":"(anonymous_8)","decl":{"start":{"line":130,"column":42},"end":{"line":130,"column":43}},"loc":{"start":{"line":130,"column":66},"end":{"line":133,"column":7}},"line":130},"9":{"name":"(anonymous_9)","decl":{"start":{"line":134,"column":36},"end":{"line":134,"column":37}},"loc":{"start":{"line":134,"column":46},"end":{"line":134,"column":61}},"line":134},"10":{"name":"(anonymous_10)","decl":{"start":{"line":150,"column":2},"end":{"line":150,"column":3}},"loc":{"start":{"line":150,"column":37},"end":{"line":158,"column":3}},"line":150},"11":{"name":"(anonymous_11)","decl":{"start":{"line":167,"column":2},"end":{"line":167,"column":3}},"loc":{"start":{"line":167,"column":32},"end":{"line":178,"column":3}},"line":167},"12":{"name":"(anonymous_12)","decl":{"start":{"line":187,"column":2},"end":{"line":187,"column":3}},"loc":{"start":{"line":187,"column":32},"end":{"line":200,"column":3}},"line":187},"13":{"name":"(anonymous_13)","decl":{"start":{"line":210,"column":2},"end":{"line":210,"column":3}},"loc":{"start":{"line":210,"column":35},"end":{"line":232,"column":3}},"line":210},"14":{"name":"(anonymous_14)","decl":{"start":{"line":241,"column":2},"end":{"line":241,"column":3}},"loc":{"start":{"line":241,"column":21},"end":{"line":243,"column":3}},"line":241},"15":{"name":"(anonymous_15)","decl":{"start":{"line":252,"column":2},"end":{"line":252,"column":3}},"loc":{"start":{"line":252,"column":28},"end":{"line":263,"column":3}},"line":252},"16":{"name":"(anonymous_16)","decl":{"start":{"line":272,"column":2},"end":{"line":272,"column":3}},"loc":{"start":{"line":272,"column":27},"end":{"line":308,"column":3}},"line":272},"17":{"name":"(anonymous_17)","decl":{"start":{"line":317,"column":2},"end":{"line":317,"column":3}},"loc":{"start":{"line":317,"column":30},"end":{"line":326,"column":3}},"line":317},"18":{"name":"(anonymous_18)","decl":{"start":{"line":335,"column":2},"end":{"line":335,"column":3}},"loc":{"start":{"line":335,"column":32},"end":{"line":349,"column":3}},"line":335},"19":{"name":"(anonymous_19)","decl":{"start":{"line":358,"column":2},"end":{"line":358,"column":3}},"loc":{"start":{"line":358,"column":31},"end":{"line":376,"column":3}},"line":358},"20":{"name":"(anonymous_20)","decl":{"start":{"line":385,"column":2},"end":{"line":385,"column":3}},"loc":{"start":{"line":385,"column":32},"end":{"line":392,"column":3}},"line":385},"21":{"name":"(anonymous_21)","decl":{"start":{"line":401,"column":2},"end":{"line":401,"column":3}},"loc":{"start":{"line":401,"column":30},"end":{"line":410,"column":3}},"line":401},"22":{"name":"(anonymous_22)","decl":{"start":{"line":424,"column":2},"end":{"line":424,"column":3}},"loc":{"start":{"line":431,"column":4},"end":{"line":443,"column":3}},"line":431},"23":{"name":"(anonymous_23)","decl":{"start":{"line":457,"column":2},"end":{"line":457,"column":3}},"loc":{"start":{"line":464,"column":4},"end":{"line":491,"column":3}},"line":464},"24":{"name":"(anonymous_24)","decl":{"start":{"line":493,"column":2},"end":{"line":493,"column":3}},"loc":{"start":{"line":493,"column":34},"end":{"line":501,"column":3}},"line":493},"25":{"name":"(anonymous_25)","decl":{"start":{"line":503,"column":2},"end":{"line":503,"column":3}},"loc":{"start":{"line":503,"column":32},"end":{"line":519,"column":3}},"line":503},"26":{"name":"(anonymous_26)","decl":{"start":{"line":521,"column":2},"end":{"line":521,"column":3}},"loc":{"start":{"line":521,"column":30},"end":{"line":534,"column":3}},"line":521}},"branchMap":{"0":{"loc":{"start":{"line":40,"column":6},"end":{"line":40,"column":50}},"type":"if","locations":[{"start":{"line":40,"column":6},"end":{"line":40,"column":50}},{"start":{"line":40,"column":6},"end":{"line":40,"column":50}}],"line":40},"1":{"loc":{"start":{"line":87,"column":4},"end":{"line":87,"column":53}},"type":"default-arg","locations":[{"start":{"line":87,"column":10},"end":{"line":87,"column":53}}],"line":87},"2":{"loc":{"start":{"line":89,"column":4},"end":{"line":89,"column":16}},"type":"default-arg","locations":[{"start":{"line":89,"column":14},"end":{"line":89,"column":16}}],"line":89},"3":{"loc":{"start":{"line":97,"column":18},"end":{"line":97,"column":60}},"type":"cond-expr","locations":[{"start":{"line":97,"column":27},"end":{"line":97,"column":55}},{"start":{"line":97,"column":58},"end":{"line":97,"column":60}}],"line":97},"4":{"loc":{"start":{"line":107,"column":8},"end":{"line":116,"column":36}},"type":"if","locations":[{"start":{"line":107,"column":8},"end":{"line":116,"column":36}},{"start":{"line":107,"column":8},"end":{"line":116,"column":36}}],"line":107},"5":{"loc":{"start":{"line":109,"column":10},"end":{"line":115,"column":11}},"type":"if","locations":[{"start":{"line":109,"column":10},"end":{"line":115,"column":11}},{"start":{"line":109,"column":10},"end":{"line":115,"column":11}}],"line":109},"6":{"loc":{"start":{"line":131,"column":8},"end":{"line":131,"column":65}},"type":"if","locations":[{"start":{"line":131,"column":8},"end":{"line":131,"column":65}},{"start":{"line":131,"column":8},"end":{"line":131,"column":65}}],"line":131},"7":{"loc":{"start":{"line":152,"column":4},"end":{"line":157,"column":5}},"type":"if","locations":[{"start":{"line":152,"column":4},"end":{"line":157,"column":5}},{"start":{"line":152,"column":4},"end":{"line":157,"column":5}}],"line":152},"8":{"loc":{"start":{"line":194,"column":6},"end":{"line":194,"column":56}},"type":"if","locations":[{"start":{"line":194,"column":6},"end":{"line":194,"column":56}},{"start":{"line":194,"column":6},"end":{"line":194,"column":56}}],"line":194},"9":{"loc":{"start":{"line":219,"column":19},"end":{"line":219,"column":57}},"type":"binary-expr","locations":[{"start":{"line":219,"column":19},"end":{"line":219,"column":44}},{"start":{"line":219,"column":48},"end":{"line":219,"column":57}}],"line":219},"10":{"loc":{"start":{"line":223,"column":4},"end":{"line":225,"column":5}},"type":"if","locations":[{"start":{"line":223,"column":4},"end":{"line":225,"column":5}},{"start":{"line":223,"column":4},"end":{"line":225,"column":5}}],"line":223},"11":{"loc":{"start":{"line":226,"column":4},"end":{"line":228,"column":5}},"type":"if","locations":[{"start":{"line":226,"column":4},"end":{"line":228,"column":5}},{"start":{"line":226,"column":4},"end":{"line":228,"column":5}}],"line":226},"12":{"loc":{"start":{"line":256,"column":19},"end":{"line":256,"column":49}},"type":"binary-expr","locations":[{"start":{"line":256,"column":19},"end":{"line":256,"column":36}},{"start":{"line":256,"column":40},"end":{"line":256,"column":49}}],"line":256},"13":{"loc":{"start":{"line":259,"column":4},"end":{"line":261,"column":5}},"type":"if","locations":[{"start":{"line":259,"column":4},"end":{"line":261,"column":5}},{"start":{"line":259,"column":4},"end":{"line":261,"column":5}}],"line":259},"14":{"loc":{"start":{"line":277,"column":4},"end":{"line":280,"column":5}},"type":"if","locations":[{"start":{"line":277,"column":4},"end":{"line":280,"column":5}},{"start":{"line":277,"column":4},"end":{"line":280,"column":5}}],"line":277},"15":{"loc":{"start":{"line":288,"column":4},"end":{"line":290,"column":5}},"type":"if","locations":[{"start":{"line":288,"column":4},"end":{"line":290,"column":5}},{"start":{"line":288,"column":4},"end":{"line":290,"column":5}}],"line":288},"16":{"loc":{"start":{"line":291,"column":4},"end":{"line":293,"column":5}},"type":"if","locations":[{"start":{"line":291,"column":4},"end":{"line":293,"column":5}},{"start":{"line":291,"column":4},"end":{"line":293,"column":5}}],"line":291},"17":{"loc":{"start":{"line":362,"column":8},"end":{"line":366,"column":9}},"type":"if","locations":[{"start":{"line":362,"column":8},"end":{"line":366,"column":9}},{"start":{"line":362,"column":8},"end":{"line":366,"column":9}}],"line":362},"18":{"loc":{"start":{"line":427,"column":4},"end":{"line":427,"column":21}},"type":"default-arg","locations":[{"start":{"line":427,"column":11},"end":{"line":427,"column":21}}],"line":427},"19":{"loc":{"start":{"line":428,"column":4},"end":{"line":428,"column":14}},"type":"default-arg","locations":[{"start":{"line":428,"column":12},"end":{"line":428,"column":14}}],"line":428},"20":{"loc":{"start":{"line":429,"column":4},"end":{"line":429,"column":12}},"type":"default-arg","locations":[{"start":{"line":429,"column":11},"end":{"line":429,"column":12}}],"line":429},"21":{"loc":{"start":{"line":430,"column":4},"end":{"line":430,"column":17}},"type":"default-arg","locations":[{"start":{"line":430,"column":13},"end":{"line":430,"column":17}}],"line":430},"22":{"loc":{"start":{"line":432,"column":4},"end":{"line":442,"column":5}},"type":"if","locations":[{"start":{"line":432,"column":4},"end":{"line":442,"column":5}},{"start":{"line":432,"column":4},"end":{"line":442,"column":5}}],"line":432},"23":{"loc":{"start":{"line":432,"column":8},"end":{"line":432,"column":24}},"type":"binary-expr","locations":[{"start":{"line":432,"column":8},"end":{"line":432,"column":14}},{"start":{"line":432,"column":18},"end":{"line":432,"column":24}}],"line":432},"24":{"loc":{"start":{"line":460,"column":4},"end":{"line":460,"column":21}},"type":"default-arg","locations":[{"start":{"line":460,"column":11},"end":{"line":460,"column":21}}],"line":460},"25":{"loc":{"start":{"line":461,"column":4},"end":{"line":461,"column":14}},"type":"default-arg","locations":[{"start":{"line":461,"column":12},"end":{"line":461,"column":14}}],"line":461},"26":{"loc":{"start":{"line":462,"column":4},"end":{"line":462,"column":12}},"type":"default-arg","locations":[{"start":{"line":462,"column":11},"end":{"line":462,"column":12}}],"line":462},"27":{"loc":{"start":{"line":466,"column":4},"end":{"line":474,"column":5}},"type":"if","locations":[{"start":{"line":466,"column":4},"end":{"line":474,"column":5}},{"start":{"line":466,"column":4},"end":{"line":474,"column":5}}],"line":466},"28":{"loc":{"start":{"line":470,"column":11},"end":{"line":474,"column":5}},"type":"if","locations":[{"start":{"line":470,"column":11},"end":{"line":474,"column":5}},{"start":{"line":470,"column":11},"end":{"line":474,"column":5}}],"line":470},"29":{"loc":{"start":{"line":481,"column":4},"end":{"line":483,"column":5}},"type":"if","locations":[{"start":{"line":481,"column":4},"end":{"line":483,"column":5}},{"start":{"line":481,"column":4},"end":{"line":483,"column":5}}],"line":481},"30":{"loc":{"start":{"line":484,"column":4},"end":{"line":488,"column":5}},"type":"if","locations":[{"start":{"line":484,"column":4},"end":{"line":488,"column":5}},{"start":{"line":484,"column":4},"end":{"line":488,"column":5}}],"line":484},"31":{"loc":{"start":{"line":506,"column":6},"end":{"line":514,"column":7}},"type":"if","locations":[{"start":{"line":506,"column":6},"end":{"line":514,"column":7}},{"start":{"line":506,"column":6},"end":{"line":514,"column":7}}],"line":506},"32":{"loc":{"start":{"line":507,"column":8},"end":{"line":511,"column":9}},"type":"if","locations":[{"start":{"line":507,"column":8},"end":{"line":511,"column":9}},{"start":{"line":507,"column":8},"end":{"line":511,"column":9}}],"line":507}},"s":{"0":1,"1":1,"2":1,"3":1,"4":1,"5":2,"6":7,"7":7,"8":7,"9":0,"10":0,"11":0,"12":0,"13":0,"14":0,"15":0,"16":0,"17":0,"18":12,"19":12,"20":4,"21":4,"22":4,"23":4,"24":0,"25":6,"26":6,"27":6,"28":6,"29":0,"30":0,"31":0,"32":6,"33":5,"34":5,"35":5,"36":19,"37":3,"38":19,"39":5,"40":19,"41":5,"42":5,"43":5,"44":0,"45":1,"46":1,"47":1,"48":0,"49":0,"50":11,"51":11,"52":11,"53":11,"54":11,"55":11,"56":0,"57":0,"58":4,"59":4,"60":4,"61":4,"62":4,"63":0,"64":4,"65":0,"66":0,"67":7,"68":7,"69":7,"70":7,"71":7,"72":7,"73":7,"74":0,"75":7,"76":7,"77":7,"78":11,"79":4,"80":4,"81":0,"82":4,"83":3,"84":3,"85":3,"86":3,"87":3,"88":3,"89":3,"90":3,"91":3,"92":0,"93":3,"94":3,"95":3,"96":3,"97":0,"98":0,"99":0,"100":0,"101":0,"102":10,"103":10,"104":10,"105":7,"106":7,"107":7,"108":3,"109":3,"110":3,"111":3,"112":0,"113":0,"114":0,"115":0,"116":0,"117":0,"118":0,"119":0,"120":0,"121":0,"122":0,"123":0,"124":0,"125":0,"126":0,"127":0,"128":3,"129":3,"130":3,"131":3,"132":3,"133":0,"134":3,"135":3,"136":0,"137":0,"138":3,"139":2,"140":1,"141":1,"142":3,"143":3,"144":3,"145":3,"146":1,"147":3,"148":0,"149":0,"150":0,"151":0,"152":0,"153":0,"154":0,"155":0,"156":0,"157":0,"158":0,"159":0,"160":0,"161":0,"162":0,"163":0,"164":0,"165":0,"166":0,"167":1},"f":{"0":2,"1":7,"2":0,"3":12,"4":4,"5":6,"6":6,"7":5,"8":19,"9":19,"10":1,"11":11,"12":4,"13":7,"14":11,"15":4,"16":3,"17":0,"18":10,"19":0,"20":0,"21":3,"22":3,"23":3,"24":0,"25":0,"26":0},"b":{"0":[0,0],"1":[6],"2":[6],"3":[6,0],"4":[0,6],"5":[0,0],"6":[3,16],"7":[1,0],"8":[0,4],"9":[7,0],"10":[7,0],"11":[0,7],"12":[4,0],"13":[0,4],"14":[3,0],"15":[3,0],"16":[0,3],"17":[0,0],"18":[2],"19":[2],"20":[2],"21":[2],"22":[3,0],"23":[3,2],"24":[0],"25":[0],"26":[0],"27":[2,1],"28":[1,0],"29":[3,0],"30":[1,2],"31":[0,0],"32":[0,0]},"_coverageSchema":"332fd63041d2c1bcb487cc26dd0d5f7d97098a6c","hash":"3e27dbcd3c9d461f4f2cf6d332017ef46f11f404","contentHash":"6b48f4e95efcc8fc9cf70e9675e9910d_11.6.0"},"/Users/amachhab/Documents/code/inquire-v2/src/services/feedback/feedback.service.js":{"path":"/Users/amachhab/Documents/code/inquire-v2/src/services/feedback/feedback.service.js","statementMap":{"0":{"start":{"line":2,"column":22},"end":{"line":2,"column":50}},"1":{"start":{"line":3,"column":20},"end":{"line":3,"column":58}},"2":{"start":{"line":4,"column":14},"end":{"line":4,"column":41}},"3":{"start":{"line":6,"column":0},"end":{"line":23,"column":2}},"4":{"start":{"line":7,"column":16},"end":{"line":7,"column":32}},"5":{"start":{"line":8,"column":19},"end":{"line":8,"column":38}},"6":{"start":{"line":10,"column":18},"end":{"line":14,"column":3}},"7":{"start":{"line":17,"column":2},"end":{"line":17,"column":47}},"8":{"start":{"line":20,"column":18},"end":{"line":20,"column":41}},"9":{"start":{"line":22,"column":2},"end":{"line":22,"column":23}}},"fnMap":{"0":{"name":"(anonymous_0)","decl":{"start":{"line":6,"column":17},"end":{"line":6,"column":18}},"loc":{"start":{"line":6,"column":31},"end":{"line":23,"column":1}},"line":6}},"branchMap":{},"s":{"0":1,"1":1,"2":1,"3":1,"4":1,"5":1,"6":1,"7":1,"8":1,"9":1},"f":{"0":1},"b":{},"_coverageSchema":"332fd63041d2c1bcb487cc26dd0d5f7d97098a6c","hash":"7f1788b4387b6da3403c4d15df2eaaeddb714c19","contentHash":"de99750f1ba7c1a78b3dd3f523538fee_11.6.0"},"/Users/amachhab/Documents/code/inquire-v2/src/models/feedback.model.js":{"path":"/Users/amachhab/Documents/code/inquire-v2/src/models/feedback.model.js","statementMap":{"0":{"start":{"line":5,"column":0},"end":{"line":28,"column":2}},"1":{"start":{"line":6,"column":25},"end":{"line":6,"column":50}},"2":{"start":{"line":7,"column":21},"end":{"line":7,"column":35}},"3":{"start":{"line":8,"column":25},"end":{"line":25,"column":4}},"4":{"start":{"line":27,"column":2},"end":{"line":27,"column":58}}},"fnMap":{"0":{"name":"(anonymous_0)","decl":{"start":{"line":5,"column":17},"end":{"line":5,"column":18}},"loc":{"start":{"line":5,"column":31},"end":{"line":28,"column":1}},"line":5}},"branchMap":{},"s":{"0":1,"1":1,"2":1,"3":1,"4":1},"f":{"0":1},"b":{},"_coverageSchema":"332fd63041d2c1bcb487cc26dd0d5f7d97098a6c","hash":"2dfb9f43928a20ff9ea2cbd92229547fb23d64a4","contentHash":"a5d64ad2af1e6ffc962b7276d6fd8575_11.6.0"},"/Users/amachhab/Documents/code/inquire-v2/src/services/feedback/feedback.hooks.js":{"path":"/Users/amachhab/Documents/code/inquire-v2/src/services/feedback/feedback.hooks.js","statementMap":{"0":{"start":{"line":1,"column":25},"end":{"line":1,"column":68}},"1":{"start":{"line":3,"column":0},"end":{"line":33,"column":2}}},"fnMap":{},"branchMap":{},"s":{"0":1,"1":1},"f":{},"b":{},"_coverageSchema":"332fd63041d2c1bcb487cc26dd0d5f7d97098a6c","hash":"aa9381158ab46e53cfcd45edafcf1defcc5f1dba","contentHash":"3d43238aab856c9aadcaa977db9aa7d6_11.6.0"},"/Users/amachhab/Documents/code/inquire-v2/src/services/webhooks/webhooks.service.js":{"path":"/Users/amachhab/Documents/code/inquire-v2/src/services/webhooks/webhooks.service.js","statementMap":{"0":{"start":{"line":2,"column":22},"end":{"line":2,"column":50}},"1":{"start":{"line":3,"column":20},"end":{"line":3,"column":58}},"2":{"start":{"line":4,"column":14},"end":{"line":4,"column":41}},"3":{"start":{"line":6,"column":0},"end":{"line":22,"column":2}},"4":{"start":{"line":7,"column":16},"end":{"line":7,"column":32}},"5":{"start":{"line":8,"column":19},"end":{"line":8,"column":38}},"6":{"start":{"line":10,"column":18},"end":{"line":13,"column":3}},"7":{"start":{"line":16,"column":2},"end":{"line":16,"column":47}},"8":{"start":{"line":19,"column":18},"end":{"line":19,"column":41}},"9":{"start":{"line":21,"column":2},"end":{"line":21,"column":23}}},"fnMap":{"0":{"name":"(anonymous_0)","decl":{"start":{"line":6,"column":17},"end":{"line":6,"column":18}},"loc":{"start":{"line":6,"column":32},"end":{"line":22,"column":1}},"line":6}},"branchMap":{},"s":{"0":1,"1":1,"2":1,"3":1,"4":1,"5":1,"6":1,"7":1,"8":1,"9":1},"f":{"0":1},"b":{},"_coverageSchema":"332fd63041d2c1bcb487cc26dd0d5f7d97098a6c","hash":"b92b8a2b88f312fd1c46d2db645a0c5bbf40f8fe","contentHash":"70a830b3c3bb80e2b882adda9a93100d_11.6.0"},"/Users/amachhab/Documents/code/inquire-v2/src/models/webhooks.model.js":{"path":"/Users/amachhab/Documents/code/inquire-v2/src/models/webhooks.model.js","statementMap":{"0":{"start":{"line":5,"column":0},"end":{"line":40,"column":2}},"1":{"start":{"line":6,"column":25},"end":{"line":6,"column":50}},"2":{"start":{"line":7,"column":21},"end":{"line":7,"column":35}},"3":{"start":{"line":8,"column":19},"end":{"line":21,"column":3}},"4":{"start":{"line":39,"column":2},"end":{"line":39,"column":52}}},"fnMap":{"0":{"name":"(anonymous_0)","decl":{"start":{"line":5,"column":17},"end":{"line":5,"column":18}},"loc":{"start":{"line":5,"column":31},"end":{"line":40,"column":1}},"line":5}},"branchMap":{},"s":{"0":1,"1":1,"2":1,"3":1,"4":1},"f":{"0":1},"b":{},"_coverageSchema":"332fd63041d2c1bcb487cc26dd0d5f7d97098a6c","hash":"cf3bc20201708a6c92640239fe82f7dfddbc7412","contentHash":"af9d34ba1715ba1192cbf4319e5a521a_11.6.0"},"/Users/amachhab/Documents/code/inquire-v2/src/services/webhooks/webhooks.hooks.js":{"path":"/Users/amachhab/Documents/code/inquire-v2/src/services/webhooks/webhooks.hooks.js","statementMap":{"0":{"start":{"line":1,"column":25},"end":{"line":1,"column":68}},"1":{"start":{"line":2,"column":14},"end":{"line":2,"column":54}},"2":{"start":{"line":3,"column":24},"end":{"line":3,"column":47}},"3":{"start":{"line":5,"column":0},"end":{"line":44,"column":2}}},"fnMap":{},"branchMap":{},"s":{"0":1,"1":1,"2":1,"3":1},"f":{},"b":{},"_coverageSchema":"332fd63041d2c1bcb487cc26dd0d5f7d97098a6c","hash":"a2e287a0e839be52f9d3c4929c4a23cd4e2a35b5","contentHash":"bee00436282b57fc0fc4397132487c0a_11.6.0"},"/Users/amachhab/Documents/code/inquire-v2/src/services/webhooks/hook.utils.js":{"path":"/Users/amachhab/Documents/code/inquire-v2/src/services/webhooks/hook.utils.js","statementMap":{"0":{"start":{"line":1,"column":15},"end":{"line":1,"column":44}},"1":{"start":{"line":3,"column":0},"end":{"line":5,"column":2}},"2":{"start":{"line":8,"column":2},"end":{"line":45,"column":4}},"3":{"start":{"line":12,"column":4},"end":{"line":43,"column":5}},"4":{"start":{"line":13,"column":26},"end":{"line":13,"column":41}},"5":{"start":{"line":14,
[...]
8}},"20":{"start":{"line":35,"column":6},"end":{"line":35,"column":56}},"21":{"start":{"line":36,"column":22},"end":{"line":36,"column":58}},"22":{"start":{"line":37,"column":6},"end":{"line":37,"column":50}},"23":{"start":{"line":39,"column":22},"end":{"line":39,"column":61}},"24":{"start":{"line":40,"column":6},"end":{"line":40,"column":50}}},"fnMap":{"0":{"name":"(anonymous_0)","decl":{"start":{"line":6,"column":17},"end":{"line":6,"column":18}},"loc":{"start":{"line":6,"column":38},"end":{"line":43,"column":1}},"line":6},"1":{"name":"(anonymous_1)","decl":{"start":{"line":10,"column":4},"end":{"line":10,"column":5}},"loc":{"start":{"line":10,"column":28},"end":{"line":30,"column":5}},"line":10},"2":{"name":"(anonymous_2)","decl":{"start":{"line":32,"column":52},"end":{"line":32,"column":53}},"loc":{"start":{"line":32,"column":76},"end":{"line":42,"column":3}},"line":32}},"branchMap":{"0":{"loc":{"start":{"line":12,"column":6},"end":{"line":29,"column":7}},"type":"switch","locations":[{"start":{"line":13,"column":6},"end":{"line":18,"column":7}},{"start":{"line":19,"column":6},"end":{"line":24,"column":7}},{"start":{"line":25,"column":6},"end":{"line":28,"column":7}}],"line":12}},"s":{"0":1,"1":1,"2":1,"3":1,"4":1,"5":0,"6":0,"7":0,"8":0,"9":0,"10":0,"11":0,"12":0,"13":0,"14":0,"15":0,"16":0,"17":1,"18":0,"19":0,"20":0,"21":0,"22":0,"23":0,"24":0},"f":{"0":1,"1":0,"2":0},"b":{"0":[0,0,0]},"_coverageSchema":"332fd63041d2c1bcb487cc26dd0d5f7d97098a6c","hash":"2be9521ad131fa703d2f8dccf6ec135f478cf368","contentHash":"0522bc25be559865c639eabc28a9d25e_11.6.0"},"/Users/amachhab/Documents/code/inquire-v2/src/services/botkit/skills/question.js":{"path":"/Users/amachhab/Documents/code/inquire-v2/src/services/botkit/skills/question.js","statementMap":{"0":{"start":{"line":1,"column":15},"end":{"line":1,"column":33}},"1":{"start":{"line":2,"column":14},"end":{"line":2,"column":30}},"2":{"start":{"line":3,"column":11},"end":{"line":3,"column":24}},"3":{"start":{"line":4,"column":13},"end":{"line":4,"column":28}},"4":{"start":{"line":5,"column":14},"end":{"line":5,"column":45}},"5":{"start":{"line":11,"column":4},"end":{"line":11,"column":37}},"6":{"start":{"line":13,"column":16},"end":{"line":16,"column":1}},"7":{"start":{"line":18,"column":0},"end":{"line":228,"column":2}},"8":{"start":{"line":20,"column":15},"end":{"line":20,"column":25}},"9":{"start":{"line":21,"column":15},"end":{"line":21,"column":27}},"10":{"start":{"line":22,"column":15},"end":{"line":22,"column":110}},"11":{"start":{"line":23,"column":30},"end":{"line":23,"column":125}},"12":{"start":{"line":24,"column":15},"end":{"line":24,"column":40}},"13":{"start":{"line":25,"column":15},"end":{"line":25,"column":52}},"14":{"start":{"line":26,"column":19},"end":{"line":26,"column":72}},"15":{"start":{"line":27,"column":19},"end":{"line":27,"column":149}},"16":{"start":{"line":28,"column":26},"end":{"line":28,"column":156}},"17":{"start":{"line":31,"column":2},"end":{"line":157,"column":5}},"18":{"start":{"line":32,"column":4},"end":{"line":32,"column":51}},"19":{"start":{"line":34,"column":4},"end":{"line":37,"column":5}},"20":{"start":{"line":35,"column":6},"end":{"line":35,"column":37}},"21":{"start":{"line":36,"column":6},"end":{"line":36,"column":23}},"22":{"start":{"line":36,"column":17},"end":{"line":36,"column":23}},"23":{"start":{"line":39,"column":4},"end":{"line":39,"column":39}},"24":{"start":{"line":40,"column":15},"end":{"line":40,"column":72}},"25":{"start":{"line":41,"column":17},"end":{"line":41,"column":34}},"26":{"start":{"line":43,"column":4},"end":{"line":53,"column":5}},"27":{"start":{"line":44,"column":6},"end":{"line":44,"column":38}},"28":{"start":{"line":45,"column":6},"end":{"line":51,"column":27}},"29":{"start":{"line":52,"column":6},"end":{"line":52,"column":32}},"30":{"start":{"line":54,"column":4},"end":{"line":156,"column":5}},"31":{"start":{"line":55,"column":6},"end":{"line":55,"column":59}},"32":{"start":{"line":56,"column":6},"end":{"line":99,"column":11}},"33":{"start":{"line":59,"column":10},"end":{"line":59,"column":34}},"34":{"start":{"line":60,"column":27},"end":{"line":60,"column":44}},"35":{"start":{"line":61,"column":27},"end":{"line":61,"column":44}},"36":{"start":{"line":63,"column":12},"end":{"line":63,"column":69}},"37":{"start":{"line":64,"column":31},"end":{"line":64,"column":61}},"38":{"start":{"line":66,"column":12},"end":{"line":67,"column":62}},"39":{"start":{"line":68,"column":32},"end":{"line":75,"column":12}},"40":{"start":{"line":76,"column":10},"end":{"line":86,"column":12}},"41":{"start":{"line":83,"column":14},"end":{"line":83,"column":42}},"42":{"start":{"line":83,"column":23},"end":{"line":83,"column":42}},"43":{"start":{"line":84,"column":14},"end":{"line":84,"column":49}},"44":{"start":{"line":88,"column":28},"end":{"line":88,"column":55}},"45":{"start":{"line":89,"column":10},"end":{"line":89,"column":35}},"46":{"start":{"line":90,"column":10},"end":{"line":92,"column":13}},"47":{"start":{"line":95,"column":10},"end":{"line":95,"column":29}},"48":{"start":{"line":96,"column":10},"end":{"line":98,"column":13}},"49":{"start":{"line":101,"column":6},"end":{"line":111,"column":7}},"50":{"start":{"line":102,"column":26},"end":{"line":102,"column":57}},"51":{"start":{"line":103,"column":8},"end":{"line":103,"column":38}},"52":{"start":{"line":104,"column":8},"end":{"line":104,"column":38}},"53":{"start":{"line":105,"column":8},"end":{"line":105,"column":47}},"54":{"start":{"line":106,"column":13},"end":{"line":111,"column":7}},"55":{"start":{"line":107,"column":26},"end":{"line":107,"column":64}},"56":{"start":{"line":108,"column":8},"end":{"line":108,"column":38}},"57":{"start":{"line":109,"column":8},"end":{"line":109,"column":38}},"58":{"start":{"line":110,"column":8},"end":{"line":110,"column":47}},"59":{"start":{"line":114,"column":6},"end":{"line":155,"column":11}},"60":{"start":{"line":117,"column":10},"end":{"line":147,"column":11}},"61":{"start":{"line":118,"column":31},"end":{"line":118,"column":43}},"62":{"start":{"line":119,"column":29},"end":{"line":119,"column":53}},"63":{"start":{"line":120,"column":29},"end":{"line":120,"column":57}},"64":{"start":{"line":121,"column":30},"end":{"line":125,"column":14}},"65":{"start":{"line":126,"column":36},"end":{"line":130,"column":14}},"66":{"start":{"line":131,"column":12},"end":{"line":133,"column":15}},"67":{"start":{"line":134,"column":12},"end":{"line":140,"column":15}},"68":{"start":{"line":135,"column":14},"end":{"line":135,"column":46}},"69":{"start":{"line":135,"column":25},"end":{"line":135,"column":46}},"70":{"start":{"line":136,"column":14},"end":{"line":139,"column":17}},"71":{"start":{"line":143,"column":27},"end":{"line":143,"column":78}},"72":{"start":{"line":144,"column":12},"end":{"line":146,"column":15}},"73":{"start":{"line":150,"column":10},"end":{"line":150,"column":29}},"74":{"start":{"line":151,"column":25},"end":{"line":151,"column":77}},"75":{"start":{"line":152,"column":10},"end":{"line":154,"column":13}},"76":{"start":{"line":160,"column":2},"end":{"line":173,"column":4}},"77":{"start":{"line":164,"column":17},"end":{"line":164,"column":74}},"78":{"start":{"line":165,"column":19},"end":{"line":165,"column":36}},"79":{"start":{"line":166,"column":22},"end":{"line":168,"column":57}},"80":{"start":{"line":169,"column":6},"end":{"line":171,"column":9}},"81":{"start":{"line":176,"column":2},"end":{"line":208,"column":4}},"82":{"start":{"line":180,"column":6},"end":{"line":206,"column":11}},"83":{"start":{"line":184,"column":21},"end":{"line":184,"column":78}},"84":{"start":{"line":185,"column":23},"end":{"line":185,"column":40}},"85":{"start":{"line":186,"column":10},"end":{"line":198,"column":11}},"86":{"start":{"line":187,"column":12},"end":{"line":187,"column":74}},"87":{"start":{"line":188,"column":12},"end":{"line":195,"column":15}},"88":{"start":{"line":189,"column":14},"end":{"line":191,"column":54}},"89":{"start":{"line":192,"column":14},"end":{"line":194,"column":15}},"90":{"start":{"line":193,"column":16},"end":{"line":193,"column":58}},"91":{"start":{"line":197,"column":12},"end":{"line":197,"column":75}},"92":{"start":{"line":199,"column":10},"end":{"line":205,"column":13}},"93":{"start":{"line":200,"column":12},"end":{"line":200,"column":44}},"94":{"start":{"line":200,"column":23},"end":{"line":200,"column":44}},"95":{"start":{"line":201,"column":12},"end":{"line":204,"column":15}},"96":{"start":{"line":210,"column":2},"end":{"line":213,"column":5}},"97":{"start":{"line":211,"column":4},"end":{"line":211,"column":50}},"98":{"start":{"line":212,"column":4},"end":{"line":212,"column":27}},"99":{"start":{"line":214,"column":2},"end":{"line":217,"column":5}},"100":{"start":{"line":215,"column":4},"end":{"line":215,"column":50}},"101":{"start":{"line":216,"column":4},"end":{"line":216,"column":25}},"102":{"start":{"line":219,"column":2},"end":{"line":222,"column":5}},"103":{"start":{"line":220,"column":4},"end":{"line":220,"column":30}},"104":{"start":{"line":221,"column":4},"end":{"line":221,"column":43}},"105":{"start":{"line":224,"column":2},"end":{"line":227,"column":5}},"106":{"start":{"line":225,"column":4},"end":{"line":225,"column":28}},"107":{"start":{"line":226,"column":4},"end":{"line":226,"column":44}}},"fnMap":{"0":{"name":"(anonymous_0)","decl":{"start":{"line":18,"column":17},"end":{"line":18,"column":18}},"loc":{"start":{"line":18,"column":38},"end":{"line":228,"column":1}},"line":18},"1":{"name":"(anonymous_1)","decl":{"start":{"line":31,"column":34},"end":{"line":31,"column":35}},"loc":{"start":{"line":31,"column":57},"end":{"line":157,"column":3}},"line":31},"2":{"name":"(anonymous_2)","decl":{"start":{"line":58,"column":14},"end":{"line":58,"column":15}},"loc":{"start":{"line":58,"column":39},"end":{"line":93,"column":9}},"line":58},"3":{"name":"(anonymous_3)","decl":{"start":{"line":82,"column":12},"end":{"line":82,"column":13}},"loc":{"start":{"line":82,"column":30},"end":{"line":85,"column":13}},"line":82},"4":{"name":"(anonymous_4)","decl":{"start":{"line":94,"column":15},"end":{"line":94,"column":16}},"loc":{"start":{"line":94,"column":22},"end":{"line":99,"column":9}},"line":94},"5":{"name":"(anonymous_5)","decl":{"start":{"line":116,"column":14},"end":{"line":116,"column":15}},"loc":{"start":{"line":116,"column":24},"end":{"line":148,"column":9}},"line":116},"6":{"name":"(anonymous_6)","decl":{"start":{"line":134,"column":50},"end":{"line":134,"column":51}},"loc":{"start":{"line":134,"column":68},"end":{"line":140,"column":13}},"line":134},"7":{"name":"(anonymous_7)","decl":{"start":{"line":149,"column":15},"end":{"line":149,"column":16}},"loc":{"start":{"line":149,"column":22},"end":{"line":155,"column":9}},"line":149},"8":{"name":"(anonymous_8)","decl":{"start":{"line":163,"column":4},"end":{"line":163,"column":5}},"loc":{"start":{"line":163,"column":27},"end":{"line":172,"column":5}},"line":163},"9":{"name":"(anonymous_9)","decl":{"start":{"line":179,"column":4},"end":{"line":179,"column":5}},"loc":{"start":{"line":179,"column":27},"end":{"line":207,"column":5}},"line":179},"10":{"name":"(anonymous_10)","decl":{"start":{"line":182,"column":14},"end":{"line":182,"column":15}},"loc":{"start":{"line":182,"column":26},"end":{"line":206,"column":9}},"line":182},"11":{"name":"(anonymous_11)","decl":{"start":{"line":188,"column":34},"end":{"line":188,"column":35}},"loc":{"start":{"line":188,"column":50},"end":{"line":195,"column":13}},"line":188},"12":{"name":"(anonymous_12)","decl":{"start":{"line":199,"column":48},"end":{"line":199,"column":49}},"loc":{"start":{"line":199,"column":66},"end":{"line":205,"column":11}},"line":199},"13":{"name":"(anonymous_13)","decl":{"start":{"line":210,"column":35},"end":{"line":210,"column":36}},"loc":{"start":{"line":210,"column":55},"end":{"line":213,"column":3}},"line":210},"14":{"name":"(anonymous_14)","decl":{"start":{"line":214,"column":36},"end":{"line":214,"column":37}},"loc":{"start":{"line":214,"column":56},"end":{"line":217,"column":3}},"line":214},"15":{"name":"(anonymous_15)","decl":{"start":{"line":219,"column":34},"end":{"line":219,"column":35}},"loc":{"start":{"line":219,"column":54},"end":{"line":222,"column":3}},"line":219},"16":{"name":"(anonymous_16)","decl":{"start":{"line":224,"column":35},"end":{"line":224,"column":36}},"loc":{"start":{"line":224,"column":55},"end":{"line":227,"column":3}},"line":224}},"branchMap":{"0":{"loc":{"start":{"line":36,"column":6},"end":{"line":36,"column":23}},"type":"if","locations":[{"start":{"line":36,"column":6},"end":{"line":36,"column":23}},{"start":{"line":36,"column":6},"end":{"line":36,"column":23}}],"line":36},"1":{"loc":{"start":{"line":43,"column":4},"end":{"line":53,"column":5}},"type":"if","locations":[{"start":{"line":43,"column":4},"end":{"line":53,"column":5}},{"start":{"line":43,"column":4},"end":{"line":53,"column":5}}],"line":43},"2":{"loc":{"start":{"line":54,"column":4},"end":{"line":156,"column":5}},"type":"if","locations":[{"start":{"line":54,"column":4},"end":{"line":156,"column":5}},{"start":{"line":54,"column":4},"end":{"line":156,"column":5}}],"line":54},"3":{"loc":{"start":{"line":64,"column":31},"end":{"line":64,"column":61}},"type":"binary-expr","locations":[{"start":{"line":64,"column":31},"end":{"line":64,"column":44}},{"start":{"line":64,"column":48},"end":{"line":64,"column":61}}],"line":64},"4":{"loc":{"start":{"line":66,"column":12},"end":{"line":67,"column":62}},"type":"binary-expr","locations":[{"start":{"line":66,"column":12},"end":{"line":66,"column":62}},{"start":{"line":67,"column":12},"end":{"line":67,"column":62}}],"line":66},"5":{"loc":{"start":{"line":83,"column":14},"end":{"line":83,"column":42}},"type":"if","locations":[{"start":{"line":83,"column":14},"end":{"line":83,"column":42}},{"start":{"line":83,"column":14},"end":{"line":83,"column":42}}],"line":83},"6":{"loc":{"start":{"line":101,"column":6},"end":{"line":111,"column":7}},"type":"if","locations":[{"start":{"line":101,"column":6},"end":{"line":111,"column":7}},{"start":{"line":101,"column":6},"end":{"line":111,"column":7}}],"line":101},"7":{"loc":{"start":{"line":106,"column":13},"end":{"line":111,"column":7}},"type":"if","locations":[{"start":{"line":106,"column":13},"end":{"line":111,"column":7}},{"start":{"line":106,"column":13},"end":{"line":111,"column":7}}],"line":106},"8":{"loc":{"start":{"line":117,"column":10},"end":{"line":147,"column":11}},"type":"if","locations":[{"start":{"line":117,"column":10},"end":{"line":147,"column":11}},{"start":{"line":117,"column":10},"end":{"line":147,"column":11}}],"line":117},"9":{"loc":{"start":{"line":120,"column":29},"end":{"line":120,"column":57}},"type":"binary-expr","locations":[{"start":{"line":120,"column":29},"end":{"line":120,"column":41}},{"start":{"line":120,"column":45},"end":{"line":120,"column":57}}],"line":120},"10":{"loc":{"start":{"line":135,"column":14},"end":{"line":135,"column":46}},"type":"if","locations":[{"start":{"line":135,"column":14},"end":{"line":135,"column":46}},{"start":{"line":135,"column":14},"end":{"line":135,"column":46}}],"line":135},"11":{"loc":{"start":{"line":186,"column":10},"end":{"line":198,"column":11}},"type":"if","locations":[{"start":{"line":186,"column":10},"end":{"line":198,"column":11}},{"start":{"line":186,"column":10},"end":{"line":198,"column":11}}],"line":186},"12":{"loc":{"start":{"line":192,"column":14},"end":{"line":194,"column":15}},"type":"if","locations":[{"start":{"line":192,"column":14},"end":{"line":194,"column":15}},{"start":{"line":192,"column":14},"end":{"line":194,"column":15}}],"line":192},"13":{"loc":{"start":{"line":200,"column":12},"end":{"line":200,"column":44}},"type":"if","locations":[{"start":{"line":200,"column":12},"end":{"line":200,"column":44}},{"start":{"line":200,"column":12},"end":{"line":200,"column":44}}],"line":200}},"s":{"0":1,"1":1,"2":1,"3":1,"4":1,"5":1,"6":1,"7":1,"8":1,"9":1,"10":1,"11":1,"12":1,"13":1,"14":1,"15":1,"16":1,"17":1,"18":0,"19":0,"20":0,"21":0,"22":0,"23":0,"24":0,"25":0,"26":0,"27":0,"28":0,"29":0,"30":0,"31":0,"32":0,"33":0,"34":0,"35":0,"36":0,"37":0,"38":0,"39":0,"40":0,"41":0,"42":0,"43":0,"44":0,"45":0,"46":0,"47":0,"48":0,"49":0,"50":0,"51":0,"52":0,"53":0,"54":0,"55":0,"56":0,"57":0,"58":0,"59":0,"60":0,"61":0,"62":0,"63":0,"64":0,"65":0,"66":0,"67":0,"68":0,"69":0,"70":0,"71":0,"72":0,"73":0,"74":0,"75":0,"76":1,"77":0,"78":0,"79":0,"80":0,"81":1,"82":0,"83":0,"84":0,"85":0,"86":0,"87":0,"88":0,"89":0,"90":0,"91":0,"92":0,"93":0,"94":0,"95":0,"96":1,"97":0,"98":0,"99":1,"100":0,"101":0,"102":1,"103":0,"104":0,"105":1,"106":0,"107":0},"f":{"0":1,"1":0,"2":0,"3":0,"4":0,"5":0,"6":0,"7":0,"8":0,"9":0,"10":0,"11":0,"12":0,"13":0,"14":0,"15":0,"16":0},"b":{"0":[0,0],"1":[0,0],"2":[0,0],"3":[0,0],"4":[0,0],"5":[0,0],"6":[0,0],"7":[0,0],"8":[0,0],"9":[0,0],"10":[0,0],"11":[0,0],"12":[0,0],"13":[0,0]},"_coverageSchema":"332fd63041d2c1bcb487cc26dd0d5f7d97098a6c","hash":"0b959075f871f1d96a76ad48078d2c7afca095dc","contentHash":"e8c62ec89ceafeed174e6d6e36e794ae_11.6.0"},"/Users/amachhab/Documents/code/inquire-v2/src/services/botkit/skills/sticky.js":{"path":"/Users/amachhab/Documents/code/inquire-v2/src/services/botkit/skills/sticky.js","statementMap":{"0":{"start":{"line":1,"column":15},"end":{"line":1,"column":33}},"1":{"start":{"line":2,"column":14},"end":{"line":2,"column":30}},"2":{"start":{"line":3,"column":17},"end":{"line":3,"column":44}},"3":{"start":{"line":5,"column":14},"end":{"line":5,"column":43}},"4":{"start":{"line":6,"column":20},"end":{"line":6,"column":50}},"5":{"start":{"line":8,"column":24},"end":{"line":16,"column":1}},"6":{"start":{"line":18,"column":0},"end":{"line":42,"column":2}},"7":{"start":{"line":19,"column":2},"end":{"line":41,"column":5}},"8":{"start":{"line":20,"column":4},"end":{"line":25,"column":5}},"9":{"start":{"line":21,"column":21},"end":{"line":21,"column":51}},"10":{"start":{"line":22,"column":6},"end":{"line":22,"column":31}},"11":{"start":{"line":24,"column":6},"end":{"line":24,"column":34}},"12":{"start":{"line":26,"column":17},"end":{"line":26,"column":29}},"13":{"start":{"line":27,"column":4},"end":{"line":27,"column":51}},"14":{"start":{"line":28,"column":19},"end":{"line":28,"column":65}},"15":{"start":{"line":29,"column":16},"end":{"line":29,"column":18}},"16":{"start":{"line":30,"column":4},"end":{"line":39,"column":5}},"17":{"start":{"line":31,"column":6},"end":{"line":36,"column":7}},"18":{"start":{"line":32,"column":8},"end":{"line":32,"column":53}},"19":{"start":{"line":33,"column":8},"end":{"line":33,"column":48}},"20":{"start":{"line":35,"column":8},"end":{"line":35,"column":50}},"21":{"start":{"line":38,"column":6},"end":{"line":38,"column":76}},"22":{"start":{"line":40,"column":4},"end":{"line":40,"column":30}}},"fnMap":{"0":{"name":"(anonymous_0)","decl":{"start":{"line":18,"column":17},"end":{"line":18,"column":18}},"loc":{"start":{"line":18,"column":38},"end":{"line":42,"column":1}},"line":18},"1":{"name":"(anonymous_1)","decl":{"start":{"line":19,"column":52},"end":{"line":19,"column":53}},"loc":{"start":{"line":19,"column":76},"end":{"line":41,"column":3}},"line":19}},"branchMap":{"0":{"loc":{"start":{"line":20,"column":4},"end":{"line":25,"column":5}},"type":"if","locations":[{"start":{"line":20,"column":4},"end":{"line":25,"column":5}},{"start":{"line":20,"column":4},"end":{"line":25,"column":5}}],"line":20},"1":{"loc":{"start":{"line":30,"column":4},"end":{"line":39,"column":5}},"type":"if","locations":[{"start":{"line":30,"column":4},"end":{"line":39,"column":5}},{"start":{"line":30,"column":4},"end":{"line":39,"column":5}}],"line":30}},"s":{"0":1,"1":1,"2":1,"3":1,"4":1,"5":1,"6":1,"7":1,"8":0,"9":0,"10":0,"11":0,"12":0,"13":0,"14":0,"15":0,"16":0,"17":0,"18":0,"19":0,"20":0,"21":0,"22":0},"f":{"0":1,"1":0},"b":{"0":[0,0],"1":[0,0]},"_coverageSchema":"332fd63041d2c1bcb487cc26dd0d5f7d97098a6c","hash":"6e0fdf933516e1e6fc181f80c72bdc07e535944c","contentHash":"99781c4d159525ede64eebe1f78aa8bb_11.6.0"}}