{"/Users/amachhab/Documents/code/inquire-v2/src/app.js":{"path":"/Users/amachhab/Documents/code/inquire-v2/src/app.js","statementMap":{"0":{"start":{"line":1,"column":13},"end":{"line":1,"column":28}},"1":{"start":{"line":2,"column":16},"end":{"line":2,"column":40}},"2":{"start":{"line":3,"column":17},"end":{"line":3,"column":39}},"3":{"start":{"line":4,"column":13},"end":{"line":4,"column":28}},"4":{"start":{"line":5,"column":15},"end":{"line":5,"column":32}},"5":{"start":{"line":6,"column":15},"end":{"line":6,"column":33}},"6":{"start":{"line":8,"column":17},"end":{"line":8,"column":48}},"7":{"start":{"line":9,"column":22},"end":{"line":9,"column":58}},"8":{"start":{"line":10,"column":16},"end":{"line":10,"column":46}},"9":{"start":{"line":11,"column":17},"end":{"line":11,"column":48}},"10":{"start":{"line":13,"column":19},"end":{"line":13,"column":42}},"11":{"start":{"line":14,"column":17},"end":{"line":14,"column":38}},"12":{"start":{"line":15,"column":17},"end":{"line":15,"column":39}},"13":{"start":{"line":16,"column":17},"end":{"line":16,"column":38}},"14":{"start":{"line":18,"column":17},"end":{"line":18,"column":38}},"15":{"start":{"line":20,"column":23},"end":{"line":20,"column":50}},"16":{"start":{"line":22,"column":12},"end":{"line":22,"column":31}},"17":{"start":{"line":25,"column":0},"end":{"line":25,"column":31}},"18":{"start":{"line":27,"column":0},"end":{"line":27,"column":16}},"19":{"start":{"line":28,"column":0},"end":{"line":28,"column":18}},"20":{"start":{"line":29,"column":0},"end":{"line":29,"column":20}},"21":{"start":{"line":30,"column":0},"end":{"line":30,"column":24}},"22":{"start":{"line":31,"column":0},"end":{"line":31,"column":48}},"23":{"start":{"line":32,"column":0},"end":{"line":32,"column":62}},"24":{"start":{"line":34,"column":0},"end":{"line":34,"column":48}},"25":{"start":{"line":46,"column":0},"end":{"line":46,"column":30}},"26":{"start":{"line":47,"column":0},"end":{"line":47,"column":26}},"27":{"start":{"line":49,"column":0},"end":{"line":49,"column":24}},"28":{"start":{"line":52,"column":0},"end":{"line":52,"column":26}},"29":{"start":{"line":53,"column":0},"end":{"line":53,"column":30}},"30":{"start":{"line":55,"column":0},"end":{"line":55,"column":24}},"31":{"start":{"line":57,"column":0},"end":{"line":57,"column":24}},"32":{"start":{"line":60,"column":0},"end":{"line":60,"column":28}},"33":{"start":{"line":61,"column":0},"end":{"line":61,"column":42}},"34":{"start":{"line":63,"column":0},"end":{"line":63,"column":20}},"35":{"start":{"line":65,"column":0},"end":{"line":65,"column":21}}},"fnMap":{},"branchMap":{},"s":{"0":1,"1":1,"2":1,"3":1,"4":1,"5":1,"6":1,"7":1,"8":1,"9":1,"10":1,"11":1,"12":1,"13":1,"14":1,"15":1,"16":1,"17":1,"18":1,"19":1,"20":1,"21":1,"22":1,"23":1,"24":1,"25":1,"26":1,"27":1,"28":1,"29":1,"30":1,"31":1,"32":1,"33":1,"34":1,"35":1},"f":{},"b":{},"_coverageSchema":"332fd63041d2c1bcb487cc26dd0d5f7d97098a6c","hash":"994e2c7900907d6eb0304a6397c22f132e326b87","contentHash":"8c382a0fd1cd53e4a9d62d0ff4a644dd_11.6.0"},"/Users/amachhab/Documents/code/inquire-v2/src/middleware/index.js":{"path":"/Users/amachhab/Documents/code/inquire-v2/src/middleware/index.js","statementMap":{"0":{"start":{"line":2,"column":0},"end":{"line":4,"column":2}}},"fnMap":{"0":{"name":"(anonymous_0)","decl":{"start":{"line":2,"column":17},"end":{"line":2,"column":18}},"loc":{"start":{"line":2,"column":32},"end":{"line":4,"column":1}},"line":2}},"branchMap":{},"s":{"0":1},"f":{"0":1},"b":{},"_coverageSchema":"332fd63041d2c1bcb487cc26dd0d5f7d97098a6c","hash":"6b5cc4874583b888bf0ef273558a999baaf0306f","contentHash":"ed9e2607b04867e7b3079e72ff910b86_11.6.0"},"/Users/amachhab/Documents/code/inquire-v2/src/services/index.js":{"path":"/Users/amachhab/Documents/code/inquire-v2/src/services/index.js","statementMap":{"0":{"start":{"line":3,"column":18},"end":{"line":3,"column":61}},"1":{"start":{"line":5,"column":15},"end":{"line":5,"column":52}},"2":{"start":{"line":7,"column":14},"end":{"line":7,"column":49}},"3":{"start":{"line":9,"column":14},"end":{"line":9,"column":49}},"4":{"start":{"line":11,"column":15},"end":{"line":11,"column":52}},"5":{"start":{"line":13,"column":17},"end":{"line":13,"column":58}},"6":{"start":{"line":15,"column":17},"end":{"line":15,"column":58}},"7":{"start":{"line":17,"column":14},"end":{"line":17,"column":49}},"8":{"start":{"line":19,"column":0},"end":{"line":28,"column":2}},"9":{"start":{"line":20,"column":2},"end":{"line":20,"column":27}},"10":{"start":{"line":21,"column":2},"end":{"line":21,"column":24}},"11":{"start":{"line":22,"column":2},"end":{"line":22,"column":23}},"12":{"start":{"line":23,"column":2},"end":{"line":23,"column":23}},"13":{"start":{"line":24,"column":2},"end":{"line":24,"column":24}},"14":{"start":{"line":25,"column":2},"end":{"line":25,"column":26}},"15":{"start":{"line":26,"column":2},"end":{"line":26,"column":26}},"16":{"start":{"line":27,"column":2},"end":{"line":27,"column":23}}},"fnMap":{"0":{"name":"(anonymous_0)","decl":{"start":{"line":19,"column":17},"end":{"line":19,"column":18}},"loc":{"start":{"line":19,"column":31},"end":{"line":28,"column":1}},"line":19}},"branchMap":{},"s":{"0":1,"1":1,"2":1,"3":1,"4":1,"5":1,"6":1,"7":1,"8":1,"9":1,"10":1,"11":1,"12":1,"13":1,"14":1,"15":1,"16":1},"f":{"0":1},"b":{},"_coverageSchema":"332fd63041d2c1bcb487cc26dd0d5f7d97098a6c","hash":"dbd4c6b34a18c2d2db254837473caaee264d7372","contentHash":"ce182ada17679b062e631957e5514c56_11.6.0"},"/Users/amachhab/Documents/code/inquire-v2/src/services/questions/questions.service.js":{"path":"/Users/amachhab/Documents/code/inquire-v2/src/services/questions/questions.service.js","statementMap":{"0":{"start":{"line":2,"column":22},"end":{"line":2,"column":50}},"1":{"start":{"line":3,"column":16},"end":{"line":3,"column":37}},"2":{"start":{"line":4,"column":20},"end":{"line":4,"column":59}},"3":{"start":{"line":5,"column":14},"end":{"line":5,"column":42}},"4":{"start":{"line":6,"column":31},"end":{"line":6,"column":71}},"5":{"start":{"line":7,"column":15},"end":{"line":7,"column":39}},"6":{"start":{"line":9,"column":0},"end":{"line":136,"column":2}},"7":{"start":{"line":10,"column":16},"end":{"line":10,"column":32}},"8":{"start":{"line":11,"column":19},"end":{"line":11,"column":38}},"9":{"start":{"line":13,"column":18},"end":{"line":17,"column":3}},"10":{"start":{"line":20,"column":2},"end":{"line":20,"column":48}},"11":{"start":{"line":23,"column":18},"end":{"line":23,"column":42}},"12":{"start":{"line":25,"column":2},"end":{"line":25,"column":23}},"13":{"start":{"line":27,"column":2},"end":{"line":99,"column":5}},"14":{"start":{"line":28,"column":18},"end":{"line":28,"column":41}},"15":{"start":{"line":30,"column":4},"end":{"line":50,"column":5}},"16":{"start":{"line":31,"column":6},"end":{"line":49,"column":7}},"17":{"start":{"line":32,"column":24},"end":{"line":32,"column":50}},"18":{"start":{"line":33,"column":23},"end":{"line":39,"column":10}},"19":{"start":{"line":40,"column":24},"end":{"line":42,"column":9}},"20":{"start":{"line":43,"column":8},"end":{"line":45,"column":37}},"21":{"start":{"line":46,"column":8},"end":{"line":46,"column":71}},"22":{"start":{"line":48,"column":8},"end":{"line":48,"column":54}},"23":{"start":{"line":51,"column":4},"end":{"line":98,"column":5}},"24":{"start":{"line":52,"column":21},"end":{"line":52,"column":78}},"25":{"start":{"line":54,"column":8},"end":{"line":54,"column":72}},"26":{"start":{"line":55,"column":25},"end":{"line":55,"column":38}},"27":{"start":{"line":56,"column":23},"end":{"line":56,"column":73}},"28":{"start":{"line":57,"column":23},"end":{"line":64,"column":8}},"29":{"start":{"line":65,"column":29},"end":{"line":67,"column":60}},"30":{"start":{"line":68,"column":6},"end":{"line":73,"column":7}},"31":{"start":{"line":69,"column":8},"end":{"line":69,"column":86}},"32":{"start":{"line":70,"column":8},"end":{"line":70,"column":85}},"33":{"start":{"line":72,"column":8},"end":{"line":72,"column":61}},"34":{"start":{"line":74,"column":6},"end":{"line":85,"column":7}},"35":{"start":{"line":75,"column":8},"end":{"line":78,"column":77}},"36":{"start":{"line":79,"column":8},"end":{"line":82,"column":72}},"37":{"start":{"line":84,"column":8},"end":{"line":84,"column":54}},"38":{"start":{"line":86,"column":11},"end":{"line":98,"column":5}},"39":{"start":{"line":87,"column":21},"end":{"line":89,"column":70}},"40":{"start":{"line":90,"column":6},"end":{"line":97,"column":7}},"41":{"start":{"line":91,"column":8},"end":{"line":94,"column":64}},"42":{"start":{"line":96,"column":8},"end":{"line":96,"column":54}},"43":{"start":{"line":100,"column":2},"end":{"line":116,"column":5}},"44":{"start":{"line":101,"column":4},"end":{"line":101,"column":43}},"45":{"start":{"line":102,"column":4},"end":{"line":115,"column":5}},"46":{"start":{"line":103,"column":20},"end":{"line":103,"column":43}},"47":{"start":{"line":104,"column":23},"end":{"line":106,"column":72}},"48":{"start":{"line":107,"column":6},"end":{"line":114,"column":7}},"49":{"start":{"line":108,"column":8},"end":{"line":111,"column":64}},"50":{"start":{"line":113,"column":8},"end":{"line":113,"column":54}},"51":{"start":{"line":117,"column":2},"end":{"line":135,"column":5}},"52":{"start":{"line":118,"column":4},"end":{"line":118,"column":43}},"53":{"start":{"line":119,"column":4},"end":{"line":134,"column":5}},"54":{"start":{"line":120,"column":20},"end":{"line":120,"column":43}},"55":{"start":{"line":121,"column":23},"end":{"line":125,"column":7}},"56":{"start":{"line":126,"column":6},"end":{"line":133,"column":7}},"57":{"start":{"line":127,"column":8},"end":{"line":130,"column":64}},"58":{"start":{"line":132,"column":8},"end":{"line":132,"column":54}},"59":{"start":{"line":139,"column":2},"end":{"line":154,"column":3}},"60":{"start":{"line":140,"column":20},"end":{"line":140,"column":34}},"61":{"start":{"line":141,"column":19},"end":{"line":146,"column":6}},"62":{"start":{"line":147,"column":20},"end":{"line":149,"column":5}},"63":{"start":{"line":150,"column":4},"end":{"line":150,"column":66}},"64":{"start":{"line":151,"column":4},"end":{"line":151,"column":69}},"65":{"start":{"line":153,"column":4},"end":{"line":153,"column":73}}},"fnMap":{"0":{"name":"(anonymous_0)","decl":{"start":{"line":9,"column":17},"end":{"line":9,"column":18}},"loc":{"start":{"line":9,"column":31},"end":{"line":136,"column":1}},"line":9},"1":{"name":"(anonymous_1)","decl":{"start":{"line":27,"column":24},"end":{"line":27,"column":25}},"loc":{"start":{"line":27,"column":53},"end":{"line":99,"column":3}},"line":27},"2":{"name":"(anonymous_2)","decl":{"start":{"line":100,"column":24},"end":{"line":100,"column":25}},"loc":{"start":{"line":100,"column":53},"end":{"line":116,"column":3}},"line":100},"3":{"name":"(anonymous_3)","decl":{"start":{"line":117,"column":24},"end":{"line":117,"column":25}},"loc":{"start":{"line":117,"column":53},"end":{"line":135,"column":3}},"line":117},"4":{"name":"updateQuestionCount","decl":{"start":{"line":138,"column":15},"end":{"line":138,"column":34}},"loc":{"start":{"line":138,"column":54},"end":{"line":155,"column":1}},"line":138}},"branchMap":{"0":{"loc":{"start":{"line":30,"column":4},"end":{"line":50,"column":5}},"type":"if","locations":[{"start":{"line":30,"column":4},"end":{"line":50,"column":5}},{"start":{"line":30,"column":4},"end":{"line":50,"column":5}}],"line":30},"1":{"loc":{"start":{"line":30,"column":8},"end":{"line":30,"column":44}},"type":"binary-expr","locations":[{"start":{"line":30,"column":8},"end":{"line":30,"column":22}},{"start":{"line":30,"column":26},"end":{"line":30,"column":44}}],"line":30},"2":{"loc":{"start":{"line":51,"column":4},"end":{"line":98,"column":5}},"type":"if","locations":[{"start":{"line":51,"column":4},"end":{"line":98,"column":5}},{"start":{"line":51,"column":4},"end":{"line":98,"column":5}}],"line":51},"3":{"loc":{"start":{"line":51,"column":8},"end":{"line":51,"column":67}},"type":"binary-expr","locations":[{"start":{"line":51,"column":8},"end":{"line":51,"column":22}},{"start":{"line":51,"column":26},"end":{"line":51,"column":45}},{"start":{"line":51,"column":49},"end":{"line":51,"column":67}}],"line":51},"4":{"loc":{"start":{"line":68,"column":6},"end":{"line":73,"column":7}},"type":"if","locations":[{"start":{"line":68,"column":6},"end":{"line":73,"column":7}},{"start":{"line":68,"column":6},"end":{"line":73,"column":7}}],"line":68},"5":{"loc":{"start":{"line":86,"column":11},"end":{"line":98,"column":5}},"type":"if","locations":[{"start":{"line":86,"column":11},"end":{"line":98,"column":5}},{"start":{"line":86,"column":11},"end":{"line":98,"column":5}}],"line":86},"6":{"loc":{"start":{"line":102,"column":4},"end":{"line":115,"column":5}},"type":"if","locations":[{"start":{"line":102,"column":4},"end":{"line":115,"column":5}},{"start":{"line":102,"column":4},"end":{"line":115,"column":5}}],"line":102},"7":{"loc":{"start":{"line":102,"column":8},"end":{"line":102,"column":45}},"type":"binary-expr","locations":[{"start":{"line":102,"column":8},"end":{"line":102,"column":22}},{"start":{"line":102,"column":26},"end":{"line":102,"column":45}}],"line":102},"8":{"loc":{"start":{"line":119,"column":4},"end":{"line":134,"column":5}},"type":"if","locations":[{"start":{"line":119,"column":4},"end":{"line":134,"column":5}},{"start":{"line":119,"column":4},"end":{"line":134,"column":5}}],"line":119},"9":{"loc":{"start":{"line":119,"column":8},"end":{"line":119,"column":45}},"type":"binary-expr","locations":[{"start":{"line":119,"column":8},"end":{"line":119,"column":22}},{"start":{"line":119,"column":26},"end":{"line":119,"column":45}}],"line":119}},"s":{"0":1,"1":1,"2":1,"3":1,"4":1,"5":1,"6":1,"7":1,"8":1,"9":1,"10":1,"11":1,"12":1,"13":1,"14":3,"15":3,"16":3,"17":3,"18":3,"19":3,"20":3,"21":3,"22":0,"23":3,"24":0,"25":0,"26":0,"27":0,"28":0,"29":0,"30":0,"31":0,"32":0,"33":0,"34":0,"35":0,"36":0,"37":0,"38":3,"39":0,"40":0,"41":0,"42":0,"43":1,"44":7,"45":7,"46":0,"47":0,"48":0,"49":0,"50":0,"51":1,"52":10,"53":10,"54":0,"55":0,"56":0,"57":0,"58":0,"59":17,"60":17,"61":17,"62":17,"63":17,"64":7,"65":7},"f":{"0":1,"1":3,"2":7,"3":10,"4":17},"b":{"0":[3,0],"1":[3,3],"2":[0,3],"3":[3,3,0],"4":[0,0],"5":[0,3],"6":[0,7],"7":[7,7],"8":[0,10],"9":[10,10]},"_coverageSchema":"332fd63041d2c1bcb487cc26dd0d5f7d97098a6c","hash":"a0c5d0f2d0a954fb6f4806b0aa17b52ffadcd33f","contentHash":"6a60bdf0629d8a5b1d34f3df4dd75d76_11.6.0"},"/Users/amachhab/Documents/code/inquire-v2/src/models/questions.model.js":{"path":"/Users/amachhab/Documents/code/inquire-v2/src/models/questions.model.js","statementMap":{"0":{"start":{"line":5,"column":0},"end":{"line":79,"column":2}},"1":{"start":{"line":6,"column":25},"end":{"line":6,"column":50}},"2":{"start":{"line":7,"column":21},"end":{"line":7,"column":35}},"3":{"start":{"line":9,"column":23},"end":{"line":26,"column":4}},"4":{"start":{"line":28,"column":25},"end":{"line":69,"column":4}},"5":{"start":{"line":71,"column":2},"end":{"line":76,"column":5}},"6":{"start":{"line":78,"column":2},"end":{"line":78,"column":59}}},"fnMap":{"0":{"name":"(anonymous_0)","decl":{"start":{"line":5,"column":17},"end":{"line":5,"column":18}},"loc":{"start":{"line":5,"column":31},"end":{"line":79,"column":1}},"line":5}},"branchMap":{},"s":{"0":1,"1":1,"2":1,"3":1,"4":1,"5":1,"6":1},"f":{"0":1},"b":{},"_coverageSchema":"332fd63041d2c1bcb487cc26dd0d5f7d97098a6c","hash":"db5092e5e1369d4767581c19a2e770df70fffa6b","contentHash":"56eef1fe5bc287641dcb1413b366677c_11.6.0"},"/Users/amachhab/Documents/code/inquire-v2/src/services/questions/questions.hooks.js":{"path":"/Users/amachhab/Documents/code/inquire-v2/src/services/questions/questions.hooks.js","statementMap":{"0":{"start":{"line":1,"column":25},"end":{"line":1,"column":68}},"1":{"start":{"line":6,"column":4},"end":{"line":6,"column":32}},"2":{"start":{"line":7,"column":0},"end":{"line":37,"column":2}}},"fnMap":{},"branchMap":{},"s":{"0":1,"1":1,"2":1},"f":{},"b":{},"_coverageSchema":"332fd63041d2c1bcb487cc26dd0d5f7d97098a6c","hash":"8cb2532766abd7ae7e591d5152320a71962c79a1","contentHash":"46ddbbdbece7c0411eae82509ab845e7_11.6.0"},"/Users/amachhab/Documents/code/inquire-v2/src/services/questions/laravelApi.hook.js":{"path":"/Users/amachhab/Documents/code/inquire-v2/src/services/questions/laravelApi.hook.js","statementMap":{"0":{"start":{"line":2,"column":15},"end":{"line":2,"column":44}},"1":{"start":{"line":3,"column":17},"end":{"line":3,"column":44}},"2":{"start":{"line":4,"column":15},"end":{"line":4,"column":39}},"3":{"start":{"line":6,"column":0},"end":{"line":11,"column":2}},"4":{"start":{"line":14,"column":2},"end":{"line":34,"column":4}},"5":{"start":{"line":15,"column":25},"end":{"line":15,"column":39}},"6":{"start":{"line":16,"column":4},"end":{"line":19,"column":5}},"7":{"start":{"line":17,"column":6},"end":{"line":17,"column":60}},"8":{"start":{"line":18,"column":6},"end":{"line":18,"column":24}},"9":{"start":{"line":20,"column":4},"end":{"line":26,"column":5}},"10":{"start":{"line":21,"column":6},"end":{"line":21,"column":44}},"11":{"start":{"line":23,"column":6},"end":{"line":25,"column":8}},"12":{"start":{"line":27,"column":4},"end":{"line":32,"column":5}},"13":{"start":{"line":28,"column":6},"end":{"line":30,"column":8}},"14":{"start":{"line":31,"column":6},"end":{"line":31,"column":27}},"15":{"start":{"line":33,"column":4},"end":{"line":33,"column":19}},"16":{"start":{"line":38,"column":2},"end":{"line":75,"column":4}},"17":{"start":{"line":39,"column":41},"end":{"line":39,"column":55}},"18":{"start":{"line":40,"column":23},"end":{"line":40,"column":51}},"19":{"start":{"line":41,"column":20},"end":{"line":41,"column":44}},"20":{"start":{"line":42,"column":15},"end":{"line":42,"column":23}},"21":{"start":{"line":44,"column":6},"end":{"line":44,"column":73}},"22":{"start":{"line":45,"column":19},"end":{"line":45,"column":24}},"23":{"start":{"line":46,"column":4},"end":{"line":73,"column":5}},"24":{"start":{"line":47,"column":18},"end":{"line":47,"column":47}},"25":{"start":{"line":48,"column":20},"end":{"line":48,"column":40}},"26":{"start":{"line":49,"column":28},"end":{"line":51,"column":8}},"27":{"start":{"line":52,"column":28},"end":{"line":54,"column":8}},"28":{"start":{"line":56,"column":8},"end":{"line":56,"column":63}},"29":{"start":{"line":58,"column":8},"end":{"line":58,"column":63}},"30":{"start":{"line":59,"column":23},"end":{"line":71,"column":7}},"31":{"start":{"line":72,"column":6},"end":{"line":72,"column":34}},"32":{"start":{"line":74,"column":4},"end":{"line":74,"column":19}},"33":{"start":{"line":79,"column":2},"end":{"line":85,"column":9}},"34":{"start":{"line":81,"column":4},"end":{"line":81,"column":36}},"35":{"start":{"line":82,"column":4},"end":{"line":82,"column":34}},"36":{"start":{"line":83,"column":4},"end":{"line":83,"column":39}},"37":{"start":{"line":84,"column":4},"end":{"line":84,"column":52}},"38":{"start":{"line":89,"column":18},"end":{"line":89,"column":68}},"39":{"start":{"line":91,"column":14},"end":{"line":91,"column":40}},"40":{"start":{"line":92,"column":2},"end":{"line":98,"column":3}},"41":{"start":{"line":93,"column":4},"end":{"line":93,"column":30}},"42":{"start":{"line":94,"column":9},"end":{"line":98,"column":3}},"43":{"start":{"line":95,"column":4},"end":{"line":95,"column":29}},"44":{"start":{"line":97,"column":4},"end":{"line":97,"column":29}},"45":{"start":{"line":99,"column":2},"end":{"line":99,"column":14}},"46":{"start":{"line":103,"column":2},"end":{"line":122,"column":4}},"47":{"start":{"line":104,"column":4},"end":{"line":120,"column":5}},"48":{"start":{"line":105,"column":22},"end":{"line":105,"column":48}},"49":{"start":{"line":106,"column":21},"end":{"line":112,"column":8}},"50":{"start":{"line":113,"column":22},"end":{"line":115,"column":7}},"51":{"start":{"line":116,"column":6},"end":{"line":116,"column":68}},"52":{"start":{"line":117,"column":6},"end":{"line":117,"column":69}},"53":{"start":{"line":119,"column":6},"end":{"line":119,"column":52}},"54":{"start":{"line":121,"column":4},"end":{"line":121,"column":19}},"55":{"start":{"line":125,"column":24},"end":{"line":133,"column":1}},"56":{"start":{"line":136,"column":2},"end":{"line":157,"column":4}},"57":{"start":{"line":137,"column":4},"end":{"line":144,"column":5}},"58":{"start":{"line":138,"column":6},"end":{"line":143,"column":7}},"59":{"start":{"line":139,"column":19},"end":{"line":139,"column":36}},"60":{"start":{"line":140,"column":8},"end":{"line":140,"column":60}},"61":{"start":{"line":142,"column":8},"end":{"line":142,"column":47}},"62":{"start":{"line":145,"column":4},"end":{"line":155,"column":5}},"63":{"start":{"line":149,"column":6},"end":{"line":154,"column":7}},"64":{"start":{"line":150,"column":19},"end":{"line":150,"column":50}},"65":{"start":{"line":151,"column":8},"end":{"line":151,"column":74}},"66":{"start":{"line":153,"column":8},"end":{"line":153,"column":47}},"67":{"start":{"line":156,"column":4},"end":{"line":156,"column":19}}},"fnMap":{"0":{"name":"parseQuery","decl":{"start":{"line":13,"column":9},"end":{"line":13,"column":19}},"loc":{"start":{"line":13,"column":22},"end":{"line":35,"column":1}},"line":13},"1":{"name":"(anonymous_1)","decl":{"start":{"line":14,"column":9},"end":{"line":14,"column":10}},"loc":{"start":{"line":14,"column":33},"end":{"line":34,"column":3}},"line":14},"2":{"name":"formatPagination","decl":{"start":{"line":37,"column":9},"end":{"line":37,"column":25}},"loc":{"start":{"line":37,"column":28},"end":{"line":76,"column":1}},"line":37},"3":{"name":"(anonymous_3)","decl":{"start":{"line":38,"column":9},"end":{"line":38,"column":10}},"loc":{"start":{"line":38,"column":33},"end":{"line":75,"column":3}},"line":38},"4":{"name":"objectToQuerystring","decl":{"start":{"line":78,"column":9},"end":{"line":78,"column":28}},"loc":{"start":{"line":78,"column":34},"end":{"line":86,"column":1}},"line":78},"5":{"name":"(anonymous_5)","decl":{"start":{"line":79,"column":33},"end":{"line":79,"column":34}},"loc":{"start":{"line":79,"column":55},"end":{"line":85,"column":3}},"line":79},"6":{"name":"formatSort","decl":{"start":{"line":88,"column":9},"end":{"line":88,"column":19}},"loc":{"start":{"line":88,"column":32},"end":{"line":100,"column":1}},"line":88},"7":{"name":"addAnswerCount","decl":{"start":{"line":102,"column":9},"end":{"line":102,"column":23}},"loc":{"start":{"line":102,"column":26},"end":{"line":123,"column":1}},"line":102},"8":{"name":"(anonymous_8)","decl":{"start":{"line":103,"column":9},"end":{"line":103,"column":10}},"loc":{"start":{"line":103,"column":33},"end":{"line":122,"column":3}},"line":103},"9":{"name":"addAnchorTag","decl":{"start":{"line":135,"column":9},"end":{"line":135,"column":21}},"loc":{"start":{"line":135,"column":24},"end":{"line":158,"column":1}},"line":135},"10":{"name":"(anonymous_10)","decl":{"start":{"line":136,"column":9},"end":{"line":136,"column":10}},"loc":{"start":{"line":136,"column":33},"end":{"line":157,"column":3}},"line":136}},"branchMap":{"0":{"loc":{"start":{"line":15,"column":10},"end":{"line":15,"column":20}},"type":"default-arg","locations":[{"start":{"line":15,"column":18},"end":{"line":15,"column":20}}],"line":15},"1":{"loc":{"start":{"line":16,"column":4},"end":{"line":19,"column":5}},"type":"if","locations":[{"start":{"line":16,"column":4},"end":{"line":19,"column":5}},{"start":{"line":16,"column":4},"end":{"line":19,"column":5}}],"line":16},"2":{"loc":{"start":{"line":17,"column":40},"end":{"line":17,"column":58}},"type":"binary-expr","locations":[{"start":{"line":17,"column":40},"end":{"line":17,"column":52}},{"start":{"line":17,"column":56},"end":{"line":17,"column":58}}],"line":17},"3":{"loc":{"start":{"line":20,"column":4},"end":{"line":26,"column":5}},"type":"if","locations":[{"start":{"line":20,"column":4},"end":{"line":26,"column":5}},{"start":{"line":20,"column":4},"end":{"line":26,"column":5}}],"line":20},"4":{"loc":{"start":{"line":20,"column":8},"end":{"line":20,"column":54}},"type":"binary-expr","locations":[{"start":{"line":20,"column":8},"end":{"line":20,"column":19}},{"start":{"line":20,"column":23},"end":{"line":20,"column":54}}],"line":20},"5":{"loc":{"start":{"line":27,"column":4},"end":{"line":32,"column":5}},"type":"if","locations":[{"start":{"line":27,"column":4},"end":{"line":32,"column":5}},{"start":{"line":27,"column":4},"end":{"line":32,"column":5}}],"line":27},"6":{"loc":{"start":{"line":44,"column":6},"end":{"line":44,"column":73}},"type":"cond-expr","locations":[{"start":{"line":44,"column":36},"end":{"line":44,"column":48}},{"start":{"line":44,"column":51},"end":{"line":44,"column":73}}],"line":44},"7":{"loc":{"start":{"line":46,"column":4},"end":{"line":73,"column":5}},"type":"if","locations":[{"start":{"line":46,"column":4},"end":{"line":73,"column":5}},{"start":{"line":46,"column":4},"end":{"line":73,"column":5}}],"line":46},"8":{"loc":{"start":{"line":46,"column":8},"end":{"line":46,"column":72}},"type":"binary-expr","locations":[{"start":{"line":46,"column":8},"end":{"line":46,"column":22}},{"start":{"line":46,"column":26},"end":{"line":46,"column":48}},{"start":{"line":46,"column":52},"end":{"line":46,"column":72}}],"line":46},"9":{"loc":{"start":{"line":81,"column":16},"end":{"line":81,"column":35}},"type":"cond-expr","locations":[{"start":{"line":81,"column":26},"end":{"line":81,"column":29}},{"start":{"line":81,"column":32},"end":{"line":81,"column":35}}],"line":81},"10":{"loc":{"start":{"line":92,"column":2},"end":{"line":98,"column":3}},"type":"if","locations":[{"start":{"line":92,"column":2},"end":{"line":98,"column":3}},{"start":{"line":92,"column":2},"end":{"line":98,"column":3}}],"line":92},"11":{"loc":{"start":{"line":92,"column":6},"end":{"line":92,"column":33}},"type":"binary-expr","locations":[{"start":{"line":92,"column":6},"end":{"line":92,"column":11}},{"start":{"line":92,"column":15},"end":{"line":92,"column":33}}],"line":92},"12":{"loc":{"start":{"line":94,"column":9},"end":{"line":98,"column":3}},"type":"if","locations":[{"start":{"line":94,"column":9},"end":{"line":98,"column":3}},{"start":{"line":94,"column":9},"end":{"line":98,"column":3}}],"line":94},"13":{"loc":{"start":{"line":94,"column":13},"end":{"line":94,"column":40}},"type":"binary-expr","locations":[{"start":{"line":94,"column":13},"end":{"line":94,"column":18}},{"start":{"line":94,"column":22},"end":{"line":94,"column":40}}],"line":94},"14":{"loc":{"start":{"line":137,"column":4},"end":{"line":144,"column":5}},"type":"if","locations":[{"start":{"line":137,"column":4},"end":{"line":144,"column":5}},{"start":{"line":137,"column":4},"end":{"line":144,"column":5}}],"line":137},"15":{"loc":{"start":{"line":145,"column":4},"end":{"line":155,"column":5}},"type":"if","locations":[{"start":{"line":145,"column":4},"end":{"line":155,"column":5}},{"start":{"line":145,"column":4},"end":{"line":155,"column":5}}],"line":145},"16":{"loc":{"start":{"line":146,"column":6},"end":{"line":147,"column":37}},"type":"binary-expr","locations":[{"start":{"line":146,"column":6},"end":{"line":146,"column":42}},{"start":{"line":147,"column":6},"end":{"line":147,"column":37}}],"line":146}},"s":{"0":1,"1":1,"2":1,"3":1,"4":2,"5":40,"6":40,"7":1,"8":1,"9":40,"10":4,"11":36,"12":40,"13":1,"14":1,"15":40,"16":2,"17":24,"18":24,"19":24,"20":24,"21":24,"22":24,"23":24,"24":1,"25":1,"26":1,"27":1,"28":1,"29":1,"30":1,"31":1,"32":24,"33":2,"34":8,"35":8,"36":8,"37":8,"38":4,"39":4,"40":4,"41":0,"42":4,"43":0,"44":4,"45":4,"46":0,"47":0,"48":0,"49":0,"50":0,"51":0,"52":0,"53":0,"54":0,"55":1,"56":4,"57":12,"58":8,"59":8,"60":8,"61":0,"62":12,"63":4,"64":4,"65":4,"66":0,"67":12},"f":{"0":2,"1":40,"2":2,"3":24,"4":2,"5":8,"6":4,"7":0,"8":0,"9":4,"10":12},"b":{"0":[13],"1":[1,39],"2":[1,1],"3":[4,36],"4":[40,4],"5":[1,39],"6":[10,14],"7":[1,23],"8":[24,24,1],"9":[2,6],"10":[0,4],"11":[4,0],"12":[0,4],"13":[4,0],"14":[8,4],"15":[4,8],"16":[12,4]},"_coverageSchema":"332fd63041d2c1bcb487cc26dd0d5f7d97098a6c","hash":"5978fa109c8b341c51addb4d1325fe8abae0762b","contentHash":"8b12734b72f5fc06f9ffcbafb9b2ac7d_11.6.0"},"/Users/amachhab/Documents/code/inquire-v2/src/winston.js":{"path":"/Users/amachhab/Documents/code/inquire-v2/src/winston.js","statementMap":{"0":{"start":{"line":1,"column":16},"end":{"line":1,"column":40}},"1":{"start":{"line":2,"column":16},"end":{"line":2,"column":34}},"2":{"start":{"line":8,"column":0},"end":{"line":8,"column":41}},"3":{"start":{"line":11,"column":0},"end":{"line":24,"column":1}},"4":{"start":{"line":12,"column":2},"end":{"line":19,"column":5}},"5":{"start":{"line":21,"column":2},"end":{"line":23,"column":5}},"6":{"start":{"line":26,"column":16},"end":{"line":42,"column":1}},"7":{"start":{"line":43,"column":19},"end":{"line":43,"column":21}},"8":{"start":{"line":44,"column":0},"end":{"line":48,"column":1}},"9":{"start":{"line":45,"column":2},"end":{"line":45,"column":37}},"10":{"start":{"line":47,"column":2},"end":{"line":47,"column":61}},"11":{"start":{"line":49,"column":0},"end":{"line":49,"column":65}},"12":{"start":{"line":50,"column":15},"end":{"line":53,"column":2}},"13":{"start":{"line":55,"column":0},"end":{"line":60,"column":2}},"14":{"start":{"line":58,"column":4},"end":{"line":58,"column":25}},"15":{"start":{"line":62,"column":0},"end":{"line":62,"column":24}}},"fnMap":{"0":{"name":"(anonymous_0)","decl":{"start":{"line":21,"column":32},"end":{"line":21,"column":33}},"loc":{"start":{"line":21,"column":46},"end":{"line":23,"column":3}},"line":21},"1":{"name":"(anonymous_1)","decl":{"start":{"line":57,"column":9},"end":{"line":57,"column":10}},"loc":{"start":{"line":57,"column":37},"end":{"line":59,"column":3}},"line":57}},"branchMap":{"0":{"loc":{"start":{"line":11,"column":0},"end":{"line":24,"column":1}},"type":"if","locations":[{"start":{"line":11,"column":0},"end":{"line":24,"column":1}},{"start":{"line":11,"column":0},"end":{"line":24,"column":1}}],"line":11},"1":{"loc":{"start":{"line":11,"column":4},"end":{"line":11,"column":46}},"type":"binary-expr","locations":[{"start":{"line":11,"column":4},"end":{"line":11,"column":23}},{"start":{"line":11,"column":27},"end":{"line":11,"column":46}}],"line":11},"2":{"loc":{"start":{"line":44,"column":0},"end":{"line":48,"column":1}},"type":"if","locations":[{"start":{"line":44,"column":0},"end":{"line":48,"column":1}},{"start":{"line":44,"column":0},"end":{"line":48,"column":1}}],"line":44}},"s":{"0":1,"1":1,"2":1,"3":1,"4":1,"5":1,"6":1,"7":1,"8":1,"9":1,"10":0,"11":1,"12":1,"13":1,"14":0,"15":1},"f":{"0":0,"1":0},"b":{"0":[1,0],"1":[1,1],"2":[1,0]},"_coverageSchema":"332fd63041d2c1bcb487cc26dd0d5f7d97098a6c","hash":"7739e672de7c25cae09dfca4f557d381c5306c50","contentHash":"6f14508b3a53126546ca6c30128197f0_11.6.0"},"/Users/amachhab/Documents/code/inquire-v2/src/services/botkit/templates/responses.js":{"path":"/Users/amachhab/Documents/code/inquire-v2/src/services/botkit/templates/responses.js","statementMap":{"0":{"start":{"line":1,"column":0},"end":{"line":6,"column":2}},"1":{"start":{"line":15,"column":18},"end":{"line":16,"column":170}},"2":{"start":{"line":17,"column":2},"end":{"line":17,"column":17}},"3":{"start":{"line":27,"column":20},"end":{"line":31,"column":16}},"4":{"start":{"line":32,"column":2},"end":{"line":32,"column":19}},"5":{"start":{"line":49,"column":24},"end":{"line":54,"column":3}},"6":{"start":{"line":55,"column":2},"end":{"line":55,"column":23}},"7":{"start":{"line":65,"column":18},"end":{"line":69,"column":3}},"8":{"start":{"line":70,"column":2},"end":{"line":70,"column":17}}},"fnMap":{"0":{"name":"formatGroupAnswer","decl":{"start":{"line":14,"column":9},"end":{"line":14,"column":26}},"loc":{"start":{"line":14,"column":47},"end":{"line":18,"column":1}},"line":14},"1":{"name":"formatGroupQuestion","decl":{"start":{"line":26,"column":9},"end":{"line":26,"column":28}},"loc":{"start":{"line":26,"column":61},"end":{"line":33,"column":1}},"line":26},"2":{"name":"formatPersonAnswer","decl":{"start":{"line":41,"column":9},"end":{"line":41,"column":27}},"loc":{"start":{"line":48,"column":3},"end":{"line":56,"column":1}},"line":48},"3":{"name":"formatPersonQuestion","decl":{"start":{"line":64,"column":9},"end":{"line":64,"column":29}},"loc":{"start":{"line":64,"column":71},"end":{"line":71,"column":1}},"line":64}},"branchMap":{"0":{"loc":{"start":{"line":46,"column":2},"end":{"line":46,"column":15}},"type":"default-arg","locations":[{"start":{"line":46,"column":13},"end":{"line":46,"column":15}}],"line":46},"1":{"loc":{"start":{"line":47,"column":2},"end":{"line":47,"column":12}},"type":"default-arg","locations":[{"start":{"line":47,"column":10},"end":{"line":47,"column":12}}],"line":47},"2":{"loc":{"start":{"line":64,"column":42},"end":{"line":64,"column":55}},"type":"default-arg","locations":[{"start":{"line":64,"column":53},"end":{"line":64,"column":55}}],"line":64},"3":{"loc":{"start":{"line":64,"column":57},"end":{"line":64,"column":67}},"type":"default-arg","locations":[{"start":{"line":64,"column":65},"end":{"line":64,"column":67}}],"line":64}},"s":{"0":1,"1":0,"2":0,"3":0,"4":0,"5":0,"6":0,"7":0,"8":0},"f":{"0":0,"1":0,"2":0,"3":0},"b":{"0":[0],"1":[0],"2":[0],"3":[0]},"_coverageSchema":"332fd63041d2c1bcb487cc26dd0d5f7d97098a6c","hash":"63b158a3433e11bd6f876979192b51cd773c6443","contentHash":"892bd32885bdfb1169906a1a52472a60_11.6.0"},"/Users/amachhab/Documents/code/inquire-v2/src/services/spaces/spaces.service.js":{"path":"/Users/amachhab/Documents/code/inquire-v2/src/services/spaces/spaces.service.js","statementMap":{"0":{"start":{"line":2,"column":22},"end":{"line":2,"column":50}},"1":{"start":{"line":3,"column":20},"end":{"line":3,"column":56}},"2":{"start":{"line":4,"column":14},"end":{"line":4,"column":39}},"3":{"start":{"line":6,"column":0},"end":{"line":23,"column":2}},"4":{"start":{"line":7,"column":16},"end":{"line":7,"column":32}},"5":{"start":{"line":8,"column":19},"end":{"line":8,"column":38}},"6":{"start":{"line":10,"column":18},"end":{"line":14,"column":3}},"7":{"start":{"line":17,"column":2},"end":{"line":17,"column":45}},"8":{"start":{"line":20,"column":18},"end":{"line":20,"column":39}},"9":{"start":{"line":22,"column":2},"end":{"line":22,"column":23}}},"fnMap":{"0":{"name":"(anonymous_0)","decl":{"start":{"line":6,"column":17},"end":{"line":6,"column":18}},"loc":{"start":{"line":6,"column":32},"end":{"line":23,"column":1}},"line":6}},"branchMap":{},"s":{"0":1,"1":1,"2":1,"3":1,"4":1,"5":1,"6":1,"7":1,"8":1,"9":1},"f":{"0":1},"b":{},"_coverageSchema":"332fd63041d2c1bcb487cc26dd0d5f7d97098a6c","hash":"fa24fe110e618bcedf15b963bdb797a0be4bd552","contentHash":"1b3d64fddb9664443da23c3e13081fc2_11.6.0"},"/Users/amachhab/Documents/code/inquire-v2/src/models/spaces.model.js":{"path":"/Users/amachhab/Documents/code/inquire-v2/src/models/spaces.model.js","statementMap":{"0":{"start":{"line":5,"column":0},"end":{"line":78,"column":2}},"1":{"start":{"line":6,"column":25},"end":{"line":6,"column":50}},"2":{"start":{"line":7,"column":21},"end":{"line":7,"column":35}},"3":{"start":{"line":9,"column":24},"end":{"line":55,"column":4}},"4":{"start":{"line":57,"column":2},"end":{"line":61,"column":5}},"5":{"start":{"line":63,"column":2},"end":{"line":65,"column":5}},"6":{"start":{"line":64,"column":4},"end":{"line":64,"column":20}},"7":{"start":{"line":67,"column":2},"end":{"line":70,"column":5}},"8":{"start":{"line":72,"column":2},"end":{"line":75,"column":5}},"9":{"start":{"line":77,"column":2},"end":{"line":77,"column":55}}},"fnMap":{"0":{"name":"(anonymous_0)","decl":{"start":{"line":5,"column":17},"end":{"line":5,"column":18}},"loc":{"start":{"line":5,"column":31},"end":{"line":78,"column":1}},"line":5},"1":{"name":"(anonymous_1)","decl":{"start":{"line":63,"column":38},"end":{"line":63,"column":39}},"loc":{"start":{"line":63,"column":49},"end":{"line":65,"column":3}},"line":63}},"branchMap":{},"s":{"0":1,"1":1,"2":1,"3":1,"4":1,"5":1,"6":0,"7":1,"8":1,"9":1},"f":{"0":1,"1":0},"b":{},"_coverageSchema":"332fd63041d2c1bcb487cc26dd0d5f7d97098a6c","hash":"db8667066a01e8cf4b8202fa0f346093d90c235b","contentHash":"4cf0125750aef5147a510157f159af34_11.6.0"},"/Users/amachhab/Documents/code/inquire-v2/src/services/spaces/spaces.hooks.js":{"path":"/Users/amachhab/Documents/code/inquire-v2/src/services/spaces/spaces.hooks.js","statementMap":{"0":{"start":{"line":1,"column":25},"end":{"line":1,"column":68}},"1":{"start":{"line":2,"column":24},"end":{"line":2,"column":57}},"2":{"start":{"line":4,"column":0},"end":{"line":34,"column":2}}},"fnMap":{},"branchMap":{},"s":{"0":1,"1":1,"2":1},"f":{},"b":{},"_coverageSchema":"332fd63041d2c1bcb487cc26dd0d5f7d97098a6c","hash":"7ab92ca96fa1cf7eec9b74e8f0285bff6c77da2c","contentHash":"6a54a4cbab013a7ec90e23a92ea6a4e3_11.6.0"},"/Users/amachhab/Documents/code/inquire-v2/src/services/spaces/spaceMembership.hook.js":{"path":"/Users/amachhab/Documents/code/inquire-v2/src/services/spaces/spaceMembership.hook.js","statementMap":{"0":{"start":{"line":1,"column":0},"end":{"line":27,"column":2}},"1":{"start":{"line":2,"column":2},"end":{"line":24,"column":3}},"2":{"start":{"line":3,"column":18},"end":{"line":22,"column":5}},"3":{"start":{"line":23,"column":4},"end":{"line":23,"column":74}},"4":{"start":{"line":26,"column":2},"end":{"line":26,"column":17}}},"fnMap":{"0":{"name":"spaceMemberships","decl":{"start":{"line":1,"column":26},"end":{"line":1,"column":42}},"loc":{"start":{"line":1,"column":52},"end":{"line":27,"column":1}},"line":1}},"branchMap":{"0":{"loc":{"start":{"line":2,"column":2},"end":{"line":24,"column":3}},"type":"if","locations":[{"start":{"line":2,"column":2},"end":{"line":24,"column":3}},{"start":{"line":2,"column":2},"end":{"line":24,"column":3}}],"line":2},"1":{"loc":{"start":{"line":2,"column":6},"end":{"line":2,"column":43}},"type":"binary-expr","locations":[{"start":{"line":2,"column":6},"end":{"line":2,"column":20}},{"start":{"line":2,"column":24},"end":{"line":2,"column":43}}],"line":2}},"s":{"0":1,"1":64,"2":0,"3":0,"4":64},"f":{"0":64},"b":{"0":[0,64],"1":[64,64]},"_coverageSchema":"332fd63041d2c1bcb487cc26dd0d5f7d97098a6c","hash":"d530a3a9a5bfb7b72cddea640873278dfcee5908","contentHash":"f2b76663da6ef058c4926900035aff26_11.6.0"},"/Users/amachhab/Documents/code/inquire-v2/src/services/users/users.service.js":{"path":"/Users/amachhab/Documents/code/inquire-v2/src/services/users/users.service.js","statementMap":{"0":{"start":{"line":2,"column":22},"end":{"line":2,"column":50}},"1":{"start":{"line":3,"column":20},"end":{"line":3,"column":55}},"2":{"start":{"line":4,"column":14},"end":{"line":4,"column":38}},"3":{"start":{"line":6,"column":0},"end":{"line":23,"column":2}},"4":{"start":{"line":7,"column":16},"end":{"line":7,"column":32}},"5":{"start":{"line":8,"column":19},"end":{"line":8,"column":38}},"6":{"start":{"line":10,"column":18},"end":{"line":14,"column":3}},"7":{"start":{"line":17,"column":2},"end":{"line":17,"column":44}},"8":{"start":{"line":20,"column":18},"end":{"line":20,"column":38}},"9":{"start":{"line":22,"column":2},"end":{"line":22,"column":23}}},"fnMap":{"0":{"name":"(anonymous_0)","decl":{"start":{"line":6,"column":17},"end":{"line":6,"column":18}},"loc":{"start":{"line":6,"column":32},"end":{"line":23,"column":1}},"line":6}},"branchMap":{},"s":{"0":1,"1":1,"2":1,"3":1,"4":1,"5":1,"6":1,"7":1,"8":1,"9":1},"f":{"0":1},"b":{},"_coverageSchema":"332fd63041d2c1bcb487cc26dd0d5f7d97098a6c","hash":"8e1b828be21bd9d47b09284e65802f8dfcaac569","contentHash":"74f89cd519bc5520408d6ffce5df9556_11.6.0"},"/Users/amachhab/Documents/code/inquire-v2/src/models/users.model.js":{"path":"/Users/amachhab/Documents/code/inquire-v2/src/models/users.model.js","statementMap":{"0":{"start":{"line":5,"column":0},"end":{"line":46,"column":2}},"1":{"start":{"line":6,"column":25},"end":{"line":6,"column":50}},"2":{"start":{"line":7,"column":21},"end":{"line":7,"column":35}},"3":{"start":{"line":8,"column":21},"end":{"line":27,"column":4}},"4":{"start":{"line":29,"column":2},"end":{"line":33,"column":5}},"5":{"start":{"line":35,"column":2},"end":{"line":38,"column":5}},"6":{"start":{"line":40,"column":2},"end":{"line":43,"column":5}},"7":{"start":{"line":45,"column":2},"end":{"line":45,"column":51}}},"fnMap":{"0":{"name":"(anonymous_0)","decl":{"start":{"line":5,"column":17},"end":{"line":5,"column":18}},"loc":{"start":{"line":5,"column":31},"end":{"line":46,"column":1}},"line":5}},"branchMap":{},"s":{"0":1,"1":1,"2":1,"3":1,"4":1,"5":1,"6":1,"7":1},"f":{"0":1},"b":{},"_coverageSchema":"332fd63041d2c1bcb487cc26dd0d5f7d97098a6c","hash":"d4553b3c9d11c32a5c34105c005b26e8f15c4e92","contentHash":"64c02f91cd84e6b34cea88e5ae3ffd9f_11.6.0"},"/Users/amachhab/Documents/code/inquire-v2/src/services/users/users.hooks.js":{"path":"/Users/amachhab/Documents/code/inquire-v2/src/services/users/users.hooks.js","statementMap":{"0":{"start":{"line":1,"column":25},"end":{"line":1,"column":68}},"1":{"start":{"line":2,"column":14},"end":{"line":2,"column":54}},"2":{"start":{"line":3,"column":15},"end":{"line":3,"column":39}},"3":{"start":{"line":6,"column":2},"end":{"line":6,"column":37}},"4":{"start":{"line":8,"column":2},"end":{"line":10,"column":3}},"5":{"start":{"line":9,"column":4},"end":{"line":9,"column":71}},"6":{"start":{"line":12,"column":2},"end":{"line":23,"column":3}},"7":{"start":{"line":18,"column":8},"end":{"line":18,"column":39}},"8":{"start":{"line":19,"column":4},"end":{"line":19,"column":26}},"9":{"start":{"line":20,"column":4},"end":{"line":20,"column":33}},"10":{"start":{"line":21,"column":4},"end":{"line":21,"column":43}},"11":{"start":{"line":22,"column":4},"end":{"line":22,"column":35}},"12":{"start":{"line":27,"column":2},"end":{"line":29,"column":3}},"13":{"start":{"line":31,"column":2},"end":{"line":33,"column":3}},"14":{"start":{"line":35,"column":2},"end":{"line":35,"column":34}},"15":{"start":{"line":38,"column":0},"end":{"line":85,"column":2}}},"fnMap":{"0":{"name":"customizeProfile","decl":{"start":{"line":5,"column":9},"end":{"line":5,"column":25}},"loc":{"start":{"line":5,"column":35},"end":{"line":36,"column":1}},"line":5}},"branchMap":{"0":{"loc":{"start":{"line":8,"column":2},"end":{"line":10,"column":3}},"type":"if","locations":[{"start":{"line":8,"column":2},"end":{"line":10,"column":3}},{"start":{"line":8,"column":2},"end":{"line":10,"column":3}}],"line":8},"1":{"loc":{"start":{"line":12,"column":2},"end":{"line":23,"column":3}},"type":"if","locations":[{"start":{"line":12,"column":2},"end":{"line":23,"column":3}},{"start":{"line":12,"column":2},"end":{"line":23,"column":3}}],"line":12},"2":{"loc":{"start":{"line":14,"column":6},"end":{"line":14,"column":21}},"type":"default-arg","locations":[{"start":{"line":14,"column":15},"end":{"line":14,"column":21}}],"line":14},"3":{"loc":{"start":{"line":15,"column":6},"end":{"line":15,"column":26}},"type":"default-arg","locations":[{"start":{"line":15,"column":20},"end":{"line":15,"column":26}}],"line":15},"4":{"loc":{"start":{"line":27,"column":2},"end":{"line":29,"column":3}},"type":"if","locations":[{"start":{"line":27,"column":2},"end":{"line":29,"column":3}},{"start":{"line":27,"column":2},"end":{"line":29,"column":3}}],"line":27},"5":{"loc":{"start":{"line":31,"column":2},"end":{"line":33,"column":3}},"type":"if","locations":[{"start":{"line":31,"column":2},"end":{"line":33,"column":3}},{"start":{"line":31,"column":2},"end":{"line":33,"column":3}}],"line":31}},"s":{"0":1,"1":1,"2":1,"3":0,"4":0,"5":0,"6":0,"7":0,"8":0,"9":0,"10":0,"11":0,"12":0,"13":0,"14":0,"15":1},"f":{"0":0},"b":{"0":[0,0],"1":[0,0],"2":[0],"3":[0],"4":[0,0],"5":[0,0]},"_coverageSchema":"332fd63041d2c1bcb487cc26dd0d5f7d97098a6c","hash":"1aef1c06d2ec68df7ee1d4470f45135f23233ed9","contentHash":"7f2b710b5a6bfe67cf46a4f6a8b0cd8f_11.6.0"},"/Users/amachhab/Documents/code/inquire-v2/src/services/motds/motds.service.js":{"path":"/Users/amachhab/Documents/code/inquire-v2/src/services/motds/motds.service.js","statementMap":{"0":{"start":{"line":2,"column":22},"end":{"line":2,"column":50}},"1":{"start":{"line":3,"column":20},"end":{"line":3,"column":55}},"2":{"start":{"line":4,"column":14},"end":{"line":4,"column":38}},"3":{"start":{"line":6,"column":0},"end":{"line":23,"column":2}},"4":{"start":{"line":7,"column":16},"end":{"line":7,"column":32}},"5":{"start":{"line":8,"column":19},"end":{"line":8,"column":38}},"6":{"start":{"line":10,"column":18},"end":{"line":14,"column":3}},"7":{"start":{"line":17,"column":2},"end":{"line":17,"column":44}},"8":{"start":{"line":20,"column":18},"end":{"line":20,"column":38}},"9":{"start":{"line":22,"column":2},"end":{"line":22,"column":23}}},"fnMap":{"0":{"name":"(anonymous_0)","decl":{"start":{"line":6,"column":17},"end":{"line":6,"column":18}},"loc":{"start":{"line":6,"column":32},"end":{"line":23,"column":1}},"line":6}},"branchMap":{},"s":{"0":1,"1":1,"2":1,"3":1,"4":1,"5":1,"6":1,"7":1,"8":1,"9":1},"f":{"0":1},"b":{},"_coverageSchema":"332fd63041d2c1bcb487cc26dd0d5f7d97098a6c","hash":"5e1ee4ccf018d65acddfdd0beef2e4ad2950666a","contentHash":"f237cf30cfcc999895d8728a48fb4e09_11.6.0"},"/Users/amachhab/Documents/code/inquire-v2/src/models/motds.model.js":{"path":"/Users/amachhab/Documents/code/inquire-v2/src/models/motds.model.js","statementMap":{"0":{"start":{"line":5,"column":0},"end":{"line":17,"column":2}},"1":{"start":{"line":6,"column":25},"end":{"line":6,"column":50}},"2":{"start":{"line":7,"column":21},"end":{"line":7,"column":35}},"3":{"start":{"line":8,"column":21},"end":{"line":14,"column":4}},"4":{"start":{"line":16,"column":2},"end":{"line":16,"column":51}}},"fnMap":{"0":{"name":"(anonymous_0)","decl":{"start":{"line":5,"column":17},"end":{"line":5,"column":18}},"loc":{"start":{"line":5,"column":31},"end":{"line":17,"column":1}},"line":5}},"branchMap":{},"s":{"0":1,"1":1,"2":1,"3":1,"4":1},"f":{"0":1},"b":{},"_coverageSchema":"332fd63041d2c1bcb487cc26dd0d5f7d97098a6c","hash":"29c6b09ba494b7b3bf41d15dc680fc903742de98","contentHash":"436e0051d7360a2c57fda0fc3e3a2d0f_11.6.0"},"/Users/amachhab/Documents/code/inquire-v2/src/services/motds/motds.hooks.js":{"path":"/Users/amachhab/Documents/code/inquire-v2/src/services/motds/motds.hooks.js","statementMap":{"0":{"start":{"line":1,"column":25},"end":{"line":1,"column":68}},"1":{"start":{"line":3,"column":0},"end":{"line":33,"column":2}}},"fnMap":{},"branchMap":{},"s":{"0":1,"1":1},"f":{},"b":{},"_coverageSchema":"332fd63041d2c1bcb487cc26dd0d5f7d97098a6c","hash":"9e19c8acfb3c1afdbccf910b412934dea0a4a7cb","contentHash":"ab31e93f89c832a30821a27c4ed7771f_11.6.0"},"/Users/amachhab/Documents/code/inquire-v2/src/services/botkit/botkit.service.js":{"path":"/Users/amachhab/Documents/code/inquire-v2/src/services/botkit/botkit.service.js","statementMap":{"0":{"start":{"line":2,"column":22},"end":{"line":2,"column":50}},"1":{"start":{"line":4,"column":0},"end":{"line":9,"column":2}},"2":{"start":{"line":7,"column":2},"end":{"line":7,"column":53}}},"fnMap":{"0":{"name":"(anonymous_0)","decl":{"start":{"line":4,"column":17},"end":{"line":4,"column":18}},"loc":{"start":{"line":4,"column":32},"end":{"line":9,"column":1}},"line":4}},"branchMap":{},"s":{"0":1,"1":1,"2":1},"f":{"0":1},"b":{},"_coverageSchema":"332fd63041d2c1bcb487cc26dd0d5f7d97098a6c","hash":"3be6b7622f53e27e9dab93a0b65d4d80068ea877","contentHash":"44eb955a188ce98a89ef57cafb157e1e_11.6.0"},"/Users/amachhab/Documents/code/inquire-v2/src/services/botkit/botkit.class.js":{"path":"/Users/amachhab/Documents/code/inquire-v2/src/services/botkit/botkit.class.js","statementMap":{"0":{"start":{"line":2,"column":16},"end":{"line":2,"column":46}},"1":{"start":{"line":3,"column":15},"end":{"line":3,"column":32}},"2":{"start":{"line":4,"column":16},"end":{"line":4,"column":35}},"3":{"start":{"line":5,"column":15},"end":{"line":5,"column":39}},"4":{"start":{"line":7,"column":0},"end":{"line":45,"column":2}},"5":{"start":{"line":8,"column":16},"end":{"line":8,"column":32}},"6":{"start":{"line":9,"column":17},"end":{"line":9,"column":33}},"7":{"start":{"line":11,"column":21},"end":{"line":20,"column":4}},"8":{"start":{"line":22,"column":2},"end":{"line":22,"column":27}},"9":{"start":{"line":23,"column":2},"end":{"line":23,"column":56}},"10":{"start":{"line":24,"column":2},"end":{"line":24,"column":44}},"11":{"start":{"line":26,"column":25},"end":{"line":26,"column":66}},"12":{"start":{"line":27,"column":2},"end":{"line":31,"column":7}},"13":{"start":{"line":30,"column":6},"end":{"line":30,"column":46}},"14":{"start":{"line":33,"column":14},"end":{"line":33,"column":34}},"15":{"start":{"line":35,"column":2},"end":{"line":38,"column":5}},"16":{"start":{"line":36,"column":4},"end":{"line":36,"column":24}},"17":{"start":{"line":37,"column":4},"end":{"line":37,"column":51}},"18":{"start":{"line":40,"column":2},"end":{"line":42,"column":5}},"19":{"start":{"line":44,"column":2},"end":{"line":44,"column":16}}},"fnMap":{"0":{"name":"(anonymous_0)","decl":{"start":{"line":7,"column":17},"end":{"line":7,"column":18}},"loc":{"start":{"line":7,"column":31},"end":{"line":45,"column":1}},"line":7},"1":{"name":"(anonymous_1)","decl":{"start":{"line":29,"column":13},"end":{"line":29,"column":14}},"loc":{"start":{"line":29,"column":28},"end":{"line":31,"column":5}},"line":29},"2":{"name":"(anonymous_2)","decl":{"start":{"line":35,"column":19},"end":{"line":35,"column":20}},"loc":{"start":{"line":35,"column":33},"end":{"line":38,"column":3}},"line":35},"3":{"name":"(anonymous_3)","decl":{"start":{"line":40,"column":49},"end":{"line":40,"column":50}},"loc":{"start":{"line":40,"column":60},"end":{"line":42,"column":3}},"line":40}},"branchMap":{},"s":{"0":1,"1":1,"2":1,"3":1,"4":1,"5":1,"6":1,"7":1,"8":1,"9":1,"10":1,"11":1,"12":1,"13":5,"14":1,"15":1,"16":1,"17":1,"18":1,"19":1},"f":{"0":1,"1":5,"2":1,"3":1},"b":{},"_coverageSchema":"332fd63041d2c1bcb487cc26dd0d5f7d97098a6c","hash":"7f5f305fa08a32f987c4ad6845fa1e80ab38184a","contentHash":"bd302796ad968affcffebef6571c0d9d_11.6.0"},"/Users/amachhab/Documents/code/inquire-v2/src/services/utils/index.js":{"path":"/Users/amachhab/Documents/code/inquire-v2/src/services/utils/index.js","statementMap":{"0":{"start":{"line":1,"column":16},"end":{"line":1,"column":36}},"1":{"start":{"line":2,"column":0},"end":{"line":2,"column":25}}},"fnMap":{},"branchMap":{},"s":{"0":1,"1":1},"f":{},"b":{},"_coverageSchema":"332fd63041d2c1bcb487cc26dd0d5f7d97098a6c","hash":"c9c3e6dad9194ed6b2dd9f2d740f9a59768b3974","contentHash":"5475cd26126fc40044018b67443bff94_11.6.0"},"/Users/amachhab/Documents/code/inquire-v2/src/services/utils/helpers.js":{"path":"/Users/amachhab/Documents/code/inquire-v2/src/services/utils/helpers.js","statementMap":{"0":{"start":{"line":1,"column":16},"end":{"line":1,"column":37}},"1":{"start":{"line":2,"column":18},"end":{"line":2,"column":46}},"2":{"start":{"line":4,"column":20},"end":{"line":4,"column":71}},"3":{"start":{"line":6,"column":15},"end":{"line":6,"column":39}},"4":{"start":{"line":15,"column":4},"end":{"line":15,"column":19}},"5":{"start":{"line":26,"column":14},"end":{"line":26,"column":55}},"6":{"start":{"line":27,"column":4},"end":{"line":27,"column":49}},"7":{"start":{"line":28,"column":4},"end":{"line":28,"column":19}},"8":{"start":{"line":32,"column":4},"end":{"line":43,"column":5}},"9":{"start":{"line":33,"column":23},"end":{"line":35,"column":71}},"10":{"start":{"line":36,"column":19},"end":{"line":36,"column":32}},"11":{"start":{"line":37,"column":18},"end":{"line":37,"column":20}},"12":{"start":{"line":38,"column":6},"end":{"line":38,"column":37}},"13":{"start":{"line":39,"column":6},"end":{"line":39,"column":50}},"14":{"start":{"line":39,"column":23},"end":{"line":39,"column":50}},"15":{"start":{"line":40,"column":6},"end":{"line":40,"column":61}},"16":{"start":{"line":42,"column":6},"end":{"line":42,"column":64}},"17":{"start":{"line":53,"column":16},"end":{"line":55,"column":69}},"18":{"start":{"line":56,"column":4},"end":{"line":56,"column":20}},"19":{"start":{"line":67,"column":4},"end":{"line":73,"column":5}},"20":{"start":{"line":68,"column":21},"end":{"line":68,"column":49}},"21":{"start":{"line":69,"column":22},"end":{"line":69,"column":76}},"22":{"start":{"line":70,"column":6},"end":{"line":70,"column":21}},"23":{"start":{"line":72,"column":6},"end":{"line":72,"column":53}},"24":{"start":{"line":96,"column":18},"end":{"line":96,"column":60}},"25":{"start":{"line":97,"column":4},"end":{"line":114,"column":9}},"26":{"start":{"line":103,"column":28},"end":{"line":103,"column":63}},"27":{"start":{"line":104,"column":8},"end":{"line":113,"column":36}},"28":{"start":{"line":105,"column":10},"end":{"line":105,"column":51}},"29":{"start":{"line":106,"column":10},"end":{"line":112,"column":11}},"30":{"start":{"line":107,"column":12},"end":{"line":111,"column":14}},"31":{"start":{"line":113,"column":15},"end":{"line":113,"column":36}},"32":{"start":{"line":125,"column":4},"end":{"line":137,"column":5}},"33":{"start":{"line":126,"column":24},"end":{"line":126,"column":77}},"34":{"start":{"line":127,"column":23},"end":{"line":130,"column":12}},"35":{"start":{"line":128,"column":8},"end":{"line":128,"column":65}},"36":{"start":{"line":128,"column":32},"end":{"line":128,"column":65}},"37":{"start":{"line":129,"column":8},"end":{"line":129,"column":26}},"38":{"start":{"line":131,"column":6},"end":{"line":131,"column":63}},"39":{"start":{"line":131,"column":46},"end":{"line":131,"column":61}},"40":{"start":{"line":132,"column":20},"end":{"line":132,"column":47}},"41":{"start":{"line":133,"column":20},"end":{"line":133,"column":73}},"42":{"start":{"line":134,"column":6},"end":{"line":134,"column":19}},"43":{"start":{"line":136,"column":6},"end":{"line":136,"column":69}},"44":{"start":{"line":148,"column":18},"end":{"line":150,"column":5}},"45":{"start":{"line":151,"column":19},"end":{"line":151,"column":67}},"46":{"start":{"line":152,"column":4},"end":{"line":158,"column":5}},"47":{"start":{"line":153,"column":6},"end":{"line":153,"column":19}},"48":{"start":{"line":154,"column":11},"end":{"line":158,"column":5}},"49":{"start":{"line":155,"column":6},"end":{"line":155,"column":18}},"50":{"start":{"line":157,"column":6},"end":{"line":157,"column":70}},"51":{"start":{"line":169,"column":4},"end":{"line":178,"column":5}},"52":{"start":{"line":170,"column":21},"end":{"line":170,"column":64}},"53":{"start":{"line":171,"column":6},"end":{"line":171,"column":53}},"54":{"start":{"line":172,"column":6},"end":{"line":172,"column":38}},"55":{"start":{"line":173,"column":6},"end":{"line":173,"column":40}},"56":{"start":{"line":174,"column":6},"end":{"line":174,"column":21}},"57":{"start":{"line":176,"column":6},"end":{"line":176,"column":54}},"58":{"start":{"line":177,"column":6},"end":{"line":177,"column":21}},"59":{"start":{"line":189,"column":4},"end":{"line":201,"column":5}},"60":{"start":{"line":190,"column":23},"end":{"line":192,"column":71}},"61":{"start":{"line":193,"column":19},"end":{"line":193,"column":32}},"62":{"start":{"line":194,"column":6},"end":{"line":194,"column":27}},"63":{"start":{"line":195,"column":6},"end":{"line":195,"column":37}},"64":{"start":{"line":196,"column":6},"end":{"line":196,"column":56}},"65":{"start":{"line":196,"column":23},"end":{"line":196,"column":56}},"66":{"start":{"line":197,"column":6},"end":{"line":197,"column":21}},"67":{"start":{"line":199,"column":6},"end":{"line":199,"column":49}},"68":{"start":{"line":200,"column":6},"end":{"line":200,"column":21}},"69":{"start":{"line":213,"column":4},"end":{"line":213,"column":39}},"70":{"start":{"line":214,"column":4},"end":{"line":214,"column":23}},"71":{"start":{"line":215,"column":4},"end":{"line":215,"column":35}},"72":{"start":{"line":216,"column":21},"end":{"line":224,"column":5}},"73":{"start":{"line":225,"column":4},"end":{"line":227,"column":5}},"74":{"start":{"line":226,"column":6},"end":{"line":226,"column":35}},"75":{"start":{"line":228,"column":4},"end":{"line":230,"column":5}},"76":{"start":{"line":229,"column":6},"end":{"line":229,"column":42}},"77":{"start":{"line":231,"column":18},"end":{"line":231,"column":72}},"78":{"start":{"line":232,"column":19},"end":{"line":232,"column":71}},"79":{"start":{"line":233,"column":4},"end":{"line":233,"column":39}},"80":{"start":{"line":244,"column":18},"end":{"line":250,"column":5}},"81":{"start":{"line":251,"column":4},"end":{"line":253,"column":5}},"82":{"start":{"line":252,"column":6},"end":{"line":252,"column":42}},"83":{"start":{"line":254,"column":4},"end":{"line":254,"column":54}},"84":{"start":{"line":265,"column":16},"end":{"line":265,"column":46}},"85":{"start":{"line":266,"column":19},"end":{"line":266,"column":35}},"86":{"start":{"line":269,"column":4},"end":{"line":272,"column":5}},"87":{"start":{"line":270,"column":6},"end":{"line":270,"column":49}},"88":{"start":{"line":271,"column":6},"end":{"line":271,"column":33}},"89":{"start":{"line":273,"column":17},"end":{"line":279,"column":5}},"90":{"start":{"line":280,"column":4},"end":{"line":282,"column":5}},"91":{"start":{"line":281,"column":6},"end":{"line":281,"column":32}},"92":{"start":{"line":283,"column":4},"end":{"line":285,"column":5}},"93":{"start":{"line":284,"column":6},"end":{"line":284,"column":40}},"94":{"start":{"line":286,"column":16},"end":{"line":289,"column":5}},"95":{"start":{"line":290,"column":17},"end":{"line":295,"column":5}},"96":{"start":{"line":296,"column":22},"end":{"line":298,"column":37}},"97":{"start":{"line":299,"column":4},"end":{"line":299,"column":24}},"98":{"start":{"line":310,"column":16},"end":{"line":310,"column":46}},"99":{"start":{"line":311,"column":19},"end":{"line":311,"column":35}},"100":{"start":{"line":312,"column":16},"end":{"line":315,"column":5}},"101":{"start":{"line":316,"column":22},"end":{"line":316,"column":73}},"102":{"start":{"line":317,"column":4},"end":{"line":317,"column":24}},"103":{"start":{"line":328,"column":4},"end":{"line":328,"column":54}},"104":{"start":{"line":330,"column":4},"end":{"line":340,"column":5}},"105":{"start":{"line":331,"column":19},"end":{"line":331,"column":72}},"106":{"start":{"line":332,"column":6},"end":{"line":332,"column":44}},"107":{"start":{"line":333,"column":6},"end":{"line":333,"column":58}},"108":{"start":{"line":334,"column":6},"end":{"line":334,"column":52}},"109":{"start":{"line":336,"column":6},"end":{"line":336,"column":58}},"110":{"start":{"line":337,"column":19},"end":{"line":337,"column":56}},"111":{"start":{"line":338,"column":6},"end":{"line":338,"column":49}},"112":{"start":{"line":339,"column":6},"end":{"line":339,"column":49}},"113":{"start":{"line":351,"column":4},"end":{"line":351,"column":68}},"114":{"start":{"line":352,"column":4},"end":{"line":372,"column":5}},"115":{"start":{"line":353,"column":21},"end":{"line":353,"column":57}},"116":{"start":{"line":354,"column":6},"end":{"line":369,"column":7}},"117":{"start":{"line":355,"column":8},"end":{"line":355,"column":37}},"118":{"start":{"line":356,"column":8},"end":{"line":356,"column":56}},"119":{"start":{"line":357,"column":23},"end":{"line":357,"column":39}},"120":{"start":{"line":358,"column":8},"end":{"line":358,"column":77}},"121":{"start":{"line":360,"column":8},"end":{"line":360,"column":45}},"122":{"start":{"line":361,"column":8},"end":{"line":361,"column":57}},"123":{"start":{"line":362,"column":29},"end":{"line":362,"column":61}},"124":{"start":{"line":363,"column":8},"end":{"line":368,"column":9}},"125":{"start":{"line":364,"column":10},"end":{"line":364,"column":46}},"126":{"start":{"line":365,"column":10},"end":{"line":365,"column":72}},"127":{"start":{"line":367,"column":10},"end":{"line":367,"column":22}},"128":{"start":{"line":371,"column":6},"end":{"line":371,"column":63}},"129":{"start":{"line":383,"column":19},"end":{"line":383,"column":36}},"130":{"start":{"line":384,"column":4},"end":{"line":388,"column":5}},"131":{"start":{"line":385,"column":6},"end":{"line":385,"column":75}},"132":{"start":{"line":387,"column":6},"end":{"line":387,"column":51}},"133":{"start":{"line":399,"column":4},"end":{"line":406,"column":5}},"134":{"start":{"line":400,"column":20},"end":{"line":400,"column":66}},"135":{"start":{"line":401,"column":29},"end":{"line":401,"column":63}},"136":{"start":{"line":402,"column":23},"end":{"line":402,"column":59}},"137":{"start":{"line":403,"column":6},"end":{"line":403,"column":33}},"138":{"start":{"line":405,"column":6},"end":{"line":405,"column":65}},"139":{"start":{"line":429,"column":4},"end":{"line":439,"column":5}},"140":{"start":{"line":430,"column":6},"end":{"line":430,"column":77}},"141":{"start":{"line":432,"column":20},"end":{"line":437,"column":7}},"142":{"start":{"line":438,"column":6},"end":{"line":438,"column":59}},"143":{"start":{"line":463,"column":4},"end":{"line":471,"column":5}},"144":{"start":{"line":464,"column":6},"end":{"line":466,"column":8}},"145":{"start":{"line":467,"column":11},"end":{"line":471,"column":5}},"146":{"start":{"line":468,"column":6},"end":{"line":470,"column":8}},"147":{"start":{"line":472,"column":16},"end":{"line":477,"column":5}},"148":{"start":{"line":478,"column":4},"end":{"line":480,"column":5}},"149":{"start":{"line":479,"column":6},"end":{"line":479,"column":32}},"150":{"start":{"line":481,"column":4},"end":{"line":485,"column":5}},"151":{"start":{"line":482,"column":6},"end":{"line":484,"column":8}},"152":{"start":{"line":487,"column":4},"end":{"line":487,"column":57}},"153":{"start":{"line":491,"column":19},"end":{"line":491,"column":33}},"154":{"start":{"line":492,"column":4},"end":{"line":497,"column":5}},"155":{"start":{"line":493,"column":22},"end":{"line":493,"column":77}},"156":{"start":{"line":494,"column":6},"end":{"line":494,"column":21}},"157":{"start":{"line":496,"column":6},"end":{"line":496,"column":18}},"158":{"start":{"line":501,"column":4},"end":{"line":515,"column":5}},"159":{"start":{"line":502,"column":20},"end":{"line":502,"column":73}},"160":{"start":{"line":503,"column":6},"end":{"line":511,"column":7}},"161":{"start":{"line":504,"column":8},"end":{"line":508,"column":9}},"162":{"start":{"line":505,"column":10},"end":{"line":505,"column":22}},"163":{"start":{"line":507,"column":10},"end":{"line":507,"column":23}},"164":{"start":{"line":510,"column":8},"end":{"line":510,"column":20}},"165":{"start":{"line":513,"column":6},"end":{"line":513,"column":57}},"166":{"start":{"line":514,"column":6},"end":{"line":514,"column":18}},"167":{"start":{"line":519,"column":4},"end":{"line":530,"column":5}},"168":{"start":{"line":520,"column":19},"end":{"line":522,"column":7}},"169":{"start":{"line":523,"column":6},"end":{"line":523,"column":71}},"170":{"start":{"line":525,"column":6},"end":{"line":528,"column":8}},"171":{"start":{"line":529,"column":6},"end":{"line":529,"column":42}},"172":{"start":{"line":534,"column":0},"end":{"line":534,"column":25}}},"fnMap":{"0":{"name":"(anonymous_0)","decl":{"start":{"line":14,"column":2},"end":{"line":14,"column":3}},"loc":{"start":{"line":14,"column":19},"end":{"line":16,"column":3}},"line":14},"1":{"name":"(anonymous_1)","decl":{"start":{"line":25,"column":2},"end":{"line":25,"column":3}},"loc":{"start":{"line":25,"column":22},"end":{"line":29,"column":3}},"line":25},"2":{"name":"(anonymous_2)","decl":{"start":{"line":31,"column":2},"end":{"line":31,"column":3}},"loc":{"start":{"line":31,"column":27},"end":{"line":44,"column":3}},"line":31},"3":{"name":"(anonymous_3)","decl":{"start":{"line":52,"column":2},"end":{"line":52,"column":3}},"loc":{"start":{"line":52,"column":28},"end":{"line":57,"column":3}},"line":52},"4":{"name":"(anonymous_4)","decl":{"start":{"line":66,"column":2},"end":{"line":66,"column":3}},"loc":{"start":{"line":66,"column":35},"end":{"line":74,"column":3}},"line":66},"5":{"name":"(anonymous_5)","decl":{"start":{"line":85,"column":2},"end":{"line":85,"column":3}},"loc":{"start":{"line":89,"column":4},"end":{"line":115,"column":3}},"line":89},"6":{"name":"(anonymous_6)","decl":{"start":{"line":101,"column":12},"end":{"line":101,"column":13}},"loc":{"start":{"line":101,"column":24},"end":{"line":114,"column":7}},"line":101},"7":{"name":"(anonymous_7)","decl":{"start":{"line":124,"column":2},"end":{"line":124,"column":3}},"loc":{"start":{"line":124,"column":38},"end":{"line":138,"column":3}},"line":124},"8":{"name":"(anonymous_8)","decl":{"start":{"line":127,"column":42},"end":{"line":127,"column":43}},"loc":{"start":{"line":127,"column":66},"end":{"line":130,"column":7}},"line":127},"9":{"name":"(anonymous_9)","decl":{"start":{"line":131,"column":36},"end":{"line":131,"column":37}},"loc":{"start":{"line":131,"column":46},"end":{"line":131,"column":61}},"line":131},"10":{"name":"(anonymous_10)","decl":{"start":{"line":147,"column":2},"end":{"line":147,"column":3}},"loc":{"start":{"line":147,"column":28},"end":{"line":159,"column":3}},"line":147},"11":{"name":"(anonymous_11)","decl":{"start":{"line":168,"column":2},"end":{"line":168,"column":3}},"loc":{"start":{"line":168,"column":32},"end":{"line":179,"column":3}},"line":168},"12":{"name":"(anonymous_12)","decl":{"start":{"line":188,"column":2},"end":{"line":188,"column":3}},"loc":{"start":{"line":188,"column":32},"end":{"line":202,"column":3}},"line":188},"13":{"name":"(anonymous_13)","decl":{"start":{"line":212,"column":2},"end":{"line":212,"column":3}},"loc":{"start":{"line":212,"column":35},"end":{"line":234,"column":3}},"line":212},"14":{"name":"(anonymous_14)","decl":{"start":{"line":243,"column":2},"end":{"line":243,"column":3}},"loc":{"start":{"line":243,"column":28},"end":{"line":255,"column":3}},"line":243},"15":{"name":"(anonymous_15)","decl":{"start":{"line":264,"column":2},"end":{"line":264,"column":3}},"loc":{"start":{"line":264,"column":27},"end":{"line":300,"column":3}},"line":264},"16":{"name":"(anonymous_16)","decl":{"start":{"line":309,"column":2},"end":{"line":309,"column":3}},"loc":{"start":{"line":309,"column":30},"end":{"line":318,"column":3}},"line":309},"17":{"name":"(anonymous_17)","decl":{"start":{"line":327,"column":2},"end":{"line":327,"column":3}},"loc":{"start":{"line":327,"column":32},"end":{"line":341,"column":3}},"line":327},"18":{"name":"(anonymous_18)","decl":{"start":{"line":350,"column":2},"end":{"line":350,"column":3}},"loc":{"start":{"line":350,"column":31},"end":{"line":373,"column":3}},"line":350},"19":{"name":"(anonymous_19)","decl":{"start":{"line":382,"column":2},"end":{"line":382,"column":3}},"loc":{"start":{"line":382,"column":32},"end":{"line":389,"column":3}},"line":382},"20":{"name":"(anonymous_20)","decl":{"start":{"line":398,"column":2},"end":{"line":398,"column":3}},"loc":{"start":{"line":398,"column":30},"end":{"line":407,"column":3}},"line":398},"21":{"name":"(anonymous_21)","decl":{"start":{"line":421,"column":2},"end":{"line":421,"column":3}},"loc":{"start":{"line":428,"column":4},"end":{"line":440,"column":3}},"line":428},"22":{"name":"(anonymous_22)","decl":{"start":{"line":454,"column":2},"end":{"line":454,"column":3}},"loc":{"start":{"line":461,"column":4},"end":{"line":488,"column":3}},"line":461},"23":{"name":"(anonymous_23)","decl":{"start":{"line":490,"column":2},"end":{"line":490,"column":3}},"loc":{"start":{"line":490,"column":34},"end":{"line":498,"column":3}},"line":490},"24":{"name":"(anonymous_24)","decl":{"start":{"line":500,"column":2},"end":{"line":500,"column":3}},"loc":{"start":{"line":500,"column":32},"end":{"line":516,"column":3}},"line":500},"25":{"name":"(anonymous_25)","decl":{"start":{"line":518,"column":2},"end":{"line":518,"column":3}},"loc":{"start":{"line":518,"column":30},"end":{"line":531,"column":3}},"line":518}},"branchMap":{"0":{"loc":{"start":{"line":39,"column":6},"end":{"line":39,"column":50}},"type":"if","locations":[{"start":{"line":39,"column":6},"end":{"line":39,"column":50}},{"start":{"line":39,"column":6},"end":{"line":39,"column":50}}],"line":39},"1":{"loc":{"start":{"line":86,"column":4},"end":{"line":86,"column":53}},"type":"default-arg","locations":[{"start":{"line":86,"column":10},"end":{"line":86,"column":53}}],"line":86},"2":{"loc":{"start":{"line":88,"column":4},"end":{"line":88,"column":16}},"type":"default-arg","locations":[{"start":{"line":88,"column":14},"end":{"line":88,"column":16}}],"line":88},"3":{"loc":{"start":{"line":96,"column":18},"end":{"line":96,"column":60}},"type":"cond-expr","locations":[{"start":{"line":96,"column":27},"end":{"line":96,"column":55}},{"start":{"line":96,"column":58},"end":{"line":96,"column":60}}],"line":96},"4":{"loc":{"start":{"line":104,"column":8},"end":{"line":113,"column":36}},"type":"if","locations":[{"start":{"line":104,"column":8},"end":{"line":113,"column":36}},{"start":{"line":104,"column":8},"end":{"line":113,"column":36}}],"line":104},"5":{"loc":{"start":{"line":106,"column":10},"end":{"line":112,"column":11}},"type":"if","locations":[{"start":{"line":106,"column":10},"end":{"line":112,"column":11}},{"start":{"line":106,"column":10},"end":{"line":112,"column":11}}],"line":106},"6":{"loc":{"start":{"line":128,"column":8},"end":{"line":128,"column":65}},"type":"if","locations":[{"start":{"line":128,"column":8},"end":{"line":128,"column":65}},{"start":{"line":128,"column":8},"end":{"line":128,"column":65}}],"line":128},"7":{"loc":{"start":{"line":152,"column":4},"end":{"line":158,"column":5}},"type":"if","locations":[{"start":{"line":152,"column":4},"end":{"line":158,"column":5}},{"start":{"line":152,"column":4},"end":{"line":158,"column":5}}],"line":152},"8":{"loc":{"start":{"line":152,"column":8},"end":{"line":152,"column":54}},"type":"binary-expr","locations":[{"start":{"line":152,"column":8},"end":{"line":152,"column":26}},{"start":{"line":152,"column":30},"end":{"line":152,"column":54}}],"line":152},"9":{"loc":{"start":{"line":154,"column":11},"end":{"line":158,"column":5}},"type":"if","locations":[{"start":{"line":154,"column":11},"end":{"line":158,"column":5}},{"start":{"line":154,"column":11},"end":{"line":158,"column":5}}],"line":154},"10":{"loc":{"start":{"line":154,"column":15},"end":{"line":154,"column":67}},"type":"binary-expr","locations":[{"start":{"line":154,"column":15},"end":{"line":154,"column":33}},{"start":{"line":154,"column":37},"end":{"line":154,"column":67}}],"line":154},"11":{"loc":{"start":{"line":196,"column":6},"end":{"line":196,"column":56}},"type":"if","locations":[{"start":{"line":196,"column":6},"end":{"line":196,"column":56}},{"start":{"line":196,"column":6},"end":{"line":196,"column":56}}],"line":196},"12":{"loc":{"start":{"line":221,"column":19},"end":{"line":221,"column":57}},"type":"binary-expr","locations":[{"start":{"line":221,"column":19},"end":{"line":221,"column":44}},{"start":{"line":221,"column":48},"end":{"line":221,"column":57}}],"line":221},"13":{"loc":{"start":{"line":225,"column":4},"end":{"line":227,"column":5}},"type":"if","locations":[{"start":{"line":225,"column":4},"end":{"line":227,"column":5}},{"start":{"line":225,"column":4},"end":{"line":227,"column":5}}],"line":225},"14":{"loc":{"start":{"line":228,"column":4},"end":{"line":230,"column":5}},"type":"if","locations":[{"start":{"line":228,"column":4},"end":{"line":230,"column":5}},{"start":{"line":228,"column":4},"end":{"line":230,"column":5}}],"line":228},"15":{"loc":{"start":{"line":247,"column":19},"end":{"line":247,"column":49}},"type":"binary-expr","locations":[{"start":{"line":247,"column":19},"end":{"line":247,"column":36}},{"start":{"line":247,"column":40},"end":{"line":247,"column":49}}],"line":247},"16":{"loc":{"start":{"line":251,"column":4},"end":{"line":253,"column":5}},"type":"if","locations":[{"start":{"line":251,"column":4},"end":{"line":253,"column":5}},{"start":{"line":251,"column":4},"end":{"line":253,"column":5}}],"line":251},"17":{"loc":{"start":{"line":269,"column":4},"end":{"line":272,"column":5}},"type":"if","locations":[{"start":{"line":269,"column":4},"end":{"line":272,"column":5}},{"start":{"line":269,"column":4},"end":{"line":272,"column":5}}],"line":269},"18":{"loc":{"start":{"line":280,"column":4},"end":{"line":282,"column":5}},"type":"if","locations":[{"start":{"line":280,"column":4},"end":{"line":282,"column":5}},{"start":{"line":280,"column":4},"end":{"line":282,"column":5}}],"line":280},"19":{"loc":{"start":{"line":283,"column":4},"end":{"line":285,"column":5}},"type":"if","locations":[{"start":{"line":283,"column":4},"end":{"line":285,"column":5}},{"start":{"line":283,"column":4},"end":{"line":285,"column":5}}],"line":283},"20":{"loc":{"start":{"line":354,"column":6},"end":{"line":369,"column":7}},"type":"if","locations":[{"start":{"line":354,"column":6},"end":{"line":369,"column":7}},{"start":{"line":354,"column":6},"end":{"line":369,"column":7}}],"line":354},"21":{"loc":{"start":{"line":363,"column":8},"end":{"line":368,"column":9}},"type":"if","locations":[{"start":{"line":363,"column":8},"end":{"line":368,"column":9}},{"start":{"line":363,"column":8},"end":{"line":368,"column":9}}],"line":363},"22":{"loc":{"start":{"line":363,"column":12},"end":{"line":363,"column":70}},"type":"binary-expr","locations":[{"start":{"line":363,"column":12},"end":{"line":363,"column":30}},{"start":{"line":363,"column":34},"end":{"line":363,"column":70}}],"line":363},"23":{"loc":{"start":{"line":424,"column":4},"end":{"line":424,"column":21}},"type":"default-arg","locations":[{"start":{"line":424,"column":11},"end":{"line":424,"column":21}}],"line":424},"24":{"loc":{"start":{"line":425,"column":4},"end":{"line":425,"column":14}},"type":"default-arg","locations":[{"start":{"line":425,"column":12},"end":{"line":425,"column":14}}],"line":425},"25":{"loc":{"start":{"line":426,"column":4},"end":{"line":426,"column":12}},"type":"default-arg","locations":[{"start":{"line":426,"column":11},"end":{"line":426,"column":12}}],"line":426},"26":{"loc":{"start":{"line":427,"column":4},"end":{"line":427,"column":17}},"type":"default-arg","locations":[{"start":{"line":427,"column":13},"end":{"line":427,"column":17}}],"line":427},"27":{"loc":{"start":{"line":429,"column":4},"end":{"line":439,"column":5}},"type":"if","locations":[{"start":{"line":429,"column":4},"end":{"line":439,"column":5}},{"start":{"line":429,"column":4},"end":{"line":439,"column":5}}],"line":429},"28":{"loc":{"start":{"line":429,"column":8},"end":{"line":429,"column":24}},"type":"binary-expr","locations":[{"start":{"line":429,"column":8},"end":{"line":429,"column":14}},{"start":{"line":429,"column":18},"end":{"line":429,"column":24}}],"line":429},"29":{"loc":{"start":{"line":457,"column":4},"end":{"line":457,"column":21}},"type":"default-arg","locations":[{"start":{"line":457,"column":11},"end":{"line":457,"column":21}}],"line":457},"30":{"loc":{"start":{"line":458,"column":4},"end":{"line":458,"column":14}},"type":"default-arg","locations":[{"start":{"line":458,"column":12},"end":{"line":458,"column":14}}],"line":458},"31":{"loc":{"start":{"line":459,"column":4},"end":{"line":459,"column":12}},"type":"default-arg","locations":[{"start":{"line":459,"column":11},"end":{"line":459,"column":12}}],"line":459},"32":{"loc":{"start":{"line":463,"column":4},"end":{"line":471,"column":5}},"type":"if","locations":[{"start":{"line":463,"column":4},"end":{"line":471,"column":5}},{"start":{"line":463,"column":4},"end":{"line":471,"column":5}}],"line":463},"33":{"loc":{"start":{"line":467,"column":11},"end":{"line":471,"column":5}},"type":"if","locations":[{"start":{"line":467,"column":11},"end":{"line":471,"column":5}},{"start":{"line":467,"column":11},"end":{"line":471,"column":5}}],"line":467},"34":{"loc":{"start":{"line":478,"column":4},"end":{"line":480,"column":5}},"type":"if","locations":[{"start":{"line":478,"column":4},"end":{"line":480,"column":5}},{"start":{"line":478,"column":4},"end":{"line":480,"column":5}}],"line":478},"35":{"loc":{"start":{"line":481,"column":4},"end":{"line":485,"column":5}},"type":"if","locations":[{"start":{"line":481,"column":4},"end":{"line":485,"column":5}},{"start":{"line":481,"column":4},"end":{"line":485,"column":5}}],"line":481},"36":{"loc":{"start":{"line":503,"column":6},"end":{"line":511,"column":7}},"type":"if","locations":[{"start":{"line":503,"column":6},"end":{"line":511,"column":7}},{"start":{"line":503,"column":6},"end":{"line":511,"column":7}}],"line":503},"37":{"loc":{"start":{"line":504,"column":8},"end":{"line":508,"column":9}},"type":"if","locations":[{"start":{"line":504,"column":8},"end":{"line":508,"column":9}},{"start":{"line":504,"column":8},"end":{"line":508,"column":9}}],"line":504}},"s":{"0":1,"1":1,"2":1,"3":1,"4":2,"5":7,"6":7,"7":7,"8":0,"9":0,"10":0,"11":0,"12":0,"13":0,"14":0,"15":0,"16":0,"17":12,"18":12,"19":4,"20":4,"21":4,"22":4,"23":0,"24":6,"25":6,"26":6,"27":6,"28":0,"29":0,"30":0,"31":6,"32":5,"33":5,"34":5,"35":17,"36":3,"37":17,"38":5,"39":17,"40":5,"41":5,"42":5,"43":0,"44":4,"45":4,"46":4,"47":3,"48":1,"49":1,"50":0,"51":11,"52":11,"53":11,"54":11,"55":11,"56":11,"57":0,"58":0,"59":4,"60":4,"61":4,"62":4,"63":4,"64":4,"65":0,"66":4,"67":0,"68":0,"69":7,"70":7,"71":7,"72":7,"73":7,"74":7,"75":7,"76":0,"77":7,"78":7,"79":7,"80":4,"81":4,"82":0,"83":4,"84":3,"85":3,"86":3,"87":3,"88":3,"89":3,"90":3,"91":3,"92":3,"93":0,"94":3,"95":3,"96":3,"97":3,"98":0,"99":0,"100":0,"101":0,"102":0,"103":7,"104":7,"105":7,"106":7,"107":7,"108":7,"109":0,"110":0,"111":0,"112":0,"113":4,"114":4,"115":4,"116":4,"117":1,"118":1,"119":1,"120":1,"121":3,"122":3,"123":3,"124":3,"125":3,"126":3,"127":0,"128":0,"129":1,"130":1,"131":1,"132":0,"133":3,"134":3,"135":3,"136":3,"137":3,"138":0,"139":3,"140":3,"141":0,"142":0,"143":3,"144":2,"145":1,"146":1,"147":3,"148":3,"149":3,"150":3,"151":1,"152":3,"153":0,"154":0,"155":0,"156":0,"157":0,"158":0,"159":0,"160":0,"161":0,"162":0,"163":0,"164":0,"165":0,"166":0,"167":0,"168":0,"169":0,"170":0,"171":0,"172":1},"f":{"0":2,"1":7,"2":0,"3":12,"4":4,"5":6,"6":6,"7":5,"8":17,"9":17,"10":4,"11":11,"12":4,"13":7,"14":4,"15":3,"16":0,"17":7,"18":4,"19":1,"20":3,"21":3,"22":3,"23":0,"24":0,"25":0},"b":{"0":[0,0],"1":[6],"2":[6],"3":[6,0],"4":[0,6],"5":[0,0],"6":[3,14],"7":[3,1],"8":[4,3],"9":[1,0],"10":[1,1],"11":[0,4],"12":[7,0],"13":[7,0],"14":[0,7],"15":[4,0],"16":[0,4],"17":[3,0],"18":[3,0],"19":[0,3],"20":[1,3],"21":[3,0],"22":[3,3],"23":[2],"24":[2],"25":[2],"26":[2],"27":[3,0],"28":[3,2],"29":[0],"30":[0],"31":[0],"32":[2,1],"33":[1,0],"34":[3,0],"35":[1,2],"36":[0,0],"37":[0,0]},"_coverageSchema":"332fd63041d2c1bcb487cc26dd0d5f7d97098a6c","hash":"37cf1a62d7a56734fe40c024a4607a3253db601e","contentHash":"730f24f78d0f96f7266d99d3951d256f_11.6.0"},"/Users/amachhab/Documents/code/inquire-v2/src/services/feedback/feedback.service.js":{"path":"/Users/amachhab/Documents/code/inquire-v2/src/services/feedback/feedback.service.js","statementMap":{"0":{"start":{"line":2,"column":22},"end":{"line":2,"column":50}},"1":{"start":{"line":3,"column":20},"end":{"line":3,"column":58}},"2":{"start":{"line":4,"column":14},"end":{"line":4,"column":41}},"3":{"start":{"line":6,"column":0},"end":{"line":23,"column":2}},"4":{"start":{"line":7,"column":16},"end":{"line":7,"column":32}},"5":{"start":{"line":8,"column":19},"end":{"line":8,"column":38}},"6":{"start":{"line":10,"column":18},"end":{"line":14,"column":3}},"7":{"start":{"line":17,"column":2},"end":{"line":17,"column":47}},"8":{"start":{"line":20,"column":18},"end":{"line":20,"column":41}},"9":{"start":{"line":22,"column":2},"end":{"line":22,"column":23}}},"fnMap":{"0":{"name":"(anonymous_0)","decl":{"start":{"line":6,"column":17},"end":{"line":6,"column":18}},"loc":{"start":{"line":6,"column":31},"end":{"line":23,"column":1}},"line":6}},"branchMap":{},"s":{"0":1,"1":1,"2":1,"3":1,"4":1,"5":1,"6":1,"7":1,"8":1,"9":1},"f":{"0":1},"b":{},"_coverageSchema":"332fd63041d2c1bcb487cc26dd0d5f7d97098a6c","hash":"7f1788b4387b6da3403c4d15df2eaaeddb714c19","contentHash":"de99750f1ba7c1a78b3dd3f523538fee_11.6.0"},"/Users/amachhab/Documents/code/inquire-v2/src/models/feedback.model.js":{"path":"/Users/amachhab/Documents/code/inquire-v2/src/models/feedback.model.js","statementMap":{"0":{"start":{"line":5,"column":0},"end":{"line":28,"column":2}},"1":{"start":{"line":6,"column":25},"end":{"line":6,"column":50}},"2":{"start":{"line":7,"column":21},"end":{"line":7,"column":35}},"3":{"start":{"line":8,"column":25},"end":{"line":25,"column":4}},"4":{"start":{"line":27,"column":2},"end":{"line":2
[...]
8a6c","hash":"2be9521ad131fa703d2f8dccf6ec135f478cf368","contentHash":"0522bc25be559865c639eabc28a9d25e_11.6.0"},"/Users/amachhab/Documents/code/inquire-v2/src/services/botkit/skills/question.js":{"path":"/Users/amachhab/Documents/code/inquire-v2/src/services/botkit/skills/question.js","statementMap":{"0":{"start":{"line":1,"column":15},"end":{"line":1,"column":42}},"1":{"start":{"line":2,"column":11},"end":{"line":2,"column":24}},"2":{"start":{"line":3,"column":13},"end":{"line":3,"column":28}},"3":{"start":{"line":9,"column":4},"end":{"line":9,"column":37}},"4":{"start":{"line":12,"column":16},"end":{"line":15,"column":1}},"5":{"start":{"line":17,"column":0},"end":{"line":257,"column":2}},"6":{"start":{"line":20,"column":15},"end":{"line":20,"column":25}},"7":{"start":{"line":22,"column":15},"end":{"line":22,"column":27}},"8":{"start":{"line":24,"column":15},"end":{"line":24,"column":110}},"9":{"start":{"line":26,"column":30},"end":{"line":26,"column":125}},"10":{"start":{"line":28,"column":15},"end":{"line":28,"column":40}},"11":{"start":{"line":29,"column":15},"end":{"line":29,"column":52}},"12":{"start":{"line":31,"column":19},"end":{"line":31,"column":72}},"13":{"start":{"line":33,"column":19},"end":{"line":33,"column":149}},"14":{"start":{"line":35,"column":26},"end":{"line":35,"column":156}},"15":{"start":{"line":38,"column":2},"end":{"line":162,"column":5}},"16":{"start":{"line":39,"column":4},"end":{"line":39,"column":52}},"17":{"start":{"line":41,"column":4},"end":{"line":44,"column":5}},"18":{"start":{"line":42,"column":6},"end":{"line":42,"column":37}},"19":{"start":{"line":43,"column":6},"end":{"line":43,"column":23}},"20":{"start":{"line":43,"column":17},"end":{"line":43,"column":23}},"21":{"start":{"line":46,"column":4},"end":{"line":46,"column":40}},"22":{"start":{"line":47,"column":15},"end":{"line":47,"column":72}},"23":{"start":{"line":49,"column":4},"end":{"line":59,"column":5}},"24":{"start":{"line":50,"column":6},"end":{"line":50,"column":38}},"25":{"start":{"line":51,"column":6},"end":{"line":57,"column":27}},"26":{"start":{"line":58,"column":6},"end":{"line":58,"column":32}},"27":{"start":{"line":60,"column":4},"end":{"line":161,"column":5}},"28":{"start":{"line":61,"column":6},"end":{"line":61,"column":59}},"29":{"start":{"line":62,"column":6},"end":{"line":106,"column":11}},"30":{"start":{"line":65,"column":10},"end":{"line":65,"column":40}},"31":{"start":{"line":66,"column":27},"end":{"line":66,"column":44}},"32":{"start":{"line":67,"column":27},"end":{"line":67,"column":44}},"33":{"start":{"line":69,"column":12},"end":{"line":69,"column":69}},"34":{"start":{"line":70,"column":31},"end":{"line":70,"column":61}},"35":{"start":{"line":72,"column":12},"end":{"line":73,"column":62}},"36":{"start":{"line":74,"column":32},"end":{"line":81,"column":12}},"37":{"start":{"line":82,"column":10},"end":{"line":93,"column":12}},"38":{"start":{"line":90,"column":14},"end":{"line":90,"column":41}},"39":{"start":{"line":90,"column":23},"end":{"line":90,"column":41}},"40":{"start":{"line":91,"column":14},"end":{"line":91,"column":55}},"41":{"start":{"line":95,"column":28},"end":{"line":95,"column":79}},"42":{"start":{"line":96,"column":10},"end":{"line":96,"column":41}},"43":{"start":{"line":97,"column":10},"end":{"line":99,"column":13}},"44":{"start":{"line":102,"column":10},"end":{"line":102,"column":28}},"45":{"start":{"line":103,"column":10},"end":{"line":105,"column":13}},"46":{"start":{"line":108,"column":6},"end":{"line":118,"column":7}},"47":{"start":{"line":109,"column":26},"end":{"line":109,"column":57}},"48":{"start":{"line":110,"column":8},"end":{"line":110,"column":38}},"49":{"start":{"line":111,"column":8},"end":{"line":111,"column":38}},"50":{"start":{"line":112,"column":8},"end":{"line":112,"column":47}},"51":{"start":{"line":113,"column":13},"end":{"line":118,"column":7}},"52":{"start":{"line":114,"column":26},"end":{"line":114,"column":64}},"53":{"start":{"line":115,"column":8},"end":{"line":115,"column":38}},"54":{"start":{"line":116,"column":8},"end":{"line":116,"column":38}},"55":{"start":{"line":117,"column":8},"end":{"line":117,"column":47}},"56":{"start":{"line":120,"column":6},"end":{"line":160,"column":11}},"57":{"start":{"line":123,"column":10},"end":{"line":152,"column":11}},"58":{"start":{"line":124,"column":31},"end":{"line":124,"column":43}},"59":{"start":{"line":125,"column":29},"end":{"line":125,"column":53}},"60":{"start":{"line":126,"column":29},"end":{"line":126,"column":57}},"61":{"start":{"line":127,"column":30},"end":{"line":131,"column":14}},"62":{"start":{"line":132,"column":36},"end":{"line":136,"column":14}},"63":{"start":{"line":137,"column":12},"end":{"line":139,"column":15}},"64":{"start":{"line":140,"column":12},"end":{"line":146,"column":15}},"65":{"start":{"line":141,"column":14},"end":{"line":141,"column":45}},"66":{"start":{"line":141,"column":25},"end":{"line":141,"column":45}},"67":{"start":{"line":142,"column":14},"end":{"line":145,"column":17}},"68":{"start":{"line":148,"column":27},"end":{"line":148,"column":78}},"69":{"start":{"line":149,"column":12},"end":{"line":151,"column":15}},"70":{"start":{"line":155,"column":10},"end":{"line":155,"column":28}},"71":{"start":{"line":156,"column":25},"end":{"line":156,"column":77}},"72":{"start":{"line":157,"column":10},"end":{"line":159,"column":13}},"73":{"start":{"line":165,"column":2},"end":{"line":178,"column":4}},"74":{"start":{"line":169,"column":17},"end":{"line":169,"column":74}},"75":{"start":{"line":170,"column":19},"end":{"line":170,"column":36}},"76":{"start":{"line":171,"column":22},"end":{"line":173,"column":57}},"77":{"start":{"line":174,"column":6},"end":{"line":176,"column":9}},"78":{"start":{"line":181,"column":2},"end":{"line":213,"column":4}},"79":{"start":{"line":185,"column":6},"end":{"line":211,"column":11}},"80":{"start":{"line":189,"column":21},"end":{"line":189,"column":78}},"81":{"start":{"line":190,"column":23},"end":{"line":190,"column":40}},"82":{"start":{"line":191,"column":10},"end":{"line":203,"column":11}},"83":{"start":{"line":192,"column":12},"end":{"line":192,"column":74}},"84":{"start":{"line":193,"column":12},"end":{"line":200,"column":15}},"85":{"start":{"line":194,"column":14},"end":{"line":196,"column":54}},"86":{"start":{"line":197,"column":14},"end":{"line":199,"column":15}},"87":{"start":{"line":198,"column":16},"end":{"line":198,"column":58}},"88":{"start":{"line":202,"column":12},"end":{"line":202,"column":75}},"89":{"start":{"line":204,"column":10},"end":{"line":210,"column":13}},"90":{"start":{"line":205,"column":12},"end":{"line":205,"column":43}},"91":{"start":{"line":205,"column":23},"end":{"line":205,"column":43}},"92":{"start":{"line":206,"column":12},"end":{"line":209,"column":15}},"93":{"start":{"line":215,"column":22},"end":{"line":219,"column":3}},"94":{"start":{"line":216,"column":4},"end":{"line":218,"column":6}},"95":{"start":{"line":221,"column":2},"end":{"line":242,"column":5}},"96":{"start":{"line":222,"column":4},"end":{"line":240,"column":5}},"97":{"start":{"line":223,"column":20},"end":{"line":223,"column":65}},"98":{"start":{"line":224,"column":6},"end":{"line":237,"column":7}},"99":{"start":{"line":225,"column":22},"end":{"line":225,"column":52}},"100":{"start":{"line":226,"column":8},"end":{"line":236,"column":10}},"101":{"start":{"line":229,"column":12},"end":{"line":230,"column":78}},"102":{"start":{"line":230,"column":14},"end":{"line":230,"column":78}},"103":{"start":{"line":231,"column":12},"end":{"line":234,"column":15}},"104":{"start":{"line":239,"column":6},"end":{"line":239,"column":68}},"105":{"start":{"line":241,"column":4},"end":{"line":241,"column":48}},"106":{"start":{"line":243,"column":2},"end":{"line":246,"column":5}},"107":{"start":{"line":244,"column":4},"end":{"line":244,"column":44}},"108":{"start":{"line":245,"column":4},"end":{"line":245,"column":46}},"109":{"start":{"line":248,"column":2},"end":{"line":251,"column":5}},"110":{"start":{"line":249,"column":4},"end":{"line":249,"column":51}},"111":{"start":{"line":250,"column":4},"end":{"line":250,"column":44}},"112":{"start":{"line":253,"column":2},"end":{"line":256,"column":5}},"113":{"start":{"line":254,"column":4},"end":{"line":254,"column":50}},"114":{"start":{"line":255,"column":4},"end":{"line":255,"column":45}}},"fnMap":{"0":{"name":"(anonymous_0)","decl":{"start":{"line":17,"column":17},"end":{"line":17,"column":18}},"loc":{"start":{"line":17,"column":38},"end":{"line":257,"column":1}},"line":17},"1":{"name":"(anonymous_1)","decl":{"start":{"line":38,"column":34},"end":{"line":38,"column":35}},"loc":{"start":{"line":38,"column":57},"end":{"line":162,"column":3}},"line":38},"2":{"name":"(anonymous_2)","decl":{"start":{"line":64,"column":14},"end":{"line":64,"column":15}},"loc":{"start":{"line":64,"column":39},"end":{"line":100,"column":9}},"line":64},"3":{"name":"(anonymous_3)","decl":{"start":{"line":89,"column":12},"end":{"line":89,"column":13}},"loc":{"start":{"line":89,"column":30},"end":{"line":92,"column":13}},"line":89},"4":{"name":"(anonymous_4)","decl":{"start":{"line":101,"column":15},"end":{"line":101,"column":16}},"loc":{"start":{"line":101,"column":22},"end":{"line":106,"column":9}},"line":101},"5":{"name":"(anonymous_5)","decl":{"start":{"line":122,"column":14},"end":{"line":122,"column":15}},"loc":{"start":{"line":122,"column":24},"end":{"line":153,"column":9}},"line":122},"6":{"name":"(anonymous_6)","decl":{"start":{"line":140,"column":50},"end":{"line":140,"column":51}},"loc":{"start":{"line":140,"column":68},"end":{"line":146,"column":13}},"line":140},"7":{"name":"(anonymous_7)","decl":{"start":{"line":154,"column":15},"end":{"line":154,"column":16}},"loc":{"start":{"line":154,"column":22},"end":{"line":160,"column":9}},"line":154},"8":{"name":"(anonymous_8)","decl":{"start":{"line":168,"column":4},"end":{"line":168,"column":5}},"loc":{"start":{"line":168,"column":27},"end":{"line":177,"column":5}},"line":168},"9":{"name":"(anonymous_9)","decl":{"start":{"line":184,"column":4},"end":{"line":184,"column":5}},"loc":{"start":{"line":184,"column":27},"end":{"line":212,"column":5}},"line":184},"10":{"name":"(anonymous_10)","decl":{"start":{"line":187,"column":14},"end":{"line":187,"column":15}},"loc":{"start":{"line":187,"column":26},"end":{"line":211,"column":9}},"line":187},"11":{"name":"(anonymous_11)","decl":{"start":{"line":193,"column":34},"end":{"line":193,"column":35}},"loc":{"start":{"line":193,"column":50},"end":{"line":200,"column":13}},"line":193},"12":{"name":"(anonymous_12)","decl":{"start":{"line":204,"column":48},"end":{"line":204,"column":49}},"loc":{"start":{"line":204,"column":66},"end":{"line":210,"column":11}},"line":204},"13":{"name":"(anonymous_13)","decl":{"start":{"line":215,"column":22},"end":{"line":215,"column":23}},"loc":{"start":{"line":215,"column":31},"end":{"line":219,"column":3}},"line":215},"14":{"name":"(anonymous_14)","decl":{"start":{"line":221,"column":35},"end":{"line":221,"column":36}},"loc":{"start":{"line":221,"column":62},"end":{"line":242,"column":3}},"line":221},"15":{"name":"(anonymous_15)","decl":{"start":{"line":228,"column":10},"end":{"line":228,"column":11}},"loc":{"start":{"line":228,"column":26},"end":{"line":235,"column":11}},"line":228},"16":{"name":"(anonymous_16)","decl":{"start":{"line":243,"column":36},"end":{"line":243,"column":37}},"loc":{"start":{"line":243,"column":57},"end":{"line":246,"column":3}},"line":243},"17":{"name":"(anonymous_17)","decl":{"start":{"line":248,"column":34},"end":{"line":248,"column":35}},"loc":{"start":{"line":248,"column":55},"end":{"line":251,"column":3}},"line":248},"18":{"name":"(anonymous_18)","decl":{"start":{"line":253,"column":35},"end":{"line":253,"column":36}},"loc":{"start":{"line":253,"column":56},"end":{"line":256,"column":3}},"line":253}},"branchMap":{"0":{"loc":{"start":{"line":43,"column":6},"end":{"line":43,"column":23}},"type":"if","locations":[{"start":{"line":43,"column":6},"end":{"line":43,"column":23}},{"start":{"line":43,"column":6},"end":{"line":43,"column":23}}],"line":43},"1":{"loc":{"start":{"line":49,"column":4},"end":{"line":59,"column":5}},"type":"if","locations":[{"start":{"line":49,"column":4},"end":{"line":59,"column":5}},{"start":{"line":49,"column":4},"end":{"line":59,"column":5}}],"line":49},"2":{"loc":{"start":{"line":60,"column":4},"end":{"line":161,"column":5}},"type":"if","locations":[{"start":{"line":60,"column":4},"end":{"line":161,"column":5}},{"start":{"line":60,"column":4},"end":{"line":161,"column":5}}],"line":60},"3":{"loc":{"start":{"line":70,"column":31},"end":{"line":70,"column":61}},"type":"binary-expr","locations":[{"start":{"line":70,"column":31},"end":{"line":70,"column":44}},{"start":{"line":70,"column":48},"end":{"line":70,"column":61}}],"line":70},"4":{"loc":{"start":{"line":72,"column":12},"end":{"line":73,"column":62}},"type":"binary-expr","locations":[{"start":{"line":72,"column":12},"end":{"line":72,"column":62}},{"start":{"line":73,"column":12},"end":{"line":73,"column":62}}],"line":72},"5":{"loc":{"start":{"line":90,"column":14},"end":{"line":90,"column":41}},"type":"if","locations":[{"start":{"line":90,"column":14},"end":{"line":90,"column":41}},{"start":{"line":90,"column":14},"end":{"line":90,"column":41}}],"line":90},"6":{"loc":{"start":{"line":108,"column":6},"end":{"line":118,"column":7}},"type":"if","locations":[{"start":{"line":108,"column":6},"end":{"line":118,"column":7}},{"start":{"line":108,"column":6},"end":{"line":118,"column":7}}],"line":108},"7":{"loc":{"start":{"line":113,"column":13},"end":{"line":118,"column":7}},"type":"if","locations":[{"start":{"line":113,"column":13},"end":{"line":118,"column":7}},{"start":{"line":113,"column":13},"end":{"line":118,"column":7}}],"line":113},"8":{"loc":{"start":{"line":123,"column":10},"end":{"line":152,"column":11}},"type":"if","locations":[{"start":{"line":123,"column":10},"end":{"line":152,"column":11}},{"start":{"line":123,"column":10},"end":{"line":152,"column":11}}],"line":123},"9":{"loc":{"start":{"line":126,"column":29},"end":{"line":126,"column":57}},"type":"binary-expr","locations":[{"start":{"line":126,"column":29},"end":{"line":126,"column":41}},{"start":{"line":126,"column":45},"end":{"line":126,"column":57}}],"line":126},"10":{"loc":{"start":{"line":141,"column":14},"end":{"line":141,"column":45}},"type":"if","locations":[{"start":{"line":141,"column":14},"end":{"line":141,"column":45}},{"start":{"line":141,"column":14},"end":{"line":141,"column":45}}],"line":141},"11":{"loc":{"start":{"line":191,"column":10},"end":{"line":203,"column":11}},"type":"if","locations":[{"start":{"line":191,"column":10},"end":{"line":203,"column":11}},{"start":{"line":191,"column":10},"end":{"line":203,"column":11}}],"line":191},"12":{"loc":{"start":{"line":197,"column":14},"end":{"line":199,"column":15}},"type":"if","locations":[{"start":{"line":197,"column":14},"end":{"line":199,"column":15}},{"start":{"line":197,"column":14},"end":{"line":199,"column":15}}],"line":197},"13":{"loc":{"start":{"line":205,"column":12},"end":{"line":205,"column":43}},"type":"if","locations":[{"start":{"line":205,"column":12},"end":{"line":205,"column":43}},{"start":{"line":205,"column":12},"end":{"line":205,"column":43}}],"line":205},"14":{"loc":{"start":{"line":224,"column":6},"end":{"line":237,"column":7}},"type":"if","locations":[{"start":{"line":224,"column":6},"end":{"line":237,"column":7}},{"start":{"line":224,"column":6},"end":{"line":237,"column":7}}],"line":224},"15":{"loc":{"start":{"line":229,"column":12},"end":{"line":230,"column":78}},"type":"if","locations":[{"start":{"line":229,"column":12},"end":{"line":230,"column":78}},{"start":{"line":229,"column":12},"end":{"line":230,"column":78}}],"line":229}},"s":{"0":1,"1":1,"2":1,"3":1,"4":1,"5":1,"6":1,"7":1,"8":1,"9":1,"10":1,"11":1,"12":1,"13":1,"14":1,"15":1,"16":0,"17":0,"18":0,"19":0,"20":0,"21":0,"22":0,"23":0,"24":0,"25":0,"26":0,"27":0,"28":0,"29":0,"30":0,"31":0,"32":0,"33":0,"34":0,"35":0,"36":0,"37":0,"38":0,"39":0,"40":0,"41":0,"42":0,"43":0,"44":0,"45":0,"46":0,"47":0,"48":0,"49":0,"50":0,"51":0,"52":0,"53":0,"54":0,"55":0,"56":0,"57":0,"58":0,"59":0,"60":0,"61":0,"62":0,"63":0,"64":0,"65":0,"66":0,"67":0,"68":0,"69":0,"70":0,"71":0,"72":0,"73":1,"74":0,"75":0,"76":0,"77":0,"78":1,"79":0,"80":0,"81":0,"82":0,"83":0,"84":0,"85":0,"86":0,"87":0,"88":0,"89":0,"90":0,"91":0,"92":0,"93":1,"94":0,"95":1,"96":0,"97":0,"98":0,"99":0,"100":0,"101":0,"102":0,"103":0,"104":0,"105":0,"106":1,"107":0,"108":0,"109":1,"110":0,"111":0,"112":1,"113":0,"114":0},"f":{"0":1,"1":0,"2":0,"3":0,"4":0,"5":0,"6":0,"7":0,"8":0,"9":0,"10":0,"11":0,"12":0,"13":0,"14":0,"15":0,"16":0,"17":0,"18":0},"b":{"0":[0,0],"1":[0,0],"2":[0,0],"3":[0,0],"4":[0,0],"5":[0,0],"6":[0,0],"7":[0,0],"8":[0,0],"9":[0,0],"10":[0,0],"11":[0,0],"12":[0,0],"13":[0,0],"14":[0,0],"15":[0,0]},"_coverageSchema":"332fd63041d2c1bcb487cc26dd0d5f7d97098a6c","hash":"3897037e5d56c3c4a8b93acfb71ec8279e8270fb","contentHash":"a3bb39f09f55f47969ce82530dcc71de_11.6.0"},"/Users/amachhab/Documents/code/inquire-v2/src/services/botkit/skills/sticky.js":{"path":"/Users/amachhab/Documents/code/inquire-v2/src/services/botkit/skills/sticky.js","statementMap":{"0":{"start":{"line":1,"column":15},"end":{"line":1,"column":33}},"1":{"start":{"line":2,"column":14},"end":{"line":2,"column":30}},"2":{"start":{"line":3,"column":17},"end":{"line":3,"column":44}},"3":{"start":{"line":5,"column":14},"end":{"line":5,"column":43}},"4":{"start":{"line":6,"column":20},"end":{"line":6,"column":50}},"5":{"start":{"line":8,"column":24},"end":{"line":16,"column":1}},"6":{"start":{"line":18,"column":0},"end":{"line":42,"column":2}},"7":{"start":{"line":19,"column":2},"end":{"line":41,"column":5}},"8":{"start":{"line":20,"column":4},"end":{"line":25,"column":5}},"9":{"start":{"line":21,"column":21},"end":{"line":21,"column":51}},"10":{"start":{"line":22,"column":6},"end":{"line":22,"column":31}},"11":{"start":{"line":24,"column":6},"end":{"line":24,"column":34}},"12":{"start":{"line":26,"column":17},"end":{"line":26,"column":29}},"13":{"start":{"line":27,"column":4},"end":{"line":27,"column":51}},"14":{"start":{"line":28,"column":19},"end":{"line":28,"column":65}},"15":{"start":{"line":29,"column":16},"end":{"line":29,"column":18}},"16":{"start":{"line":30,"column":4},"end":{"line":39,"column":5}},"17":{"start":{"line":31,"column":6},"end":{"line":36,"column":7}},"18":{"start":{"line":32,"column":8},"end":{"line":32,"column":53}},"19":{"start":{"line":33,"column":8},"end":{"line":33,"column":48}},"20":{"start":{"line":35,"column":8},"end":{"line":35,"column":50}},"21":{"start":{"line":38,"column":6},"end":{"line":38,"column":76}},"22":{"start":{"line":40,"column":4},"end":{"line":40,"column":30}}},"fnMap":{"0":{"name":"(anonymous_0)","decl":{"start":{"line":18,"column":17},"end":{"line":18,"column":18}},"loc":{"start":{"line":18,"column":38},"end":{"line":42,"column":1}},"line":18},"1":{"name":"(anonymous_1)","decl":{"start":{"line":19,"column":52},"end":{"line":19,"column":53}},"loc":{"start":{"line":19,"column":76},"end":{"line":41,"column":3}},"line":19}},"branchMap":{"0":{"loc":{"start":{"line":20,"column":4},"end":{"line":25,"column":5}},"type":"if","locations":[{"start":{"line":20,"column":4},"end":{"line":25,"column":5}},{"start":{"line":20,"column":4},"end":{"line":25,"column":5}}],"line":20},"1":{"loc":{"start":{"line":30,"column":4},"end":{"line":39,"column":5}},"type":"if","locations":[{"start":{"line":30,"column":4},"end":{"line":39,"column":5}},{"start":{"line":30,"column":4},"end":{"line":39,"column":5}}],"line":30}},"s":{"0":1,"1":1,"2":1,"3":1,"4":1,"5":1,"6":1,"7":1,"8":0,"9":0,"10":0,"11":0,"12":0,"13":0,"14":0,"15":0,"16":0,"17":0,"18":0,"19":0,"20":0,"21":0,"22":0},"f":{"0":1,"1":0},"b":{"0":[0,0],"1":[0,0]},"_coverageSchema":"332fd63041d2c1bcb487cc26dd0d5f7d97098a6c","hash":"6e0fdf933516e1e6fc181f80c72bdc07e535944c","contentHash":"99781c4d159525ede64eebe1f78aa8bb_11.6.0"}}